2023-09-11 17:58:08,855 [INFO] Activator:176 - 


2023-09-11 17:58:08,857 [INFO] Activator:177 - !SESSION log4j initialized
2023-09-11 17:58:12,788 [INFO] LogOutputStream:77 - [STDOUT_REDIRECT] 
2023-09-11 17:58:34,223 [ERROR] LogOutputStream:75 - [STDERR_REDIRECT] SLF4J: Failed to load class "org.slf4j.impl.StaticLoggerBinder".
2023-09-11 17:58:34,224 [ERROR] LogOutputStream:75 - [STDERR_REDIRECT] SLF4J: Defaulting to no-operation (NOP) logger implementation
2023-09-11 17:58:34,225 [ERROR] LogOutputStream:75 - [STDERR_REDIRECT] SLF4J: See http://www.slf4j.org/codes.html#StaticLoggerBinder for further details.
2023-09-11 18:00:07,344 [INFO] ApplicationProperties:184 - Using Application install path: C:\ST\STM32CubeIDE_1.12.0\STM32CubeIDE\plugins\com.st.stm32cube.common.mx_6.8.0.202302231600
2023-09-11 18:00:07,360 [INFO] DbMcusXml:78 - Set database path to: C:\ST\STM32CubeIDE_1.12.0\STM32CubeIDE\plugins\com.st.stm32cube.common.mx_6.8.0.202302231600\\db\/mcu/
2023-09-11 18:00:07,360 [INFO] ApiDb:274 - Set plugin database path to: C:\ST\STM32CubeIDE_1.12.0\STM32CubeIDE\plugins\com.st.stm32cube.common.mx_6.8.0.202302231600\\db\/plugins/boardmanager/
2023-09-11 18:00:07,362 [WARN] ApiDb:259 - Overriding images path with different value:  => C:\ST\STM32CubeIDE_1.12.0\STM32CubeIDE\plugins\com.st.stm32cube.common.mx_6.8.0.202302231600\\db\/plugins/mcufinder/images/
2023-09-11 18:00:08,537 [INFO] ApiDb:250 - Set database path to: C:\Users\Dmitrii\.stmcufinder\plugins\mcufinder//mcu/
2023-09-11 18:00:08,538 [INFO] DbMcusAds:125 - Set database path to: C:\Users\Dmitrii\.stmcufinder\plugins\mcufinder//mcu/
2023-09-11 18:00:08,542 [INFO] CrossReferenceDbSqlite:203 - Set database path to: C:\Users\Dmitrii\.stmcufinder\plugins\mcufinder//mcu/cs/
2023-09-11 18:00:08,624 [INFO] RulesReader:64 - Compatibility file has been processed (293 Rules)
2023-09-11 18:00:08,681 [INFO] DbMcusXml:78 - Set database path to: C:\ST\STM32CubeIDE_1.12.0\STM32CubeIDE\plugins\com.st.stm32cube.common.mx_6.8.0.202302231600\\db\/mcu/
2023-09-11 18:00:08,682 [INFO] ApiDb:274 - Set plugin database path to: C:\ST\STM32CubeIDE_1.12.0\STM32CubeIDE\plugins\com.st.stm32cube.common.mx_6.8.0.202302231600\\db\/plugins/boardmanager/
2023-09-11 18:00:08,682 [INFO] ApiDb:261 - Set plugin images path to: C:\ST\STM32CubeIDE_1.12.0\STM32CubeIDE\plugins\com.st.stm32cube.common.mx_6.8.0.202302231600\\db\/plugins/mcufinder/images/
2023-09-11 18:00:08,682 [WARN] DbFile:41 - Overriding database path with different value: C:\Users\Dmitrii\.stmcufinder\plugins\mcufinder/ => C:\Users\Dmitrii\.stmcufinder\plugins\mcufinder
2023-09-11 18:00:08,682 [INFO] ApiDb:250 - Set database path to: C:\Users\Dmitrii\.stmcufinder\plugins\mcufinder//mcu/
2023-09-11 18:00:08,682 [WARN] DbFile:41 - Overriding database path with different value: C:\Users\Dmitrii\.stmcufinder\plugins\mcufinder/ => C:\Users\Dmitrii\.stmcufinder\plugins\mcufinder
2023-09-11 18:00:08,682 [INFO] DbMcusAds:125 - Set database path to: C:\Users\Dmitrii\.stmcufinder\plugins\mcufinder//mcu/
2023-09-11 18:00:08,682 [WARN] DbFile:41 - Overriding database path with different value: C:\Users\Dmitrii\.stmcufinder\plugins\mcufinder/ => C:\Users\Dmitrii\.stmcufinder\plugins\mcufinder
2023-09-11 18:00:08,682 [WARN] DbFile:41 - Overriding database path with different value: C:\Users\Dmitrii\.stmcufinder\plugins\mcufinder/ => C:\Users\Dmitrii\.stmcufinder\plugins\mcufinder
2023-09-11 18:00:08,683 [INFO] CrossReferenceDbSqlite:203 - Set database path to: C:\Users\Dmitrii\.stmcufinder\plugins\mcufinder//mcu/cs/
2023-09-11 18:00:08,745 [INFO] MainPanel:253 - HeapMemory: 471859200
2023-09-11 18:00:08,833 [INFO] DbMcusXml:78 - Set database path to: C:\ST\STM32CubeIDE_1.12.0\STM32CubeIDE\plugins\com.st.stm32cube.common.mx_6.8.0.202302231600\\db\/mcu/
2023-09-11 18:00:08,833 [INFO] ApiDb:274 - Set plugin database path to: C:\ST\STM32CubeIDE_1.12.0\STM32CubeIDE\plugins\com.st.stm32cube.common.mx_6.8.0.202302231600\\db\/plugins/boardmanager/
2023-09-11 18:00:08,833 [INFO] ApiDb:261 - Set plugin images path to: C:\ST\STM32CubeIDE_1.12.0\STM32CubeIDE\plugins\com.st.stm32cube.common.mx_6.8.0.202302231600\\db\/plugins/mcufinder/images/
2023-09-11 18:00:08,833 [WARN] DbFile:41 - Overriding database path with different value: C:\Users\Dmitrii\.stmcufinder\plugins\mcufinder/ => C:\Users\Dmitrii\.stmcufinder\plugins\mcufinder
2023-09-11 18:00:08,833 [INFO] ApiDb:250 - Set database path to: C:\Users\Dmitrii\.stmcufinder\plugins\mcufinder//mcu/
2023-09-11 18:00:08,833 [WARN] DbFile:41 - Overriding database path with different value: C:\Users\Dmitrii\.stmcufinder\plugins\mcufinder/ => C:\Users\Dmitrii\.stmcufinder\plugins\mcufinder
2023-09-11 18:00:08,834 [INFO] DbMcusAds:125 - Set database path to: C:\Users\Dmitrii\.stmcufinder\plugins\mcufinder//mcu/
2023-09-11 18:00:08,834 [WARN] DbFile:41 - Overriding database path with different value: C:\Users\Dmitrii\.stmcufinder\plugins\mcufinder/ => C:\Users\Dmitrii\.stmcufinder\plugins\mcufinder
2023-09-11 18:00:08,834 [WARN] DbFile:41 - Overriding database path with different value: C:\Users\Dmitrii\.stmcufinder\plugins\mcufinder/ => C:\Users\Dmitrii\.stmcufinder\plugins\mcufinder
2023-09-11 18:00:08,834 [INFO] CrossReferenceDbSqlite:203 - Set database path to: C:\Users\Dmitrii\.stmcufinder\plugins\mcufinder//mcu/cs/
2023-09-11 18:00:08,848 [INFO] ApplicationProperties:184 - Using Application install path: C:\ST\STM32CubeIDE_1.12.0\STM32CubeIDE\plugins\com.st.stm32cube.common.mx_6.8.0.202302231600
2023-09-11 18:00:08,849 [INFO] PluginManage:196 - Search for loadable plugins [exclusion list=, ]
2023-09-11 18:00:08,851 [INFO] PluginManage:310 - Check plugin analytics
2023-09-11 18:00:09,002 [INFO] AnalyticsPlugin:253 - Accepted Software Licenses: 
2023-09-11 18:00:09,003 [INFO] AnalyticsPlugin:255 - Accepted CMSIS Pack Licenses: 
2023-09-11 18:00:09,003 [INFO] AnalyticsPlugin:257 - Accepted Firmware Licenses: 
2023-09-11 18:00:09,010 [INFO] PluginManage:359 - Loaded plugin analytics (category:tool,tabindex:-1)
2023-09-11 18:00:09,010 [INFO] PluginManage:310 - Check plugin cadmodel
2023-09-11 18:00:09,014 [INFO] CADModel:105 - Init CAD model plugin
2023-09-11 18:00:09,014 [INFO] PluginManage:359 - Loaded plugin cadmodel (category:power,tabindex:5)
2023-09-11 18:00:09,014 [INFO] PluginManage:310 - Check plugin clock
2023-09-11 18:00:09,023 [INFO] PluginManage:359 - Loaded plugin clock (category:base,tabindex:2)
2023-09-11 18:00:09,023 [INFO] PluginManage:310 - Check plugin ddr
2023-09-11 18:00:09,025 [INFO] PluginManage:359 - Loaded plugin ddr (category:tool,tabindex:6)
2023-09-11 18:00:09,025 [INFO] PluginManage:310 - Check plugin filemanager
2023-09-11 18:00:09,146 [INFO] PluginManage:359 - Loaded plugin filemanager (category:base,tabindex:10)
2023-09-11 18:00:09,146 [INFO] PluginManage:310 - Check plugin ipmanager
2023-09-11 18:00:09,153 [INFO] PluginManage:359 - Loaded plugin ipmanager (category:base,tabindex:5)
2023-09-11 18:00:09,153 [INFO] PluginManage:310 - Check plugin lpbam
2023-09-11 18:00:09,161 [INFO] PluginManage:359 - Loaded plugin lpbam (category:base,tabindex:0)
2023-09-11 18:00:09,161 [INFO] PluginManage:310 - Check plugin pinoutandconfiguration
2023-09-11 18:00:09,168 [INFO] PluginManage:359 - Loaded plugin pinoutandconfiguration (category:base,tabindex:1)
2023-09-11 18:00:09,168 [INFO] PluginManage:310 - Check plugin pinoutconfig
2023-09-11 18:00:09,225 [WARN] SupportedApi:132 - Cannot load RTOS API schema: s4s-elt-must-match.1: The content of 'definitions' must match (annotation?, (simpleType | complexType)?, (unique | key | keyref)*)). A problem was found starting at: attribute.
2023-09-11 18:00:09,359 [INFO] PluginManage:359 - Loaded plugin pinoutconfig (category:base,tabindex:0)
2023-09-11 18:00:09,360 [INFO] PluginManage:310 - Check plugin power
2023-09-11 18:00:09,366 [INFO] PluginManage:359 - Loaded plugin power (category:power,tabindex:4)
2023-09-11 18:00:09,366 [INFO] PluginManage:310 - Check plugin projectmanager
2023-09-11 18:00:09,379 [INFO] PluginManage:359 - Loaded plugin projectmanager (category:projectmanager,tabindex:3)
2023-09-11 18:00:09,380 [INFO] PluginManage:310 - Check plugin thirdparty
2023-09-11 18:00:09,508 [INFO] PluginManage:359 - Loaded plugin thirdparty (category:base,tabindex:-1)
2023-09-11 18:00:09,508 [WARN] IntegrityCheckThread:84 - waiting for thirdparty lock release [integrity check]
2023-09-11 18:00:09,509 [INFO] PluginManage:310 - Check plugin tools
2023-09-11 18:00:09,509 [INFO] IntegrityCheckThread:86 - entering critical section [integrity check]
2023-09-11 18:00:09,510 [INFO] ThirdPartyUpdaterWithRetryManager:70 - Updater plugin not ready yet. [1/15]
2023-09-11 18:00:09,511 [INFO] PluginManage:359 - Loaded plugin tools (category:base,tabindex:7)
2023-09-11 18:00:09,511 [INFO] PluginManage:310 - Check plugin tutovideos
2023-09-11 18:00:09,675 [INFO] PluginManage:359 - Loaded plugin tutovideos (category:base,tabindex:-1)
2023-09-11 18:00:09,675 [INFO] PluginManage:310 - Check plugin updater
2023-09-11 18:00:09,687 [INFO] PluginManage:359 - Loaded plugin updater (category:base,tabindex:12)
2023-09-11 18:00:09,688 [INFO] PluginManage:283 - PluginManage : Loaded plugins [15]
2023-09-11 18:00:09,878 [INFO] PinOutPanel:1499 - setPackage(No Configuration,No Configuration)
2023-09-11 18:00:09,934 [INFO] CADModel:165 - CPN selected for project level
2023-09-11 18:00:09,934 [INFO] CADModel:114 - Register for checkConnection events
2023-09-11 18:00:09,950 [INFO] IPUIPlugin:80 - create IPUIPlugin
2023-09-11 18:00:09,950 [INFO] PluginManager:220 - loadIPPluginJar : add adc
2023-09-11 18:00:09,953 [INFO] IPUIPlugin:80 - create IPUIPlugin
2023-09-11 18:00:09,953 [INFO] PluginManager:220 - loadIPPluginJar : add aes
2023-09-11 18:00:09,955 [INFO] IPUIPlugin:80 - create IPUIPlugin
2023-09-11 18:00:09,956 [INFO] PluginManager:220 - loadIPPluginJar : add can
2023-09-11 18:00:09,957 [INFO] IPUIPlugin:80 - create IPUIPlugin
2023-09-11 18:00:09,957 [INFO] PluginManager:220 - loadIPPluginJar : add comp
2023-09-11 18:00:09,960 [INFO] IPUIPlugin:80 - create IPUIPlugin
2023-09-11 18:00:09,960 [INFO] PluginManager:220 - loadIPPluginJar : add cryp
2023-09-11 18:00:09,962 [INFO] IPUIPlugin:80 - create IPUIPlugin
2023-09-11 18:00:09,963 [INFO] PluginManager:220 - loadIPPluginJar : add dfsdm
2023-09-11 18:00:09,969 [INFO] IPUIPlugin:80 - create IPUIPlugin
2023-09-11 18:00:09,969 [INFO] PluginManager:220 - loadIPPluginJar : add dma
2023-09-11 18:00:09,972 [INFO] IPUIPlugin:80 - create IPUIPlugin
2023-09-11 18:00:09,972 [INFO] PluginManager:220 - loadIPPluginJar : add dma3
2023-09-11 18:00:09,974 [INFO] IPUIPlugin:80 - create IPUIPlugin
2023-09-11 18:00:09,974 [INFO] PluginManager:220 - loadIPPluginJar : add fatfs
2023-09-11 18:00:09,980 [INFO] IPUIPlugin:80 - create IPUIPlugin
2023-09-11 18:00:09,980 [INFO] PluginManager:220 - loadIPPluginJar : add fmc
2023-09-11 18:00:09,986 [INFO] IPUIPlugin:80 - create IPUIPlugin
2023-09-11 18:00:09,986 [INFO] PluginManager:220 - loadIPPluginJar : add freertos
2023-09-11 18:00:09,988 [INFO] IPUIPlugin:80 - create IPUIPlugin
2023-09-11 18:00:09,988 [INFO] PluginManager:220 - loadIPPluginJar : add genericplugin
2023-09-11 18:00:09,990 [INFO] IPUIPlugin:80 - create IPUIPlugin
2023-09-11 18:00:09,990 [INFO] PluginManager:220 - loadIPPluginJar : add gfxmmu
2023-09-11 18:00:09,998 [INFO] IPUIPlugin:80 - create IPUIPlugin
2023-09-11 18:00:09,998 [INFO] PluginManager:220 - loadIPPluginJar : add gic
2023-09-11 18:00:10,003 [INFO] IPUIPlugin:80 - create IPUIPlugin
2023-09-11 18:00:10,003 [INFO] PluginManager:220 - loadIPPluginJar : add gpio
2023-09-11 18:00:10,006 [INFO] IPUIPlugin:80 - create IPUIPlugin
2023-09-11 18:00:10,006 [INFO] PluginManager:220 - loadIPPluginJar : add gtzc
2023-09-11 18:00:10,018 [INFO] IPUIPlugin:80 - create IPUIPlugin
2023-09-11 18:00:10,018 [INFO] PluginManager:220 - loadIPPluginJar : add hash
2023-09-11 18:00:10,021 [INFO] IPUIPlugin:80 - create IPUIPlugin
2023-09-11 18:00:10,021 [INFO] PluginManager:220 - loadIPPluginJar : add i2c
2023-09-11 18:00:10,024 [INFO] IPUIPlugin:80 - create IPUIPlugin
2023-09-11 18:00:10,024 [INFO] PluginManager:220 - loadIPPluginJar : add i2s
2023-09-11 18:00:10,027 [INFO] IPUIPlugin:80 - create IPUIPlugin
2023-09-11 18:00:10,027 [INFO] PluginManager:220 - loadIPPluginJar : add i3c
2023-09-11 18:00:10,031 [INFO] IPUIPlugin:80 - create IPUIPlugin
2023-09-11 18:00:10,031 [INFO] PluginManager:220 - loadIPPluginJar : add ipddr
2023-09-11 18:00:10,038 [INFO] IPUIPlugin:80 - create IPUIPlugin
2023-09-11 18:00:10,038 [INFO] PluginManager:220 - loadIPPluginJar : add linkedlist
2023-09-11 18:00:10,041 [INFO] IPUIPlugin:80 - create IPUIPlugin
2023-09-11 18:00:10,042 [INFO] PluginManager:220 - loadIPPluginJar : add lorawan
2023-09-11 18:00:10,043 [INFO] IPUIPlugin:80 - create IPUIPlugin
2023-09-11 18:00:10,044 [INFO] PluginManager:220 - loadIPPluginJar : add ltdc
2023-09-11 18:00:10,050 [INFO] IPUIPlugin:80 - create IPUIPlugin
2023-09-11 18:00:10,050 [INFO] PluginManager:220 - loadIPPluginJar : add mdma
2023-09-11 18:00:10,053 [INFO] IPUIPlugin:80 - create IPUIPlugin
2023-09-11 18:00:10,053 [INFO] PluginManager:220 - loadIPPluginJar : add nvic
2023-09-11 18:00:10,056 [INFO] IPUIPlugin:80 - create IPUIPlugin
2023-09-11 18:00:10,056 [INFO] PluginManager:220 - loadIPPluginJar : add opamp
2023-09-11 18:00:10,060 [INFO] IPUIPlugin:80 - create IPUIPlugin
2023-09-11 18:00:10,061 [INFO] PluginManager:220 - loadIPPluginJar : add openamp
2023-09-11 18:00:10,063 [INFO] IPUIPlugin:80 - create IPUIPlugin
2023-09-11 18:00:10,064 [INFO] PluginManager:220 - loadIPPluginJar : add pdm2pcm
2023-09-11 18:00:10,069 [INFO] IPUIPlugin:80 - create IPUIPlugin
2023-09-11 18:00:10,072 [INFO] PluginManager:220 - loadIPPluginJar : add plateformsettings
2023-09-11 18:00:10,074 [INFO] IPUIPlugin:80 - create IPUIPlugin
2023-09-11 18:00:10,074 [INFO] PluginManager:220 - loadIPPluginJar : add quadspi
2023-09-11 18:00:10,077 [INFO] IPUIPlugin:80 - create IPUIPlugin
2023-09-11 18:00:10,077 [INFO] PluginManager:220 - loadIPPluginJar : add resmgrutility
2023-09-11 18:00:10,080 [INFO] IPUIPlugin:80 - create IPUIPlugin
2023-09-11 18:00:10,080 [INFO] PluginManager:220 - loadIPPluginJar : add sai
2023-09-11 18:00:10,082 [INFO] IPUIPlugin:80 - create IPUIPlugin
2023-09-11 18:00:10,083 [INFO] PluginManager:220 - loadIPPluginJar : add spi
2023-09-11 18:00:10,087 [INFO] IPUIPlugin:80 - create IPUIPlugin
2023-09-11 18:00:10,087 [INFO] PluginManager:220 - loadIPPluginJar : add stm32_wpan
2023-09-11 18:00:10,089 [INFO] IPUIPlugin:80 - create IPUIPlugin
2023-09-11 18:00:10,089 [INFO] PluginManager:220 - loadIPPluginJar : add tim
2023-09-11 18:00:10,092 [INFO] IPUIPlugin:80 - create IPUIPlugin
2023-09-11 18:00:10,092 [INFO] PluginManager:220 - loadIPPluginJar : add touchsensing
2023-09-11 18:00:10,095 [INFO] IPUIPlugin:80 - create IPUIPlugin
2023-09-11 18:00:10,095 [INFO] PluginManager:220 - loadIPPluginJar : add tracer_emb
2023-09-11 18:00:10,097 [INFO] IPUIPlugin:80 - create IPUIPlugin
2023-09-11 18:00:10,097 [INFO] PluginManager:220 - loadIPPluginJar : add ts
2023-09-11 18:00:10,099 [INFO] IPUIPlugin:80 - create IPUIPlugin
2023-09-11 18:00:10,099 [INFO] PluginManager:220 - loadIPPluginJar : add tsc
2023-09-11 18:00:10,101 [INFO] IPUIPlugin:80 - create IPUIPlugin
2023-09-11 18:00:10,101 [INFO] PluginManager:220 - loadIPPluginJar : add ucpd
2023-09-11 18:00:10,104 [INFO] IPUIPlugin:80 - create IPUIPlugin
2023-09-11 18:00:10,104 [INFO] PluginManager:220 - loadIPPluginJar : add usart
2023-09-11 18:00:10,107 [INFO] IPUIPlugin:80 - create IPUIPlugin
2023-09-11 18:00:10,107 [INFO] PluginManager:220 - loadIPPluginJar : add usbx
2023-09-11 18:00:10,353 [INFO] CADModel:165 - CPN selected for project level
2023-09-11 18:00:10,354 [INFO] CADModel:114 - Register for checkConnection events
2023-09-11 18:00:10,354 [FATAL] Updater:308 - Updater called before beeing initialized
2023-09-11 18:00:10,354 [ERROR] CADModel:125 - Updater not yet initialized, retry later 
2023-09-11 18:00:10,448 [INFO] CADModel:165 - CPN selected for project level
2023-09-11 18:00:10,448 [INFO] CADModel:114 - Register for checkConnection events
2023-09-11 18:00:10,448 [FATAL] Updater:308 - Updater called before beeing initialized
2023-09-11 18:00:10,448 [ERROR] CADModel:125 - Updater not yet initialized, retry later 
2023-09-11 18:00:10,451 [FATAL] Updater:308 - Updater called before beeing initialized
2023-09-11 18:00:10,528 [FATAL] Updater:308 - Updater called before beeing initialized
2023-09-11 18:00:10,534 [INFO] DbMcusAds:53 - JSON generation date=Thu Sep 30 09:55:09 GMT+03:00 2021 (1632984909247)
2023-09-11 18:00:10,534 [FATAL] Updater:308 - Updater called before beeing initialized
2023-09-11 18:00:10,564 [WARN] DetailPanel:346 - Failed to get advertising image, set to default
2023-09-11 18:00:10,663 [FATAL] Updater:308 - Updater called before beeing initialized
2023-09-11 18:00:10,666 [FATAL] Updater:308 - Updater called before beeing initialized
2023-09-11 18:00:10,666 [FATAL] Updater:308 - Updater called before beeing initialized
2023-09-11 18:00:10,666 [WARN] DetailPanel:346 - Failed to get advertising image, set to default
2023-09-11 18:00:10,666 [FATAL] Updater:308 - Updater called before beeing initialized
2023-09-11 18:00:10,704 [ERROR] Updater:1120 - MainUpdater not yet initialized. External WinMGr cannot be set.
2023-09-11 18:00:10,705 [INFO] Updater:1056 - Updater Version found : 6.8.0
2023-09-11 18:00:10,722 [INFO] ApplicationProperties:184 - Using Application install path: C:\ST\STM32CubeIDE_1.12.0\STM32CubeIDE\plugins\com.st.stm32cube.common.mx_6.8.0.202302231600
2023-09-11 18:00:10,881 [INFO] MainUpdater:2854 - connection check result : 10
2023-09-11 18:00:10,881 [INFO] MainUpdater:3548 - Updater definition file requires update
2023-09-11 18:00:10,899 [INFO] MainUpdater:283 - Updater Check For Update Now.
2023-09-11 18:00:10,899 [INFO] MicroXplorer:498 - Change Database Version : DB.6.0.80
2023-09-11 18:00:10,933 [INFO] ServerAccessManage:473 - Download File updaters.zip
2023-09-11 18:00:10,989 [INFO] FileExtend:240 - Unzip File : updaters.zip
2023-09-11 18:00:10,990 [INFO] FileExtend:255 - Standard Zip Deflate
2023-09-11 18:00:11,220 [INFO] ServerAccessManage:473 - Download File PacksControlFlags.xml
2023-09-11 18:00:11,251 [INFO] ServerAccessManage:473 - Download File cubemx.pidx
2023-09-11 18:00:11,323 [INFO] LoadServerUpdatesThread:373 - End of LoadServerUpdate Thread
2023-09-11 18:00:11,484 [INFO] CheckServerUpdateThread:120 - End of CheckServer Thread
2023-09-11 18:00:11,531 [INFO] MainUpdater:2854 - connection check result : 10
2023-09-11 18:00:11,531 [INFO] MainUpdater:2854 - connection check result : 10
2023-09-11 18:00:11,803 [INFO] MicroXplorer:468 - Change Database Path : 
2023-09-11 18:00:11,803 [INFO] MicroXplorer:498 - Change Database Version : DB.6.0.80
2023-09-11 18:00:11,804 [WARN] ThirdParty:871 - waiting for thirdparty lock release [close project]
2023-09-11 18:00:12,590 [WARN] PackLoader:240 - Cannot read IP mode file for STMicroelectronics.X-CUBE-GNSS1.6.0.0
2023-09-11 18:00:12,614 [WARN] PackLoader:240 - Cannot read IP mode file for STMicroelectronics.X-CUBE-AZRTOS-F4.1.1.0
2023-09-11 18:00:12,639 [WARN] PackLoader:240 - Cannot read IP mode file for STMicroelectronics.X-CUBE-AZRTOS-F7.1.1.0
2023-09-11 18:00:12,652 [WARN] PackLoader:240 - Cannot read IP mode file for STMicroelectronics.X-CUBE-DISPLAY.3.0.0
2023-09-11 18:00:12,662 [WARN] PackLoader:240 - Cannot read IP mode file for STMicroelectronics.X-CUBE-EEPRMA1.4.1.0
2023-09-11 18:00:12,670 [WARN] PackLoader:240 - Cannot read IP mode file for STMicroelectronics.X-CUBE-SFXS2LP1.4.0.0
2023-09-11 18:00:12,676 [WARN] PackLoader:240 - Cannot read IP mode file for STMicroelectronics.X-CUBE-BLE2.3.3.0
2023-09-11 18:00:12,680 [WARN] PackLoader:240 - Cannot read IP mode file for STMicroelectronics.X-CUBE-ISPU.1.1.0
2023-09-11 18:00:12,685 [WARN] PackLoader:240 - Cannot read IP mode file for STMicroelectronics.X-CUBE-ALGOBUILD.1.3.0
2023-09-11 18:00:12,699 [WARN] PackLoader:240 - Cannot read IP mode file for STMicroelectronics.X-CUBE-AZRTOS-G0.1.1.0
2023-09-11 18:00:12,710 [WARN] PackLoader:240 - Cannot read IP mode file for STMicroelectronics.X-CUBE-SUBG2.5.0.0
2023-09-11 18:00:12,718 [WARN] PackLoader:240 - Cannot read IP mode file for STMicroelectronics.X-CUBE-NFC4.3.0.0
2023-09-11 18:00:12,722 [WARN] PackLoader:240 - Cannot read IP mode file for STMicroelectronics.FP-ATR-SIGFOX1.3.2.0
2023-09-11 18:00:12,726 [WARN] PackLoader:240 - Cannot read IP mode file for STMicroelectronics.X-CUBE-ALS.1.0.1
2023-09-11 18:00:12,727 [INFO] ThirdParty:978 - Integrity check success = true
2023-09-11 18:00:12,727 [INFO] IntegrityCheckThread:100 - exiting critical section [integrity check]
2023-09-11 18:00:12,727 [INFO] IntegrityCheckThread:103 - End integrity checks thread
2023-09-11 18:00:12,727 [INFO] ThirdParty:873 - entering critical section [close project]
2023-09-11 18:00:12,728 [INFO] ThirdParty:883 - exiting critical section [close project]
2023-09-11 18:00:12,731 [INFO] PinOutPanel:1499 - setPackage(No Configuration,No Configuration)
2023-09-11 18:00:12,736 [INFO] UtilMem:75 - Begin LoadConfig() Used Memory: 469446760 Bytes (846200832)
2023-09-11 18:00:12,737 [INFO] MicroXplorer:468 - Change Database Path : 
2023-09-11 18:00:12,737 [INFO] MicroXplorer:498 - Change Database Version : DB.6.0.80
2023-09-11 18:00:12,737 [INFO] OpenFileManager:308 - Change cursor
2023-09-11 18:00:12,778 [INFO] Mcu:1937 - Initializing MCU STM32F103C(8-B)Tx STM32F103C8Tx STM32F103C8T6
2023-09-11 18:00:29,385 [INFO] Context:659 - Trying to add GPIOservice into a context  which must be forbidden
2023-09-11 18:00:29,605 [WARN] ModelIntegratedComponent:63 - No mode defined for component null
2023-09-11 18:00:29,605 [WARN] ModelIntegratedComponent:63 - No mode defined for component null
2023-09-11 18:00:29,605 [WARN] ModelIntegratedComponent:63 - No mode defined for component null
2023-09-11 18:00:29,605 [WARN] ModelIntegratedComponent:63 - No mode defined for component null
2023-09-11 18:00:29,605 [WARN] ModelIntegratedComponent:63 - No mode defined for component null
2023-09-11 18:00:29,606 [WARN] ModelIntegratedComponent:63 - No mode defined for component null
2023-09-11 18:00:29,606 [WARN] ModelIntegratedComponent:63 - No mode defined for component null
2023-09-11 18:00:29,606 [WARN] ModelIntegratedComponent:63 - No mode defined for component null
2023-09-11 18:00:29,606 [WARN] ModelIntegratedComponent:63 - No mode defined for component null
2023-09-11 18:00:29,606 [WARN] ModelIntegratedComponent:63 - No mode defined for component null
2023-09-11 18:00:29,606 [WARN] ModelIntegratedComponent:63 - No mode defined for component null
2023-09-11 18:00:29,606 [WARN] ModelIntegratedComponent:63 - No mode defined for component null
2023-09-11 18:00:29,606 [WARN] ModelIntegratedComponent:63 - No mode defined for component null
2023-09-11 18:00:29,606 [WARN] ModelIntegratedComponent:63 - No mode defined for component null
2023-09-11 18:00:29,606 [WARN] ModelIntegratedComponent:63 - No mode defined for component null
2023-09-11 18:00:29,606 [WARN] ModelIntegratedComponent:63 - No mode defined for component null
2023-09-11 18:00:29,606 [WARN] ModelIntegratedComponent:63 - No mode defined for component null
2023-09-11 18:00:29,606 [WARN] ModelIntegratedComponent:63 - No mode defined for component null
2023-09-11 18:00:29,606 [WARN] ModelIntegratedComponent:63 - No mode defined for component null
2023-09-11 18:00:29,607 [WARN] ModelIntegratedComponent:63 - No mode defined for component null
2023-09-11 18:00:29,607 [WARN] ModelIntegratedComponent:63 - No mode defined for component null
2023-09-11 18:00:29,607 [WARN] ModelIntegratedComponent:63 - No mode defined for component null
2023-09-11 18:00:29,607 [WARN] ModelIntegratedComponent:63 - No mode defined for component null
2023-09-11 18:00:29,607 [WARN] ModelIntegratedComponent:63 - No mode defined for component null
2023-09-11 18:00:29,607 [WARN] ModelIntegratedComponent:63 - No mode defined for component null
2023-09-11 18:00:29,607 [WARN] ModelIntegratedComponent:63 - No mode defined for component null
2023-09-11 18:00:29,607 [WARN] ModelIntegratedComponent:63 - No mode defined for component null
2023-09-11 18:00:29,607 [WARN] ModelIntegratedComponent:63 - No mode defined for component null
2023-09-11 18:00:29,607 [WARN] ModelIntegratedComponent:63 - No mode defined for component null
2023-09-11 18:00:29,607 [WARN] ModelIntegratedComponent:63 - No mode defined for component null
2023-09-11 18:00:29,607 [WARN] ModelIntegratedComponent:63 - No mode defined for component null
2023-09-11 18:00:29,607 [WARN] ModelIntegratedComponent:63 - No mode defined for component null
2023-09-11 18:00:29,607 [WARN] ModelIntegratedComponent:63 - No mode defined for component null
2023-09-11 18:00:29,612 [INFO] RtosManager:555 - Registered RTOS mode: class=CMSIS, group=RTOS, mode=CMSIS_V1, owner=FREERTOS
2023-09-11 18:00:29,612 [INFO] RtosManager:555 - Registered RTOS mode: class=CMSIS, group=RTOS2, mode=CMSIS_V2, owner=FREERTOS
2023-09-11 18:00:29,612 [INFO] RtosManager:555 - Registered RTOS mode: class=RTOS, group=Core, mode=CMSIS_V1, owner=FREERTOS
2023-09-11 18:00:29,612 [INFO] RtosManager:555 - Registered RTOS mode: class=RTOS, group=Core, mode=CMSIS_V2, owner=FREERTOS
2023-09-11 18:00:29,612 [WARN] ModelIntegratedComponent:184 - Missing modes for component STMicroelectronics:FreeRTOS:0.0.1:STMicroelectronics:RTOS:FreeRTOS:Core:::10.2.0:
2023-09-11 18:00:29,622 [INFO] ThirdPartyModel:298 - Start build external matchings
2023-09-11 18:00:29,654 [INFO] ThirdPartyModel:316 - End build external matchings
2023-09-11 18:00:29,669 [INFO] ImportTextPane:194 - (OptionalMessage_ERROR) IP (DMA) : Parameter (Instance) has Id (I2C1_RX) currently not set
2023-09-11 18:00:29,669 [INFO] ImportTextPane:194 - (OptionalMessage_ERROR) IP (DMA) : Parameter (Direction) has Id (I2C1_RX) currently not set
2023-09-11 18:00:29,669 [INFO] ImportTextPane:194 - (OptionalMessage_ERROR) IP (DMA) : Parameter (PeriphInc) has Id (I2C1_RX) currently not set
2023-09-11 18:00:29,670 [INFO] ImportTextPane:194 - (OptionalMessage_ERROR) IP (DMA) : Parameter (MemInc) has Id (I2C1_RX) currently not set
2023-09-11 18:00:29,670 [INFO] ImportTextPane:194 - (OptionalMessage_ERROR) IP (DMA) : Parameter (PeriphDataAlignment) has Id (I2C1_RX) currently not set
2023-09-11 18:00:29,670 [INFO] ImportTextPane:194 - (OptionalMessage_ERROR) IP (DMA) : Parameter (MemDataAlignment) has Id (I2C1_RX) currently not set
2023-09-11 18:00:29,670 [INFO] ImportTextPane:194 - (OptionalMessage_ERROR) IP (DMA) : Parameter (Mode) has Id (I2C1_RX) currently not set
2023-09-11 18:00:29,671 [INFO] ImportTextPane:194 - (OptionalMessage_ERROR) IP (DMA) : Parameter (Priority) has Id (I2C1_RX) currently not set
2023-09-11 18:00:35,068 [INFO] UtilMem:75 - End LoadConfig() Used Memory: 538423808 Bytes (846200832)
2023-09-11 18:00:35,317 [INFO] ApiDb:581 - Connected to CubeFinder SQLite database (C:\Users\Dmitrii\.stmcufinder\plugins\mcufinder\mcu\cube-finder-db.db)
2023-09-11 18:00:35,362 [INFO] ApiDb:668 - CubeFinder database Data Model version=2.1
2023-09-11 18:00:35,362 [INFO] ApiDb:669 - CubeFinder database Configuration version=3.0.35
2023-09-11 18:00:35,362 [INFO] ApiDb:670 - CubeFinder database generation date=2023-02-21 (1676964986)
2023-09-11 18:00:35,362 [INFO] ApiDb:671 - CubeFinder database FW Pack versions=[FP-ATR-ASTRA1_V1.1.1, STM32Cube_FW_C0_V1.0.1, STM32Cube_FW_F0_V1.11.4, STM32Cube_FW_F3_V1.11.4, STM32Cube_FW_F4_V1.27.1, STM32Cube_FW_F7_V1.17.0, STM32Cube_FW_G0_V1.6.1, STM32Cube_FW_G4_V1.5.1, STM32Cube_FW_H5_V0.5.1, STM32Cube_FW_H5_V1.0.0, STM32Cube_FW_H7_V1.11.0, STM32Cube_FW_L0_V1.12.2, STM32Cube_FW_L5_V1.5.0, STM32Cube_FW_U5_V1.2.0, STM32Cube_FW_WBA_V1.0.0, STM32Cube_FW_WBA_V1.0.0RC1, STM32Cube_FW_WBA_V1.0.0RC3, STM32Cube_FW_WB_V1.15.0RC1, STM32Cube_FW_WB_V1.16.0, STM32Cube_FW_WB_V1.16.0RC2, STM32Cube_FW_WL_V1.3.0, X-CUBE-ALGOBUILD_V1.3.0, X-CUBE-ALS_V1.0.1, X-CUBE-AZRTOS-F4_V1.1.0, X-CUBE-AZRTOS-F7_V1.1.0, X-CUBE-AZRTOS-G0_V1.1.0, X-CUBE-AZRTOS-G4_V1.0.0, X-CUBE-AZRTOS-H7_V3.0.0, X-CUBE-AZRTOS-L4_V1.0.0, X-CUBE-AZRTOS-L5_V1.1.0, X-CUBE-AZRTOS-WB_V1.1.0, X-CUBE-AZRTOS-WL_V1.0.0, X-CUBE-BLE1_V6.2.4, X-CUBE-BLE2_V3.3.0, X-CUBE-BLEMGR_V1.3.0, X-CUBE-EEPRMA1_V4.1.0, X-CUBE-GNSS1_V6.0.0, X-CUBE-MEMS1_V9.1.0, X-CUBE-MEMS1_V9.4.0, X-CUBE-MEMS1_V9.5.0, X-CUBE-NFC4_V3.0.0, X-CUBE-NFC7_V1.0.0, X-CUBE-SFXS2LP1_V4.0.0, X-CUBE-SUBG2_V5.0.0]
2023-09-11 18:00:36,938 [INFO] ApiDb:240 - Found 297 in-development CPN: [B-G473E-ZEST1S, B-WB1M-WPAN1, B-WL5M-SUBG1, NUCLEO-C031C6, NUCLEO-H503RB, NUCLEO-H563ZI, NUCLEO-U545RE-Q, NUCLEO-U5A5ZJ-Q, NUCLEO-WBA52CG, STEVAL-PROTEUS1, STEVAL-STWINBX1, STM320518-EVAL, STM32C0116-DK, STM32C011D6Y3TR, STM32C011D6Y6TR, STM32C011F4P3, STM32C011F4P6, STM32C011F4U3, STM32C011F4U6TR, STM32C011F6P3, STM32C011F6P6, STM32C011F6U3, STM32C011F6U6TR, STM32C011J4M3, STM32C011J4M6, STM32C011J6M3, STM32C011J6M6, STM32C0316-DK, STM32C031C4T3, STM32C031C4T6, STM32C031C4U3, STM32C031C4U6, STM32C031C6T3, STM32C031C6T6, STM32C031C6U3, STM32C031C6U6, STM32C031F4P3, STM32C031F4P6, STM32C031F6P3, STM32C031F6P6, STM32C031G4U3, STM32C031G4U6, STM32C031G6U3, STM32C031G6U6, STM32C031K4T3, STM32C031K4T6, STM32C031K4U3, STM32C031K4U6, STM32C031K6T3, STM32C031K6T6, STM32C031K6U3, STM32C031K6U6, STM32G071K8TXN, STM32G071K8UXN, STM32G081GBU6N, STM32G081KBT6N, STM32G081KBUXN, STM32G0B1CCT6N, STM32G0B1KCT6, STM32G0B1NEY6TR, STM32G0B1RCT6N, STM32G0C1CCT6, STM32G0C1CCT6N, STM32G0C1CCU6N, STM32G0C1CET6N, STM32G0C1CEU6N, STM32G0C1KCT6, STM32G0C1NEY6TR, STM32G0C1RCI6N, STM32G0C1RCT6N, STM32G0C1REI6N, STM32G0C1RET6N, STM32G0C1VCI6, STM32G0C1VEI6, STM32G471CCT6, STM32G471CCU6, STM32G471CET3, STM32G471CET6, STM32G471CEU3, STM32G471CEU6, STM32G471MCT6, STM32G471MET3, STM32G471MET6, STM32G471MEY6TR, STM32G471QCT6, STM32G471QET3, STM32G471RCT6, STM32G471RET3, STM32G471RET6, STM32G471VCH6, STM32G471VCI6, STM32G471VCT6, STM32G471VEH3, STM32G471VEH6, STM32G471VEI3, STM32G471VEI6, STM32G471VET3, STM32G471VET6, STM32G474CCT6, STM32H503CBT6, STM32H503CBU6, STM32H503EBY6TR, STM32H503KBU6, STM32H503RBT6, STM32H562AGI6, STM32H562AII6, STM32H562IGK6, STM32H562IGT6, STM32H562IIK6, STM32H562IIT6, STM32H562RGT6, STM32H562RGV6, STM32H562RIT6, STM32H562RIV6, STM32H562VGT6, STM32H562VIT6, STM32H562ZGT6, STM32H562ZIT6, STM32H563AGI6, STM32H563AII3Q, STM32H563AII6, STM32H563IGK6, STM32H563IGT6, STM32H563IIK3Q, STM32H563IIK6, STM32H563IIT3Q, STM32H563IIT6, STM32H563MIY3QTR, STM32H563RGT6, STM32H563RGV6, STM32H563RIT6, STM32H563RIV6, STM32H563VGT6, STM32H563VIT3Q, STM32H563VIT6, STM32H563ZGT6, STM32H563ZIT3Q, STM32H563ZIT6, STM32H573AII3Q, STM32H573AII6, STM32H573I-DK, STM32H573IIK3Q, STM32H573IIK6, STM32H573IIT3Q, STM32H573IIT6, STM32H573MIY3QTR, STM32H573RIT6, STM32H573RIV6, STM32H573VIT3Q, STM32H573VIT6, STM32H573ZIT3Q, STM32H573ZIT6, STM32L4R5QGI6STR, STM32MP131AAE3, STM32MP131AAF3, STM32MP131AAG3, STM32MP131CAE3, STM32MP131CAF3, STM32MP131CAG3, STM32MP131DAE7, STM32MP131DAF7, STM32MP131DAG7, STM32MP131FAE7, STM32MP131FAF7, STM32MP131FAG7, STM32MP133AAE3, STM32MP133AAF3, STM32MP133AAG3, STM32MP133CAE3, STM32MP133CAF3, STM32MP133CAG3, STM32MP133DAE7, STM32MP133DAF7, STM32MP133DAG7, STM32MP133FAE7, STM32MP133FAF7, STM32MP133FAG7, STM32MP135AAE3, STM32MP135AAF3, STM32MP135AAG3, STM32MP135CAE3, STM32MP135CAF3, STM32MP135CAG3, STM32MP135DAE7, STM32MP135DAF7, STM32MP135DAG7, STM32MP135F-DK, STM32MP135FAE7, STM32MP135FAF7, STM32MP135FAF7T, STM32MP135FAF7U, STM32MP135FAG7, STM32U535CBT6, STM32U535CBT6Q, STM32U535CBU6, STM32U535CBU6Q, STM32U535CCT6, STM32U535CCT6Q, STM32U535CCU6, STM32U535CCU6Q, STM32U535CET6, STM32U535CET6Q, STM32U535CEU6, STM32U535CEU6Q, STM32U535JEY6QTR, STM32U535NCY6QTR, STM32U535NEY6QTR, STM32U535RBI6, STM32U535RBI6Q, STM32U535RBT6, STM32U535RBT6Q, STM32U535RCI6, STM32U535RCI6Q, STM32U535RCT6, STM32U535RCT6Q, STM32U535REI6, STM32U535REI6Q, STM32U535RET6, STM32U535RET6Q, STM32U535VCI6, STM32U535VCI6Q, STM32U535VCT6, STM32U535VCT6Q, STM32U535VEI6, STM32U535VEI6Q, STM32U535VET6, STM32U535VET6Q, STM32U545CET6, STM32U545CET6Q, STM32U545CEU6, STM32U545CEU6Q, STM32U545JEY6QTR, STM32U545NEY6QTR, STM32U545REI6, STM32U545REI6Q, STM32U545RET6, STM32U545RET6Q, STM32U545VEI6, STM32U545VEI6Q, STM32U545VET6, STM32U545VET6Q, STM32U595AIH6, STM32U595AIH6Q, STM32U595AJH6, STM32U595AJH6Q, STM32U595QII6, STM32U595QII6Q, STM32U595QJI6, STM32U595QJI6Q, STM32U595RIT6, STM32U595RIT6Q, STM32U595RJT6, STM32U595RJT6Q, STM32U595VIT6, STM32U595VIT6Q, STM32U595VJT6, STM32U595VJT6Q, STM32U595ZIT6, STM32U595ZIT6Q, STM32U595ZIY6QTR, STM32U595ZJT6, STM32U595ZJT6Q, STM32U595ZJY6QTR, STM32U599BJY6QTR, STM32U599NIH6Q, STM32U599NJH6Q, STM32U599VIT6Q, STM32U599VJT6, STM32U599VJT6Q, STM32U599ZIT6Q, STM32U599ZIY6QTR, STM32U599ZJT6Q, STM32U599ZJY6QTR, STM32U5A5AJH6, STM32U5A5AJH6Q, STM32U5A5QJI6, STM32U5A5QJI6Q, STM32U5A5RJT6, STM32U5A5RJT6Q, STM32U5A5VJT6, STM32U5A5VJT6Q, STM32U5A5ZJT6, STM32U5A5ZJT6Q, STM32U5A5ZJY6QTR, STM32U5A9BJY6QTR, STM32U5A9J-DK, STM32U5A9NJH6Q, STM32U5A9VJT6Q, STM32U5A9ZJT6Q, STM32U5A9ZJY6QTR, STM32WB1MMCH6, STM32WBA52CEU6, STM32WBA52CEU6T, STM32WBA52CGU6, STM32WBA52CGU6T, STM32WL5MOCH6, STM32WL5MOCH6TR]
2023-09-11 18:00:36,942 [INFO] DbMcus:216 - Found 3772 MCUs, 3772 are supported
2023-09-11 18:00:36,943 [INFO] ApiDb:414 - User favorites file not found: C:\Users\Dmitrii/.stm32cubeide/favorites.mcus.txt
2023-09-11 18:00:36,943 [INFO] DbMcus:222 - Set 0 / 0 favorites MCUs
2023-09-11 18:00:37,208 [WARN] ThirdParty:833 - waiting for thirdparty lock release [change project]
2023-09-11 18:00:37,208 [INFO] ThirdParty:835 - entering critical section [change project]
2023-09-11 18:00:37,208 [INFO] ThirdParty:1030 - CMSIS Pack Vendor :STMicroelectronics X-CUBE-ISPU 1.1.0
2023-09-11 18:00:37,208 [INFO] ThirdParty:1030 - CMSIS Pack Vendor :STMicroelectronics X-CUBE-DISPLAY 3.0.0
2023-09-11 18:00:37,208 [INFO] ThirdParty:1030 - CMSIS Pack Vendor :STMicroelectronics X-CUBE-GNSS1 6.0.0
2023-09-11 18:00:37,208 [INFO] ThirdParty:1030 - CMSIS Pack Vendor :STMicroelectronics USB_HOST 2.0.0
2023-09-11 18:00:37,208 [INFO] ThirdParty:1030 - CMSIS Pack Vendor :STMicroelectronics X-CUBE-AZRTOS-F4 1.1.0
2023-09-11 18:00:37,208 [INFO] ThirdParty:1030 - CMSIS Pack Vendor :STMicroelectronics LIBJPEG 8.0.0
2023-09-11 18:00:37,209 [INFO] ThirdParty:1030 - CMSIS Pack Vendor :STMicroelectronics FP-ATR-SIGFOX1 3.2.0
2023-09-11 18:00:37,209 [INFO] ThirdParty:1030 - CMSIS Pack Vendor :STMicroelectronics USB_DEVICE 3.0.0
2023-09-11 18:00:37,209 [INFO] ThirdParty:1030 - CMSIS Pack Vendor :STMicroelectronics HAL Drivers 0.0.0
2023-09-11 18:00:37,209 [INFO] ThirdParty:1030 - CMSIS Pack Vendor :STMicroelectronics MBEDTLS 2.16.2
2023-09-11 18:00:37,209 [INFO] ThirdParty:1030 - CMSIS Pack Vendor :STMicroelectronics MBEDTLS 2.14.1
2023-09-11 18:00:37,209 [INFO] ThirdParty:1030 - CMSIS Pack Vendor :STMicroelectronics X-CUBE-AZRTOS-F7 1.1.0
2023-09-11 18:00:37,209 [INFO] ThirdParty:1030 - CMSIS Pack Vendor :STMicroelectronics X-CUBE-EEPRMA1 4.1.0
2023-09-11 18:00:37,209 [INFO] ThirdParty:1030 - CMSIS Pack Vendor :STMicroelectronics X-CUBE-ALS 1.0.1
2023-09-11 18:00:37,209 [INFO] ThirdParty:1030 - CMSIS Pack Vendor :STMicroelectronics USB_DEVICE 2.0.0
2023-09-11 18:00:37,209 [INFO] ThirdParty:1030 - CMSIS Pack Vendor :STMicroelectronics ThreadX 1.0.0
2023-09-11 18:00:37,209 [INFO] ThirdParty:1030 - CMSIS Pack Vendor :STMicroelectronics X-CUBE-ALGOBUILD 1.3.0
2023-09-11 18:00:37,209 [INFO] ThirdParty:1030 - CMSIS Pack Vendor :STMicroelectronics FreeRTOS 0.0.1
2023-09-11 18:00:37,209 [INFO] ThirdParty:1030 - CMSIS Pack Vendor :STMicroelectronics X-CUBE-AZRTOS-G0 1.1.0
2023-09-11 18:00:37,209 [INFO] ThirdParty:1030 - CMSIS Pack Vendor :STMicroelectronics USB_DEVICE 1.0.0
2023-09-11 18:00:37,209 [INFO] ThirdParty:1030 - CMSIS Pack Vendor :STMicroelectronics X-CUBE-SUBG2 5.0.0
2023-09-11 18:00:37,209 [INFO] ThirdParty:1030 - CMSIS Pack Vendor :STMicroelectronics X-CUBE-NFC4 3.0.0
2023-09-11 18:00:37,209 [INFO] ThirdParty:1030 - CMSIS Pack Vendor :STMicroelectronics STM32_WPAN 1.0.0
2023-09-11 18:00:37,210 [INFO] ThirdParty:1030 - CMSIS Pack Vendor :STMicroelectronics ThreadX 0.0.2
2023-09-11 18:00:37,210 [INFO] ThirdParty:1030 - CMSIS Pack Vendor :STMicroelectronics lwIP 2.0.3
2023-09-11 18:00:37,210 [INFO] ThirdParty:1030 - CMSIS Pack Vendor :STMicroelectronics lwIP 2.1.2
2023-09-11 18:00:37,210 [INFO] ThirdParty:1030 - CMSIS Pack Vendor :STMicroelectronics X-CUBE-SFXS2LP1 4.0.0
2023-09-11 18:00:37,210 [INFO] ThirdParty:1030 - CMSIS Pack Vendor :STMicroelectronics X-CUBE-BLE2 3.3.0
2023-09-11 18:00:37,210 [INFO] ThirdParty:1030 - CMSIS Pack Vendor :STMicroelectronics USB_HOST 1.0.0
2023-09-11 18:00:37,210 [INFO] ThirdParty:1030 - CMSIS Pack Vendor :STMicroelectronics PDM2PCM 3.1.0
2023-09-11 18:00:37,210 [INFO] ThirdParty:1030 - CMSIS Pack Vendor :STMicroelectronics PDM2PCM 3.2.0
2023-09-11 18:00:37,211 [INFO] ThirdParty:1030 - CMSIS Pack Vendor :STMicroelectronics PDM2PCM 3.3.0
2023-09-11 18:00:37,211 [INFO] ThirdParty:841 - exiting critical section [change project]
2023-09-11 18:00:37,468 [INFO] PinOutPanel:1499 - setPackage(No Configuration,No Configuration)
2023-09-11 18:00:37,469 [INFO] PinOutPanel:1499 - setPackage(STM32F103C8Tx,LQFP48)
2023-09-11 18:00:37,971 [INFO] UtilMem:75 - Before build in PCC Used Memory: 570609360 Bytes (846200832)
2023-09-11 18:00:38,604 [INFO] UtilMem:75 - After build in PCC Used Memory: 542282896 Bytes (846200832)
2023-09-11 18:00:38,621 [INFO] IPUIPlugin:80 - create IPUIPlugin
2023-09-11 18:00:38,621 [INFO] IPUIPlugin:80 - create IPUIPlugin
2023-09-11 18:00:38,621 [INFO] IPUIPlugin:80 - create IPUIPlugin
2023-09-11 18:00:38,621 [INFO] IPUIPlugin:80 - create IPUIPlugin
2023-09-11 18:00:38,621 [INFO] IPUIPlugin:80 - create IPUIPlugin
2023-09-11 18:00:38,621 [INFO] IPUIPlugin:80 - create IPUIPlugin
2023-09-11 18:00:38,621 [INFO] IPUIPlugin:80 - create IPUIPlugin
2023-09-11 18:00:38,622 [INFO] IPUIPlugin:80 - create IPUIPlugin
2023-09-11 18:00:38,622 [INFO] IPUIPlugin:80 - create IPUIPlugin
2023-09-11 18:00:38,622 [INFO] IPUIPlugin:80 - create IPUIPlugin
2023-09-11 18:00:38,622 [INFO] IPUIPlugin:80 - create IPUIPlugin
2023-09-11 18:00:38,622 [INFO] IPUIPlugin:80 - create IPUIPlugin
2023-09-11 18:00:38,622 [INFO] IPUIPlugin:80 - create IPUIPlugin
2023-09-11 18:00:38,623 [INFO] IPUIPlugin:80 - create IPUIPlugin
2023-09-11 18:00:38,623 [INFO] IPUIPlugin:80 - create IPUIPlugin
2023-09-11 18:00:38,623 [INFO] IPUIPlugin:80 - create IPUIPlugin
2023-09-11 18:00:38,623 [INFO] IPUIPlugin:80 - create IPUIPlugin
2023-09-11 18:00:38,623 [INFO] IPUIPlugin:80 - create IPUIPlugin
2023-09-11 18:00:38,623 [INFO] IPUIPlugin:80 - create IPUIPlugin
2023-09-11 18:00:38,624 [INFO] IPUIPlugin:80 - create IPUIPlugin
2023-09-11 18:00:38,624 [INFO] IPUIPlugin:80 - create IPUIPlugin
2023-09-11 18:00:38,624 [INFO] IPUIPlugin:80 - create IPUIPlugin
2023-09-11 18:00:38,624 [INFO] IPUIPlugin:80 - create IPUIPlugin
2023-09-11 18:00:38,624 [INFO] IPUIPlugin:80 - create IPUIPlugin
2023-09-11 18:00:38,625 [INFO] IPUIPlugin:80 - create IPUIPlugin
2023-09-11 18:00:38,625 [INFO] IPUIPlugin:80 - create IPUIPlugin
2023-09-11 18:00:38,625 [INFO] IPUIPlugin:80 - create IPUIPlugin
2023-09-11 18:00:38,632 [WARN] IP:2113 - I2C_Coeff_DF not found: check if there is a RefParameter without a condition.
2023-09-11 18:00:38,632 [WARN] IP:2113 - Analog_Filter not found: check if there is a RefParameter without a condition.
2023-09-11 18:00:38,767 [INFO] CADModel:165 - CPN selected for project levelSTM32F103C8T6
2023-09-11 18:00:38,767 [INFO] CADModel:114 - Register for checkConnection events
2023-09-11 18:00:38,823 [INFO] OpenFileManager:328 - Restore cursor
2023-09-11 18:00:38,961 [WARN] IP:2113 - I2C_Coeff_DF not found: check if there is a RefParameter without a condition.
2023-09-11 18:00:38,961 [WARN] IP:2113 - Analog_Filter not found: check if there is a RefParameter without a condition.
2023-09-11 18:00:38,961 [WARN] IP:2113 - I2C_Coeff_DF not found: check if there is a RefParameter without a condition.
2023-09-11 18:00:38,961 [WARN] IP:2113 - Analog_Filter not found: check if there is a RefParameter without a condition.
2023-09-11 18:01:44,413 [INFO] MainUpdater:2854 - connection check result : 10
2023-09-11 18:01:44,414 [INFO] McuFinderGlobals:66 - Set McuFinderConnectedMode to true
2023-09-11 18:01:44,873 [INFO] ServerAccessManage:473 - Download File mcusAds.json._tmp_
2023-09-11 18:01:45,018 [INFO] LoadUrlFilesThread:156 - End of LoadUrlFiles Thread
2023-09-11 18:01:45,234 [INFO] ServerAccessManage:473 - Download File cube-finder-db.zip
2023-09-11 18:01:47,900 [INFO] FileExtend:240 - Unzip File : cube-finder-db.zip
2023-09-11 18:01:47,900 [INFO] FileExtend:255 - Standard Zip Deflate
2023-09-11 18:01:48,378 [INFO] LoadUrlFilesThread:156 - End of LoadUrlFiles Thread
2023-09-11 18:01:48,831 [INFO] ServerAccessManage:473 - Download File crdb.zip
2023-09-11 18:01:49,392 [INFO] FileExtend:240 - Unzip File : crdb.zip
2023-09-11 18:01:49,393 [INFO] FileExtend:255 - Standard Zip Deflate
2023-09-11 18:01:49,541 [INFO] LoadUrlFilesThread:156 - End of LoadUrlFiles Thread
2023-09-11 18:01:49,676 [INFO] ServerAccessManage:473 - Download File tutoVideoDB.zip
2023-09-11 18:01:49,689 [INFO] FileExtend:240 - Unzip File : tutoVideoDB.zip
2023-09-11 18:01:49,689 [INFO] FileExtend:255 - Standard Zip Deflate
2023-09-11 18:01:49,936 [INFO] LoadUrlFilesThread:156 - End of LoadUrlFiles Thread
2023-09-11 18:01:49,941 [WARN] DbFile:41 - Overriding database path with different value: C:\Users\Dmitrii\.stmcufinder\plugins\mcufinder/ => C:\Users\Dmitrii\.stmcufinder\plugins\mcufinder
2023-09-11 18:01:49,988 [INFO] ServerAccessManage:473 - Download File api_config.json
2023-09-11 18:01:50,109 [INFO] LoadUrlFilesThread:156 - End of LoadUrlFiles Thread
2023-09-11 18:01:50,110 [INFO] DbMcusAds:53 - JSON generation date=Tue Mar 07 11:50:55 GMT+03:00 2023 (1678179055114)
2023-09-11 18:01:50,114 [INFO] ApiDb:448 - Save user favorites file C:\Users\Dmitrii/.stm32cubeide/favorites.mcus.txt: 0 item(s)
2023-09-11 18:01:50,115 [INFO] ApiDb:452 - User favorites MCUs=[]
2023-09-11 18:01:50,119 [INFO] ApiDb:581 - Connected to CubeFinder SQLite database (C:\Users\Dmitrii\.stmcufinder\plugins\mcufinder\mcu\cube-finder-db.db)
2023-09-11 18:01:50,165 [INFO] ApiDb:668 - CubeFinder database Data Model version=2.1
2023-09-11 18:01:50,165 [INFO] ApiDb:669 - CubeFinder database Configuration version=3.0.37
2023-09-11 18:01:50,165 [INFO] ApiDb:670 - CubeFinder database generation date=2023-08-09 (1691586011)
2023-09-11 18:01:50,166 [INFO] ApiDb:671 - CubeFinder database FW Pack versions=[FP-ATR-ASTRA1_V2.0.0, FP-SNS-FLIGHT1_V5.0.1, FP-SNS-FLIGHT1_V5.0.2, FP-SNS-MOTENV1_V4.3.1, FP-SNS-MOTENV1_V4.3.2, STM32Cube_FW_C0_V1.1.0, STM32Cube_FW_F4_V1.27.1, STM32Cube_FW_F7_V1.17.0, STM32Cube_FW_G0_V1.6.1, STM32Cube_FW_G4_V1.5.1, STM32Cube_FW_H5_V0.5.1, STM32Cube_FW_H5_V1.1.0, STM32Cube_FW_H7_V1.11.0, STM32Cube_FW_L0_V1.12.2, STM32Cube_FW_L5_V1.5.0, STM32Cube_FW_U5_V1.3.0, STM32Cube_FW_U5_V1.3.0RC4, STM32Cube_FW_WBA_V1.0.0RC1, STM32Cube_FW_WBA_V1.1.0, STM32Cube_FW_WBA_V1.1.0RC1, STM32Cube_FW_WB_V1.15.0RC1, STM32Cube_FW_WB_V1.16.0, STM32Cube_FW_WB_V1.16.0RC2, STM32Cube_FW_WB_V1.17.0, STM32Cube_FW_WL_V1.3.0, X-CUBE-ALGOBUILD_V1.3.0, X-CUBE-ALS_V1.0.1, X-CUBE-AZRTOS-F4_V1.1.0, X-CUBE-AZRTOS-F7_V1.1.0, X-CUBE-AZRTOS-G0_V1.1.0, X-CUBE-AZRTOS-G4_V2.0.0, X-CUBE-AZRTOS-H7_V3.1.0, X-CUBE-AZRTOS-L4_V1.0.0, X-CUBE-AZRTOS-L4_V2.0.0, X-CUBE-AZRTOS-L5_V1.1.0, X-CUBE-AZRTOS-WB_V1.1.0, X-CUBE-AZRTOS-WL_V2.0.0, X-CUBE-BLE1_V7.0.0, X-CUBE-BLE2_V3.3.0, X-CUBE-BLEMGR_V2.0.0, X-CUBE-EEPRMA1_V4.1.0, X-CUBE-FREERTOS_V1.1.0, X-CUBE-GNSS1_V6.0.0, X-CUBE-MEMS1_V9.1.0, X-CUBE-MEMS1_V9.4.0, X-CUBE-MEMS1_V9.6.0, X-CUBE-NFC4_V3.0.0, X-CUBE-NFC7_V1.0.0, X-CUBE-SFXS2LP1_V4.0.0, X-CUBE-SUBG2_V5.0.0, X-CUBE-TOF1_V3.3.1]
2023-09-11 18:01:51,772 [INFO] ApiDb:240 - Found 297 in-development CPN: [B-G473E-ZEST1S, B-WB1M-WPAN1, B-WL5M-SUBG1, NUCLEO-C031C6, NUCLEO-H503RB, NUCLEO-H563ZI, NUCLEO-U545RE-Q, NUCLEO-U5A5ZJ-Q, NUCLEO-WBA52CG, STEVAL-PROTEUS1, STEVAL-STWINBX1, STM320518-EVAL, STM32C0116-DK, STM32C011D6Y3TR, STM32C011D6Y6TR, STM32C011F4P3, STM32C011F4P6, STM32C011F4U3, STM32C011F4U6TR, STM32C011F6P3, STM32C011F6P6, STM32C011F6U3, STM32C011F6U6TR, STM32C011J4M3, STM32C011J4M6, STM32C011J6M3, STM32C011J6M6, STM32C0316-DK, STM32C031C4T3, STM32C031C4T6, STM32C031C4U3, STM32C031C4U6, STM32C031C6T3, STM32C031C6T6, STM32C031C6U3, STM32C031C6U6, STM32C031F4P3, STM32C031F4P6, STM32C031F6P3, STM32C031F6P6, STM32C031G4U3, STM32C031G4U6, STM32C031G6U3, STM32C031G6U6, STM32C031K4T3, STM32C031K4T6, STM32C031K4U3, STM32C031K4U6, STM32C031K6T3, STM32C031K6T6, STM32C031K6U3, STM32C031K6U6, STM32G071K8TXN, STM32G071K8UXN, STM32G081GBU6N, STM32G081KBT6N, STM32G081KBUXN, STM32G0B1CCT6N, STM32G0B1KCT6, STM32G0B1NEY6TR, STM32G0B1RCT6N, STM32G0C1CCT6, STM32G0C1CCT6N, STM32G0C1CCU6N, STM32G0C1CET6N, STM32G0C1CEU6N, STM32G0C1KCT6, STM32G0C1NEY6TR, STM32G0C1RCI6N, STM32G0C1RCT6N, STM32G0C1REI6N, STM32G0C1RET6N, STM32G0C1VCI6, STM32G0C1VEI6, STM32G471CCT6, STM32G471CCU6, STM32G471CET3, STM32G471CET6, STM32G471CEU3, STM32G471CEU6, STM32G471MCT6, STM32G471MET3, STM32G471MET6, STM32G471MEY6TR, STM32G471QCT6, STM32G471QET3, STM32G471RCT6, STM32G471RET3, STM32G471RET6, STM32G471VCH6, STM32G471VCI6, STM32G471VCT6, STM32G471VEH3, STM32G471VEH6, STM32G471VEI3, STM32G471VEI6, STM32G471VET3, STM32G471VET6, STM32G474CCT6, STM32H503CBT6, STM32H503CBU6, STM32H503EBY6TR, STM32H503KBU6, STM32H503RBT6, STM32H562AGI6, STM32H562AII6, STM32H562IGK6, STM32H562IGT6, STM32H562IIK6, STM32H562IIT6, STM32H562RGT6, STM32H562RGV6, STM32H562RIT6, STM32H562RIV6, STM32H562VGT6, STM32H562VIT6, STM32H562ZGT6, STM32H562ZIT6, STM32H563AGI6, STM32H563AII3Q, STM32H563AII6, STM32H563IGK6, STM32H563IGT6, STM32H563IIK3Q, STM32H563IIK6, STM32H563IIT3Q, STM32H563IIT6, STM32H563MIY3QTR, STM32H563RGT6, STM32H563RGV6, STM32H563RIT6, STM32H563RIV6, STM32H563VGT6, STM32H563VIT3Q, STM32H563VIT6, STM32H563ZGT6, STM32H563ZIT3Q, STM32H563ZIT6, STM32H573AII3Q, STM32H573AII6, STM32H573I-DK, STM32H573IIK3Q, STM32H573IIK6, STM32H573IIT3Q, STM32H573IIT6, STM32H573MIY3QTR, STM32H573RIT6, STM32H573RIV6, STM32H573VIT3Q, STM32H573VIT6, STM32H573ZIT3Q, STM32H573ZIT6, STM32L4R5QGI6STR, STM32MP131AAE3, STM32MP131AAF3, STM32MP131AAG3, STM32MP131CAE3, STM32MP131CAF3, STM32MP131CAG3, STM32MP131DAE7, STM32MP131DAF7, STM32MP131DAG7, STM32MP131FAE7, STM32MP131FAF7, STM32MP131FAG7, STM32MP133AAE3, STM32MP133AAF3, STM32MP133AAG3, STM32MP133CAE3, STM32MP133CAF3, STM32MP133CAG3, STM32MP133DAE7, STM32MP133DAF7, STM32MP133DAG7, STM32MP133FAE7, STM32MP133FAF7, STM32MP133FAG7, STM32MP135AAE3, STM32MP135AAF3, STM32MP135AAG3, STM32MP135CAE3, STM32MP135CAF3, STM32MP135CAG3, STM32MP135DAE7, STM32MP135DAF7, STM32MP135DAG7, STM32MP135F-DK, STM32MP135FAE7, STM32MP135FAF7, STM32MP135FAF7T, STM32MP135FAF7U, STM32MP135FAG7, STM32U535CBT6, STM32U535CBT6Q, STM32U535CBU6, STM32U535CBU6Q, STM32U535CCT6, STM32U535CCT6Q, STM32U535CCU6, STM32U535CCU6Q, STM32U535CET6, STM32U535CET6Q, STM32U535CEU6, STM32U535CEU6Q, STM32U535JEY6QTR, STM32U535NCY6QTR, STM32U535NEY6QTR, STM32U535RBI6, STM32U535RBI6Q, STM32U535RBT6, STM32U535RBT6Q, STM32U535RCI6, STM32U535RCI6Q, STM32U535RCT6, STM32U535RCT6Q, STM32U535REI6, STM32U535REI6Q, STM32U535RET6, STM32U535RET6Q, STM32U535VCI6, STM32U535VCI6Q, STM32U535VCT6, STM32U535VCT6Q, STM32U535VEI6, STM32U535VEI6Q, STM32U535VET6, STM32U535VET6Q, STM32U545CET6, STM32U545CET6Q, STM32U545CEU6, STM32U545CEU6Q, STM32U545JEY6QTR, STM32U545NEY6QTR, STM32U545REI6, STM32U545REI6Q, STM32U545RET6, STM32U545RET6Q, STM32U545VEI6, STM32U545VEI6Q, STM32U545VET6, STM32U545VET6Q, STM32U595AIH6, STM32U595AIH6Q, STM32U595AJH6, STM32U595AJH6Q, STM32U595QII6, STM32U595QII6Q, STM32U595QJI6, STM32U595QJI6Q, STM32U595RIT6, STM32U595RIT6Q, STM32U595RJT6, STM32U595RJT6Q, STM32U595VIT6, STM32U595VIT6Q, STM32U595VJT6, STM32U595VJT6Q, STM32U595ZIT6, STM32U595ZIT6Q, STM32U595ZIY6QTR, STM32U595ZJT6, STM32U595ZJT6Q, STM32U595ZJY6QTR, STM32U599BJY6QTR, STM32U599NIH6Q, STM32U599NJH6Q, STM32U599VIT6Q, STM32U599VJT6, STM32U599VJT6Q, STM32U599ZIT6Q, STM32U599ZIY6QTR, STM32U599ZJT6Q, STM32U599ZJY6QTR, STM32U5A5AJH6, STM32U5A5AJH6Q, STM32U5A5QJI6, STM32U5A5QJI6Q, STM32U5A5RJT6, STM32U5A5RJT6Q, STM32U5A5VJT6, STM32U5A5VJT6Q, STM32U5A5ZJT6, STM32U5A5ZJT6Q, STM32U5A5ZJY6QTR, STM32U5A9BJY6QTR, STM32U5A9J-DK, STM32U5A9NJH6Q, STM32U5A9VJT6Q, STM32U5A9ZJT6Q, STM32U5A9ZJY6QTR, STM32WB1MMCH6, STM32WBA52CEU6, STM32WBA52CEU6T, STM32WBA52CGU6, STM32WBA52CGU6T, STM32WL5MOCH6, STM32WL5MOCH6TR]
2023-09-11 18:01:51,775 [INFO] DbMcus:216 - Found 3825 MCUs, 3825 are supported
2023-09-11 18:01:51,776 [INFO] ApiDb:423 - Load user favorites file C:\Users\Dmitrii/.stm32cubeide/favorites.mcus.txt: 0 item(s)
2023-09-11 18:01:51,776 [INFO] ApiDb:427 - User favorites MCUs=[]
2023-09-11 18:01:51,776 [INFO] DbMcus:222 - Set 0 / 0 favorites MCUs
2023-09-11 18:01:52,100 [INFO] ServerAccessManage:473 - Download File 
2023-09-11 18:01:52,246 [INFO] LoadUrlFilesThread:185 - End of LoadServerUrlFiles without Thread
2023-09-11 18:01:52,247 [INFO] TargetSelectorAdapter:259 - Refresh data is successful
2023-09-11 18:01:52,249 [INFO] ApiDb:668 - CubeFinder database Data Model version=2.1
2023-09-11 18:01:52,249 [INFO] ApiDb:669 - CubeFinder database Configuration version=3.0.37
2023-09-11 18:01:52,249 [INFO] ApiDb:670 - CubeFinder database generation date=2023-08-09 (1691586011)
2023-09-11 18:01:52,249 [INFO] ApiDb:671 - CubeFinder database FW Pack versions=[FP-ATR-ASTRA1_V2.0.0, FP-SNS-FLIGHT1_V5.0.1, FP-SNS-FLIGHT1_V5.0.2, FP-SNS-MOTENV1_V4.3.1, FP-SNS-MOTENV1_V4.3.2, STM32Cube_FW_C0_V1.1.0, STM32Cube_FW_F4_V1.27.1, STM32Cube_FW_F7_V1.17.0, STM32Cube_FW_G0_V1.6.1, STM32Cube_FW_G4_V1.5.1, STM32Cube_FW_H5_V0.5.1, STM32Cube_FW_H5_V1.1.0, STM32Cube_FW_H7_V1.11.0, STM32Cube_FW_L0_V1.12.2, STM32Cube_FW_L5_V1.5.0, STM32Cube_FW_U5_V1.3.0, STM32Cube_FW_U5_V1.3.0RC4, STM32Cube_FW_WBA_V1.0.0RC1, STM32Cube_FW_WBA_V1.1.0, STM32Cube_FW_WBA_V1.1.0RC1, STM32Cube_FW_WB_V1.15.0RC1, STM32Cube_FW_WB_V1.16.0, STM32Cube_FW_WB_V1.16.0RC2, STM32Cube_FW_WB_V1.17.0, STM32Cube_FW_WL_V1.3.0, X-CUBE-ALGOBUILD_V1.3.0, X-CUBE-ALS_V1.0.1, X-CUBE-AZRTOS-F4_V1.1.0, X-CUBE-AZRTOS-F7_V1.1.0, X-CUBE-AZRTOS-G0_V1.1.0, X-CUBE-AZRTOS-G4_V2.0.0, X-CUBE-AZRTOS-H7_V3.1.0, X-CUBE-AZRTOS-L4_V1.0.0, X-CUBE-AZRTOS-L4_V2.0.0, X-CUBE-AZRTOS-L5_V1.1.0, X-CUBE-AZRTOS-WB_V1.1.0, X-CUBE-AZRTOS-WL_V2.0.0, X-CUBE-BLE1_V7.0.0, X-CUBE-BLE2_V3.3.0, X-CUBE-BLEMGR_V2.0.0, X-CUBE-EEPRMA1_V4.1.0, X-CUBE-FREERTOS_V1.1.0, X-CUBE-GNSS1_V6.0.0, X-CUBE-MEMS1_V9.1.0, X-CUBE-MEMS1_V9.4.0, X-CUBE-MEMS1_V9.6.0, X-CUBE-NFC4_V3.0.0, X-CUBE-NFC7_V1.0.0, X-CUBE-SFXS2LP1_V4.0.0, X-CUBE-SUBG2_V5.0.0, X-CUBE-TOF1_V3.3.1]
2023-09-11 18:01:52,292 [INFO] DbBoardsSqlite:226 - include board P-NUCLEO-WB55-NUCLEO as a kit item of type 'Nucleo-64'
2023-09-11 18:01:52,293 [INFO] DbBoardsSqlite:226 - include board P-NUCLEO-WB55-USBDONGLE as a kit item of type 'Nucleo USB Dongle'
2023-09-11 18:01:52,293 [INFO] DbBoardsSqlite:226 - include board STEVAL-IDP005V1 as a kit item of type 'Evaluation Board'
2023-09-11 18:01:52,293 [INFO] DbBoardsSqlite:226 - include board STEVAL-IDP005V2 as a kit item of type 'Evaluation Board'
2023-09-11 18:01:52,328 [INFO] ApiDb:240 - Found 297 in-development CPN: [B-G473E-ZEST1S, B-WB1M-WPAN1, B-WL5M-SUBG1, NUCLEO-C031C6, NUCLEO-H503RB, NUCLEO-H563ZI, NUCLEO-U545RE-Q, NUCLEO-U5A5ZJ-Q, NUCLEO-WBA52CG, STEVAL-PROTEUS1, STEVAL-STWINBX1, STM320518-EVAL, STM32C0116-DK, STM32C011D6Y3TR, STM32C011D6Y6TR, STM32C011F4P3, STM32C011F4P6, STM32C011F4U3, STM32C011F4U6TR, STM32C011F6P3, STM32C011F6P6, STM32C011F6U3, STM32C011F6U6TR, STM32C011J4M3, STM32C011J4M6, STM32C011J6M3, STM32C011J6M6, STM32C0316-DK, STM32C031C4T3, STM32C031C4T6, STM32C031C4U3, STM32C031C4U6, STM32C031C6T3, STM32C031C6T6, STM32C031C6U3, STM32C031C6U6, STM32C031F4P3, STM32C031F4P6, STM32C031F6P3, STM32C031F6P6, STM32C031G4U3, STM32C031G4U6, STM32C031G6U3, STM32C031G6U6, STM32C031K4T3, STM32C031K4T6, STM32C031K4U3, STM32C031K4U6, STM32C031K6T3, STM32C031K6T6, STM32C031K6U3, STM32C031K6U6, STM32G071K8TXN, STM32G071K8UXN, STM32G081GBU6N, STM32G081KBT6N, STM32G081KBUXN, STM32G0B1CCT6N, STM32G0B1KCT6, STM32G0B1NEY6TR, STM32G0B1RCT6N, STM32G0C1CCT6, STM32G0C1CCT6N, STM32G0C1CCU6N, STM32G0C1CET6N, STM32G0C1CEU6N, STM32G0C1KCT6, STM32G0C1NEY6TR, STM32G0C1RCI6N, STM32G0C1RCT6N, STM32G0C1REI6N, STM32G0C1RET6N, STM32G0C1VCI6, STM32G0C1VEI6, STM32G471CCT6, STM32G471CCU6, STM32G471CET3, STM32G471CET6, STM32G471CEU3, STM32G471CEU6, STM32G471MCT6, STM32G471MET3, STM32G471MET6, STM32G471MEY6TR, STM32G471QCT6, STM32G471QET3, STM32G471RCT6, STM32G471RET3, STM32G471RET6, STM32G471VCH6, STM32G471VCI6, STM32G471VCT6, STM32G471VEH3, STM32G471VEH6, STM32G471VEI3, STM32G471VEI6, STM32G471VET3, STM32G471VET6, STM32G474CCT6, STM32H503CBT6, STM32H503CBU6, STM32H503EBY6TR, STM32H503KBU6, STM32H503RBT6, STM32H562AGI6, STM32H562AII6, STM32H562IGK6, STM32H562IGT6, STM32H562IIK6, STM32H562IIT6, STM32H562RGT6, STM32H562RGV6, STM32H562RIT6, STM32H562RIV6, STM32H562VGT6, STM32H562VIT6, STM32H562ZGT6, STM32H562ZIT6, STM32H563AGI6, STM32H563AII3Q, STM32H563AII6, STM32H563IGK6, STM32H563IGT6, STM32H563IIK3Q, STM32H563IIK6, STM32H563IIT3Q, STM32H563IIT6, STM32H563MIY3QTR, STM32H563RGT6, STM32H563RGV6, STM32H563RIT6, STM32H563RIV6, STM32H563VGT6, STM32H563VIT3Q, STM32H563VIT6, STM32H563ZGT6, STM32H563ZIT3Q, STM32H563ZIT6, STM32H573AII3Q, STM32H573AII6, STM32H573I-DK, STM32H573IIK3Q, STM32H573IIK6, STM32H573IIT3Q, STM32H573IIT6, STM32H573MIY3QTR, STM32H573RIT6, STM32H573RIV6, STM32H573VIT3Q, STM32H573VIT6, STM32H573ZIT3Q, STM32H573ZIT6, STM32L4R5QGI6STR, STM32MP131AAE3, STM32MP131AAF3, STM32MP131AAG3, STM32MP131CAE3, STM32MP131CAF3, STM32MP131CAG3, STM32MP131DAE7, STM32MP131DAF7, STM32MP131DAG7, STM32MP131FAE7, STM32MP131FAF7, STM32MP131FAG7, STM32MP133AAE3, STM32MP133AAF3, STM32MP133AAG3, STM32MP133CAE3, STM32MP133CAF3, STM32MP133CAG3, STM32MP133DAE7, STM32MP133DAF7, STM32MP133DAG7, STM32MP133FAE7, STM32MP133FAF7, STM32MP133FAG7, STM32MP135AAE3, STM32MP135AAF3, STM32MP135AAG3, STM32MP135CAE3, STM32MP135CAF3, STM32MP135CAG3, STM32MP135DAE7, STM32MP135DAF7, STM32MP135DAG7, STM32MP135F-DK, STM32MP135FAE7, STM32MP135FAF7, STM32MP135FAF7T, STM32MP135FAF7U, STM32MP135FAG7, STM32U535CBT6, STM32U535CBT6Q, STM32U535CBU6, STM32U535CBU6Q, STM32U535CCT6, STM32U535CCT6Q, STM32U535CCU6, STM32U535CCU6Q, STM32U535CET6, STM32U535CET6Q, STM32U535CEU6, STM32U535CEU6Q, STM32U535JEY6QTR, STM32U535NCY6QTR, STM32U535NEY6QTR, STM32U535RBI6, STM32U535RBI6Q, STM32U535RBT6, STM32U535RBT6Q, STM32U535RCI6, STM32U535RCI6Q, STM32U535RCT6, STM32U535RCT6Q, STM32U535REI6, STM32U535REI6Q, STM32U535RET6, STM32U535RET6Q, STM32U535VCI6, STM32U535VCI6Q, STM32U535VCT6, STM32U535VCT6Q, STM32U535VEI6, STM32U535VEI6Q, STM32U535VET6, STM32U535VET6Q, STM32U545CET6, STM32U545CET6Q, STM32U545CEU6, STM32U545CEU6Q, STM32U545JEY6QTR, STM32U545NEY6QTR, STM32U545REI6, STM32U545REI6Q, STM32U545RET6, STM32U545RET6Q, STM32U545VEI6, STM32U545VEI6Q, STM32U545VET6, STM32U545VET6Q, STM32U595AIH6, STM32U595AIH6Q, STM32U595AJH6, STM32U595AJH6Q, STM32U595QII6, STM32U595QII6Q, STM32U595QJI6, STM32U595QJI6Q, STM32U595RIT6, STM32U595RIT6Q, STM32U595RJT6, STM32U595RJT6Q, STM32U595VIT6, STM32U595VIT6Q, STM32U595VJT6, STM32U595VJT6Q, STM32U595ZIT6, STM32U595ZIT6Q, STM32U595ZIY6QTR, STM32U595ZJT6, STM32U595ZJT6Q, STM32U595ZJY6QTR, STM32U599BJY6QTR, STM32U599NIH6Q, STM32U599NJH6Q, STM32U599VIT6Q, STM32U599VJT6, STM32U599VJT6Q, STM32U599ZIT6Q, STM32U599ZIY6QTR, STM32U599ZJT6Q, STM32U599ZJY6QTR, STM32U5A5AJH6, STM32U5A5AJH6Q, STM32U5A5QJI6, STM32U5A5QJI6Q, STM32U5A5RJT6, STM32U5A5RJT6Q, STM32U5A5VJT6, STM32U5A5VJT6Q, STM32U5A5ZJT6, STM32U5A5ZJT6Q, STM32U5A5ZJY6QTR, STM32U5A9BJY6QTR, STM32U5A9J-DK, STM32U5A9NJH6Q, STM32U5A9VJT6Q, STM32U5A9ZJT6Q, STM32U5A9ZJY6QTR, STM32WB1MMCH6, STM32WBA52CEU6, STM32WBA52CEU6T, STM32WBA52CGU6, STM32WBA52CGU6T, STM32WL5MOCH6, STM32WL5MOCH6TR]
2023-09-11 18:01:52,419 [INFO] BoardInfo:880 - No configuration file found for board P-NUCLEO-WB55
2023-09-11 18:01:52,420 [INFO] DbBoards:157 - Kit is not supported: P-NUCLEO-WB55
2023-09-11 18:01:52,424 [INFO] BoardInfo:880 - No configuration file found for board STEVAL-BFA001V1B
2023-09-11 18:01:52,424 [INFO] DbBoards:157 - Kit is not supported: STEVAL-BFA001V1B
2023-09-11 18:01:52,425 [INFO] BoardInfo:880 - No configuration file found for board STEVAL-BFA001V2B
2023-09-11 18:01:52,425 [INFO] DbBoards:157 - Kit is not supported: STEVAL-BFA001V2B
2023-09-11 18:01:52,430 [INFO] BoardInfo:880 - No configuration file found for board STEVAL-SMARTAG2
2023-09-11 18:01:52,430 [INFO] DbBoards:157 - Board is not supported: STEVAL-SMARTAG2
2023-09-11 18:01:52,522 [INFO] DbBoards:161 - Found 188 boards, 184 are supported
2023-09-11 18:01:52,523 [INFO] ApiDb:414 - User favorites file not found: C:\Users\Dmitrii/.stm32cubeide/favorites.boards.txt
2023-09-11 18:01:52,523 [INFO] DbBoards:190 - Set 0 / 0 favorites Boards
2023-09-11 18:01:52,526 [INFO] ApiDb:668 - CubeFinder database Data Model version=2.1
2023-09-11 18:01:52,526 [INFO] ApiDb:669 - CubeFinder database Configuration version=3.0.37
2023-09-11 18:01:52,526 [INFO] ApiDb:670 - CubeFinder database generation date=2023-08-09 (1691586011)
2023-09-11 18:01:52,526 [INFO] ApiDb:671 - CubeFinder database FW Pack versions=[FP-ATR-ASTRA1_V2.0.0, FP-SNS-FLIGHT1_V5.0.1, FP-SNS-FLIGHT1_V5.0.2, FP-SNS-MOTENV1_V4.3.1, FP-SNS-MOTENV1_V4.3.2, STM32Cube_FW_C0_V1.1.0, STM32Cube_FW_F4_V1.27.1, STM32Cube_FW_F7_V1.17.0, STM32Cube_FW_G0_V1.6.1, STM32Cube_FW_G4_V1.5.1, STM32Cube_FW_H5_V0.5.1, STM32Cube_FW_H5_V1.1.0, STM32Cube_FW_H7_V1.11.0, STM32Cube_FW_L0_V1.12.2, STM32Cube_FW_L5_V1.5.0, STM32Cube_FW_U5_V1.3.0, STM32Cube_FW_U5_V1.3.0RC4, STM32Cube_FW_WBA_V1.0.0RC1, STM32Cube_FW_WBA_V1.1.0, STM32Cube_FW_WBA_V1.1.0RC1, STM32Cube_FW_WB_V1.15.0RC1, STM32Cube_FW_WB_V1.16.0, STM32Cube_FW_WB_V1.16.0RC2, STM32Cube_FW_WB_V1.17.0, STM32Cube_FW_WL_V1.3.0, X-CUBE-ALGOBUILD_V1.3.0, X-CUBE-ALS_V1.0.1, X-CUBE-AZRTOS-F4_V1.1.0, X-CUBE-AZRTOS-F7_V1.1.0, X-CUBE-AZRTOS-G0_V1.1.0, X-CUBE-AZRTOS-G4_V2.0.0, X-CUBE-AZRTOS-H7_V3.1.0, X-CUBE-AZRTOS-L4_V1.0.0, X-CUBE-AZRTOS-L4_V2.0.0, X-CUBE-AZRTOS-L5_V1.1.0, X-CUBE-AZRTOS-WB_V1.1.0, X-CUBE-AZRTOS-WL_V2.0.0, X-CUBE-BLE1_V7.0.0, X-CUBE-BLE2_V3.3.0, X-CUBE-BLEMGR_V2.0.0, X-CUBE-EEPRMA1_V4.1.0, X-CUBE-FREERTOS_V1.1.0, X-CUBE-GNSS1_V6.0.0, X-CUBE-MEMS1_V9.1.0, X-CUBE-MEMS1_V9.4.0, X-CUBE-MEMS1_V9.6.0, X-CUBE-NFC4_V3.0.0, X-CUBE-NFC7_V1.0.0, X-CUBE-SFXS2LP1_V4.0.0, X-CUBE-SUBG2_V5.0.0, X-CUBE-TOF1_V3.3.1]
2023-09-11 18:01:53,145 [INFO] DbExamplesSqlite:376 - Ignored 27 examples not supported by CubeIDE
2023-09-11 18:01:53,145 [INFO] DbExamplesSqlite:377 - Found 7231 examples active
2023-09-11 18:01:53,145 [INFO] DbExamplesSqlite:378 - Found 677 examples obsolete
2023-09-11 18:01:53,145 [INFO] DbExamplesSqlite:379 - Found 0 examples under development
2023-09-11 18:01:53,146 [INFO] DbExamplesSqlite:380 - Found 74 examples not building
2023-09-11 18:01:53,147 [INFO] DbExamples:125 - Found 7278 examples
2023-09-11 18:01:53,164 [ERROR] DbExamples:208 - Found 22 examples with invalid data (board or MCU)
2023-09-11 18:01:53,164 [INFO] DbExamples:222 - Found 91 boards with related examples
2023-09-11 18:01:53,165 [INFO] DbExamples:235 - Found 77 MCUs with related examples
2023-09-11 18:01:53,182 [INFO] ApiDb:414 - User favorites file not found: C:\Users\Dmitrii/.stm32cubeide/favorites.examples.txt
2023-09-11 18:01:53,182 [INFO] DbExamples:250 - Set 0 / 0 favorites Examples
2023-09-11 18:01:53,252 [INFO] McuFinderGlobals:66 - Set McuFinderConnectedMode to true
2023-09-11 18:01:53,258 [INFO] MultiScanPanel:200 - Auto-refresh data requested => check proxy status ongoing
2023-09-11 18:01:53,261 [INFO] FinderPluginLoader:95 - Searching for filters in installed packs
2023-09-11 18:01:54,356 [INFO] LoadUrlFilesThread:185 - End of LoadServerUrlFiles without Thread
2023-09-11 18:01:54,426 [INFO] DetailPanel:341 - Set advertising image to C:/Users/Dmitrii/STM32Cube/Repository/\en.prom-stm32h5-mcu-finder.jpg
2023-09-11 18:02:01,320 [INFO] McuFinderGlobals:66 - Set McuFinderConnectedMode to true
2023-09-11 18:02:01,736 [INFO] ApiDb:448 - Save user favorites file C:\Users\Dmitrii/.stm32cubeide/favorites.mcus.txt: 0 item(s)
2023-09-11 18:02:01,736 [INFO] ApiDb:452 - User favorites MCUs=[]
