2024-03-12 09:55:46,401 [ERROR] ConfigurationRetriever:142 - IOException on connection: Read timed out
2024-03-12 09:55:48,412 [ERROR] ConfigurationRetriever:142 - IOException on connection: Read timed out
2024-03-12 10:40:17,680 [ERROR] AdobePublisher:162 - Exception while opening the connection: java.net.UnknownHostException: stmicroelectronics.d3.sc.omtrdc.net
2024-03-12 10:40:17,680 [ERROR] AdobePublisher:162 - Exception while opening the connection: java.net.UnknownHostException: stmicroelectronics.d3.sc.omtrdc.net
2024-03-12 10:40:17,681 [ERROR] AdobePublisher:162 - Exception while opening the connection: java.net.UnknownHostException: stmicroelectronics.d3.sc.omtrdc.net
2024-03-12 10:40:17,683 [ERROR] AdobePublisher:162 - Exception while opening the connection: java.net.UnknownHostException: stmicroelectronics.d3.sc.omtrdc.net
2024-03-12 10:40:17,683 [ERROR] AdobePublisher:162 - Exception while opening the connection: java.net.UnknownHostException: stmicroelectronics.d3.sc.omtrdc.net
2024-03-12 10:40:22,184 [ERROR] AdobePublisher:162 - Exception while opening the connection: java.net.UnknownHostException: stmicroelectronics.d3.sc.omtrdc.net
2024-03-12 10:40:22,184 [ERROR] AdobePublisher:162 - Exception while opening the connection: java.net.UnknownHostException: stmicroelectronics.d3.sc.omtrdc.net
2024-03-12 10:40:22,184 [ERROR] AdobePublisher:162 - Exception while opening the connection: java.net.UnknownHostException: stmicroelectronics.d3.sc.omtrdc.net
2024-03-12 10:40:22,185 [ERROR] AdobePublisher:162 - Exception while opening the connection: java.net.UnknownHostException: stmicroelectronics.d3.sc.omtrdc.net
2024-03-12 10:40:22,185 [ERROR] AdobePublisher:162 - Exception while opening the connection: java.net.UnknownHostException: stmicroelectronics.d3.sc.omtrdc.net
2024-03-12 14:37:37,148 [INFO] Activator:176 - 


2024-03-12 14:37:37,150 [INFO] Activator:177 - !SESSION log4j initialized
2024-03-12 14:37:41,866 [INFO] LogOutputStream:77 - [STDOUT_REDIRECT] 
2024-03-12 14:38:09,751 [ERROR] LogOutputStream:75 - [STDERR_REDIRECT] SLF4J: Failed to load class "org.slf4j.impl.StaticLoggerBinder".
2024-03-12 14:38:09,752 [ERROR] LogOutputStream:75 - [STDERR_REDIRECT] SLF4J: Defaulting to no-operation (NOP) logger implementation
2024-03-12 14:38:09,753 [ERROR] LogOutputStream:75 - [STDERR_REDIRECT] SLF4J: See http://www.slf4j.org/codes.html#StaticLoggerBinder for further details.
2024-03-12 14:49:12,873 [ERROR] AdobePublisher:162 - Exception while opening the connection: java.net.UnknownHostException: stmicroelectronics.d3.sc.omtrdc.net
2024-03-12 14:49:12,874 [ERROR] AdobePublisher:162 - Exception while opening the connection: java.net.UnknownHostException: stmicroelectronics.d3.sc.omtrdc.net
2024-03-12 14:49:12,874 [ERROR] AdobePublisher:162 - Exception while opening the connection: java.net.UnknownHostException: stmicroelectronics.d3.sc.omtrdc.net
2024-03-12 14:49:12,874 [ERROR] AdobePublisher:162 - Exception while opening the connection: java.net.UnknownHostException: stmicroelectronics.d3.sc.omtrdc.net
2024-03-12 14:49:12,875 [ERROR] AdobePublisher:162 - Exception while opening the connection: java.net.UnknownHostException: stmicroelectronics.d3.sc.omtrdc.net
2024-03-12 14:49:51,352 [ERROR] AdobePublisher:162 - Exception while opening the connection: java.net.SocketTimeoutException: Read timed out
2024-03-12 14:49:53,361 [ERROR] AdobePublisher:162 - Exception while opening the connection: java.net.SocketTimeoutException: Read timed out
2024-03-12 14:49:55,368 [ERROR] AdobePublisher:162 - Exception while opening the connection: java.net.SocketTimeoutException: Read timed out
2024-03-12 14:49:57,378 [ERROR] AdobePublisher:162 - Exception while opening the connection: java.net.SocketTimeoutException: Read timed out
2024-03-12 14:49:59,383 [ERROR] AdobePublisher:162 - Exception while opening the connection: java.net.SocketTimeoutException: Read timed out
2024-03-12 15:30:20,430 [ERROR] ConfigurationRetriever:142 - IOException on connection: Read timed out
2024-03-12 15:30:22,442 [ERROR] ConfigurationRetriever:142 - IOException on connection: Read timed out
2024-03-12 15:30:24,456 [ERROR] ConfigurationRetriever:142 - IOException on connection: Read timed out
2024-03-12 15:30:31,990 [ERROR] ConfigurationRetriever:142 - IOException on connection: Read timed out
2024-03-12 15:30:34,004 [ERROR] ConfigurationRetriever:142 - IOException on connection: Read timed out
2024-03-12 15:30:36,017 [ERROR] ConfigurationRetriever:142 - IOException on connection: Read timed out
2024-03-12 15:30:50,270 [ERROR] ConfigurationRetriever:142 - IOException on connection: Read timed out
2024-03-12 15:30:52,285 [ERROR] ConfigurationRetriever:142 - IOException on connection: Read timed out
2024-03-12 15:30:54,300 [ERROR] ConfigurationRetriever:142 - IOException on connection: Read timed out
2024-03-12 15:32:27,281 [ERROR] ConfigurationRetriever:142 - IOException on connection: Read timed out
2024-03-12 15:32:29,284 [ERROR] ConfigurationRetriever:142 - IOException on connection: Read timed out
2024-03-12 15:32:31,294 [ERROR] ConfigurationRetriever:142 - IOException on connection: Read timed out
2024-03-12 15:32:33,326 [ERROR] ConfigurationRetriever:142 - IOException on connection: Read timed out
2024-03-12 15:32:35,330 [ERROR] ConfigurationRetriever:142 - IOException on connection: Read timed out
2024-03-12 15:32:37,335 [ERROR] ConfigurationRetriever:142 - IOException on connection: Read timed out
2024-03-12 15:32:40,990 [ERROR] ConfigurationRetriever:142 - IOException on connection: Read timed out
2024-03-12 15:32:43,006 [ERROR] ConfigurationRetriever:142 - IOException on connection: Read timed out
2024-03-12 15:32:45,019 [ERROR] ConfigurationRetriever:142 - IOException on connection: Read timed out
2024-03-12 15:37:19,705 [ERROR] ConfigurationRetriever:142 - IOException on connection: Read timed out
2024-03-12 15:37:21,717 [ERROR] ConfigurationRetriever:142 - IOException on connection: Read timed out
2024-03-12 15:37:23,736 [ERROR] ConfigurationRetriever:142 - IOException on connection: Read timed out
2024-03-12 15:39:39,423 [ERROR] ConfigurationRetriever:142 - IOException on connection: Read timed out
2024-03-12 15:39:41,431 [ERROR] ConfigurationRetriever:142 - IOException on connection: Read timed out
2024-03-12 15:39:43,440 [ERROR] ConfigurationRetriever:142 - IOException on connection: Read timed out
2024-03-12 15:39:45,477 [ERROR] ConfigurationRetriever:142 - IOException on connection: Read timed out
2024-03-12 15:39:47,492 [ERROR] ConfigurationRetriever:142 - IOException on connection: Read timed out
2024-03-12 15:39:49,496 [ERROR] ConfigurationRetriever:142 - IOException on connection: Read timed out
2024-03-12 15:40:06,760 [ERROR] ConfigurationRetriever:142 - IOException on connection: Read timed out
2024-03-12 15:40:08,778 [ERROR] ConfigurationRetriever:142 - IOException on connection: Read timed out
2024-03-12 15:40:10,783 [ERROR] ConfigurationRetriever:142 - IOException on connection: Read timed out
2024-03-12 15:41:07,177 [ERROR] ConfigurationRetriever:142 - IOException on connection: Read timed out
2024-03-12 15:41:09,196 [ERROR] ConfigurationRetriever:142 - IOException on connection: Read timed out
2024-03-12 15:41:11,197 [ERROR] ConfigurationRetriever:142 - IOException on connection: Read timed out
2024-03-12 15:44:39,044 [ERROR] ConfigurationRetriever:142 - IOException on connection: Read timed out
2024-03-12 15:44:41,060 [ERROR] ConfigurationRetriever:142 - IOException on connection: Read timed out
2024-03-12 15:44:43,076 [ERROR] ConfigurationRetriever:142 - IOException on connection: Read timed out
2024-03-12 15:44:45,101 [ERROR] ConfigurationRetriever:142 - IOException on connection: Read timed out
2024-03-12 15:44:47,114 [ERROR] ConfigurationRetriever:142 - IOException on connection: Read timed out
2024-03-12 15:44:49,128 [ERROR] ConfigurationRetriever:142 - IOException on connection: Read timed out
2024-03-12 15:44:57,077 [ERROR] ConfigurationRetriever:142 - IOException on connection: Read timed out
2024-03-12 15:44:59,083 [ERROR] ConfigurationRetriever:142 - IOException on connection: Read timed out
2024-03-12 15:45:01,091 [ERROR] ConfigurationRetriever:142 - IOException on connection: Read timed out
2024-03-12 15:54:41,328 [ERROR] ConfigurationRetriever:142 - IOException on connection: Read timed out
2024-03-12 15:54:43,344 [ERROR] ConfigurationRetriever:142 - IOException on connection: Read timed out
2024-03-12 15:54:45,352 [ERROR] ConfigurationRetriever:142 - IOException on connection: Read timed out
2024-03-12 15:54:50,925 [ERROR] ConfigurationRetriever:142 - IOException on connection: Read timed out
2024-03-12 15:54:52,932 [ERROR] ConfigurationRetriever:142 - IOException on connection: Read timed out
2024-03-12 15:54:54,944 [ERROR] ConfigurationRetriever:142 - IOException on connection: Read timed out
2024-03-12 15:55:05,757 [ERROR] ConfigurationRetriever:142 - IOException on connection: Read timed out
2024-03-12 15:55:07,772 [ERROR] ConfigurationRetriever:142 - IOException on connection: Read timed out
2024-03-12 15:55:09,788 [ERROR] ConfigurationRetriever:142 - IOException on connection: Read timed out
2024-03-12 15:57:46,224 [ERROR] ConfigurationRetriever:142 - IOException on connection: connect timed out
2024-03-12 15:57:48,231 [ERROR] ConfigurationRetriever:142 - IOException on connection: connect timed out
2024-03-12 15:57:50,243 [ERROR] ConfigurationRetriever:142 - IOException on connection: connect timed out
2024-03-12 15:57:52,278 [ERROR] ConfigurationRetriever:142 - IOException on connection: connect timed out
2024-03-12 15:57:54,292 [ERROR] ConfigurationRetriever:142 - IOException on connection: connect timed out
2024-03-12 15:57:56,294 [ERROR] ConfigurationRetriever:142 - IOException on connection: connect timed out
2024-03-12 15:57:58,801 [ERROR] ConfigurationRetriever:142 - IOException on connection: connect timed out
2024-03-12 15:58:00,801 [ERROR] ConfigurationRetriever:142 - IOException on connection: connect timed out
2024-03-12 15:58:02,810 [ERROR] ConfigurationRetriever:142 - IOException on connection: connect timed out
2024-03-12 16:02:33,809 [ERROR] ConfigurationRetriever:142 - IOException on connection: connect timed out
2024-03-12 16:02:35,822 [ERROR] ConfigurationRetriever:142 - IOException on connection: connect timed out
2024-03-12 16:02:37,835 [ERROR] ConfigurationRetriever:142 - IOException on connection: connect timed out
2024-03-12 16:02:39,872 [ERROR] ConfigurationRetriever:142 - IOException on connection: connect timed out
2024-03-12 16:02:41,874 [ERROR] ConfigurationRetriever:142 - IOException on connection: connect timed out
2024-03-12 16:02:43,887 [ERROR] ConfigurationRetriever:142 - IOException on connection: connect timed out
2024-03-12 16:02:47,586 [ERROR] ConfigurationRetriever:142 - IOException on connection: connect timed out
2024-03-12 16:02:49,593 [ERROR] ConfigurationRetriever:142 - IOException on connection: connect timed out
2024-03-12 18:09:08,363 [ERROR] ConfigurationRetriever:142 - IOException on connection: Read timed out
2024-03-12 18:09:10,371 [ERROR] ConfigurationRetriever:142 - IOException on connection: Read timed out
2024-03-12 18:09:12,381 [ERROR] ConfigurationRetriever:142 - IOException on connection: Read timed out
