2023-11-17 09:05:17,234 [ERROR] ConfigurationRetriever:142 - IOException on connection: Read timed out
2023-11-17 09:06:10,886 [ERROR] ConfigurationRetriever:142 - IOException on connection: Read timed out
2023-11-17 09:08:12,495 [ERROR] ConfigurationRetriever:142 - IOException on connection: Read timed out
2023-11-17 09:09:28,755 [ERROR] ConfigurationRetriever:142 - IOException on connection: Read timed out
2023-11-17 10:44:08,040 [ERROR] AdobePublisher:162 - Exception while opening the connection: java.net.SocketTimeoutException: Read timed out
2023-11-17 10:44:10,054 [ERROR] AdobePublisher:162 - Exception while opening the connection: java.net.SocketTimeoutException: Read timed out
2023-11-17 14:53:42,043 [INFO] Activator:176 - 


2023-11-17 14:53:42,045 [INFO] Activator:177 - !SESSION log4j initialized
2023-11-17 14:53:46,782 [INFO] LogOutputStream:77 - [STDOUT_REDIRECT] 
2023-11-17 14:54:17,692 [ERROR] LogOutputStream:75 - [STDERR_REDIRECT] SLF4J: Failed to load class "org.slf4j.impl.StaticLoggerBinder".
2023-11-17 14:54:17,692 [ERROR] LogOutputStream:75 - [STDERR_REDIRECT] SLF4J: Defaulting to no-operation (NOP) logger implementation
2023-11-17 14:54:17,694 [ERROR] LogOutputStream:75 - [STDERR_REDIRECT] SLF4J: See http://www.slf4j.org/codes.html#StaticLoggerBinder for further details.
2023-11-17 16:16:20,137 [ERROR] AdobePublisher:162 - Exception while opening the connection: java.net.SocketTimeoutException: Read timed out
2023-11-17 16:16:22,153 [ERROR] AdobePublisher:162 - Exception while opening the connection: java.net.SocketTimeoutException: Read timed out
2023-11-17 16:38:43,332 [ERROR] ConfigurationRetriever:142 - IOException on connection: Read timed out
2023-11-17 16:38:45,345 [ERROR] ConfigurationRetriever:142 - IOException on connection: Read timed out
2023-11-17 16:38:47,356 [ERROR] ConfigurationRetriever:142 - IOException on connection: Read timed out
2023-11-17 16:38:49,378 [ERROR] ConfigurationRetriever:142 - IOException on connection: Read timed out
2023-11-17 16:38:51,397 [ERROR] ConfigurationRetriever:142 - IOException on connection: Read timed out
2023-11-17 16:38:53,413 [ERROR] ConfigurationRetriever:142 - IOException on connection: Read timed out
2023-11-17 16:47:28,773 [ERROR] ConfigurationRetriever:142 - IOException on connection: Read timed out
2023-11-17 16:47:30,793 [ERROR] ConfigurationRetriever:142 - IOException on connection: Read timed out
2023-11-17 16:47:32,813 [ERROR] ConfigurationRetriever:142 - IOException on connection: Read timed out
2023-11-17 16:47:34,840 [ERROR] ConfigurationRetriever:142 - IOException on connection: Read timed out
2023-11-17 16:47:36,844 [ERROR] ConfigurationRetriever:142 - IOException on connection: Read timed out
2023-11-17 16:47:38,859 [ERROR] ConfigurationRetriever:142 - IOException on connection: Read timed out
2023-11-17 16:51:11,986 [ERROR] ConfigurationRetriever:142 - IOException on connection: Read timed out
2023-11-17 16:51:13,994 [ERROR] ConfigurationRetriever:142 - IOException on connection: Read timed out
2023-11-17 16:51:16,002 [ERROR] ConfigurationRetriever:142 - IOException on connection: Read timed out
2023-11-17 16:55:39,763 [ERROR] ConfigurationRetriever:142 - IOException on connection: Read timed out
2023-11-17 16:55:41,772 [ERROR] ConfigurationRetriever:142 - IOException on connection: Read timed out
2023-11-17 16:55:43,783 [ERROR] ConfigurationRetriever:142 - IOException on connection: Read timed out
