2023-09-12 09:34:28,517 [INFO] Activator:176 - 


2023-09-12 09:34:28,521 [INFO] Activator:177 - !SESSION log4j initialized
2023-09-12 09:34:32,318 [INFO] LogOutputStream:77 - [STDOUT_REDIRECT] 
2023-09-12 09:34:53,933 [ERROR] LogOutputStream:75 - [STDERR_REDIRECT] SLF4J: Failed to load class "org.slf4j.impl.StaticLoggerBinder".
2023-09-12 09:34:53,934 [ERROR] LogOutputStream:75 - [STDERR_REDIRECT] SLF4J: Defaulting to no-operation (NOP) logger implementation
2023-09-12 09:34:53,935 [ERROR] LogOutputStream:75 - [STDERR_REDIRECT] SLF4J: See http://www.slf4j.org/codes.html#StaticLoggerBinder for further details.
2023-09-12 09:48:31,384 [INFO] Activator:176 - 


2023-09-12 09:48:31,386 [INFO] Activator:177 - !SESSION log4j initialized
2023-09-12 09:48:34,508 [INFO] LogOutputStream:77 - [STDOUT_REDIRECT] 
2023-09-12 09:48:55,786 [ERROR] LogOutputStream:75 - [STDERR_REDIRECT] SLF4J: Failed to load class "org.slf4j.impl.StaticLoggerBinder".
2023-09-12 09:48:55,786 [ERROR] LogOutputStream:75 - [STDERR_REDIRECT] SLF4J: Defaulting to no-operation (NOP) logger implementation
2023-09-12 09:48:55,788 [ERROR] LogOutputStream:75 - [STDERR_REDIRECT] SLF4J: See http://www.slf4j.org/codes.html#StaticLoggerBinder for further details.
2023-09-12 10:07:41,711 [INFO] Activator:176 - 


2023-09-12 10:07:41,713 [INFO] Activator:177 - !SESSION log4j initialized
2023-09-12 10:07:44,491 [INFO] LogOutputStream:77 - [STDOUT_REDIRECT] 
2023-09-12 10:08:26,701 [INFO] Activator:176 - 


2023-09-12 10:08:26,702 [INFO] Activator:177 - !SESSION log4j initialized
2023-09-12 10:08:29,154 [INFO] LogOutputStream:77 - [STDOUT_REDIRECT] 
2023-09-12 10:08:36,228 [INFO] ApplicationProperties:184 - Using Application install path: C:\ST\STM32CubeIDE_1.12.0\STM32CubeIDE\plugins\com.st.stm32cube.common.mx_6.8.0.202302231600
2023-09-12 10:08:36,243 [INFO] DbMcusXml:78 - Set database path to: C:\ST\STM32CubeIDE_1.12.0\STM32CubeIDE\plugins\com.st.stm32cube.common.mx_6.8.0.202302231600\\db\/mcu/
2023-09-12 10:08:36,243 [INFO] ApiDb:274 - Set plugin database path to: C:\ST\STM32CubeIDE_1.12.0\STM32CubeIDE\plugins\com.st.stm32cube.common.mx_6.8.0.202302231600\\db\/plugins/boardmanager/
2023-09-12 10:08:36,245 [WARN] ApiDb:259 - Overriding images path with different value:  => C:\ST\STM32CubeIDE_1.12.0\STM32CubeIDE\plugins\com.st.stm32cube.common.mx_6.8.0.202302231600\\db\/plugins/mcufinder/images/
2023-09-12 10:08:36,258 [INFO] ApiDb:250 - Set database path to: C:\Users\Dmitrii\.stmcufinder\plugins\mcufinder//mcu/
2023-09-12 10:08:36,259 [INFO] DbMcusAds:125 - Set database path to: C:\Users\Dmitrii\.stmcufinder\plugins\mcufinder//mcu/
2023-09-12 10:08:36,261 [INFO] CrossReferenceDbSqlite:203 - Set database path to: C:\Users\Dmitrii\.stmcufinder\plugins\mcufinder//mcu/cs/
2023-09-12 10:08:36,351 [INFO] RulesReader:64 - Compatibility file has been processed (293 Rules)
2023-09-12 10:08:36,417 [INFO] DbMcusXml:78 - Set database path to: C:\ST\STM32CubeIDE_1.12.0\STM32CubeIDE\plugins\com.st.stm32cube.common.mx_6.8.0.202302231600\\db\/mcu/
2023-09-12 10:08:36,418 [INFO] ApiDb:274 - Set plugin database path to: C:\ST\STM32CubeIDE_1.12.0\STM32CubeIDE\plugins\com.st.stm32cube.common.mx_6.8.0.202302231600\\db\/plugins/boardmanager/
2023-09-12 10:08:36,418 [INFO] ApiDb:261 - Set plugin images path to: C:\ST\STM32CubeIDE_1.12.0\STM32CubeIDE\plugins\com.st.stm32cube.common.mx_6.8.0.202302231600\\db\/plugins/mcufinder/images/
2023-09-12 10:08:36,418 [WARN] DbFile:41 - Overriding database path with different value: C:\Users\Dmitrii\.stmcufinder\plugins\mcufinder/ => C:\Users\Dmitrii\.stmcufinder\plugins\mcufinder
2023-09-12 10:08:36,418 [INFO] ApiDb:250 - Set database path to: C:\Users\Dmitrii\.stmcufinder\plugins\mcufinder//mcu/
2023-09-12 10:08:36,419 [WARN] DbFile:41 - Overriding database path with different value: C:\Users\Dmitrii\.stmcufinder\plugins\mcufinder/ => C:\Users\Dmitrii\.stmcufinder\plugins\mcufinder
2023-09-12 10:08:36,419 [INFO] DbMcusAds:125 - Set database path to: C:\Users\Dmitrii\.stmcufinder\plugins\mcufinder//mcu/
2023-09-12 10:08:36,419 [WARN] DbFile:41 - Overriding database path with different value: C:\Users\Dmitrii\.stmcufinder\plugins\mcufinder/ => C:\Users\Dmitrii\.stmcufinder\plugins\mcufinder
2023-09-12 10:08:36,419 [WARN] DbFile:41 - Overriding database path with different value: C:\Users\Dmitrii\.stmcufinder\plugins\mcufinder/ => C:\Users\Dmitrii\.stmcufinder\plugins\mcufinder
2023-09-12 10:08:36,419 [INFO] CrossReferenceDbSqlite:203 - Set database path to: C:\Users\Dmitrii\.stmcufinder\plugins\mcufinder//mcu/cs/
2023-09-12 10:08:36,477 [INFO] MainPanel:253 - HeapMemory: 268435456
2023-09-12 10:08:36,553 [INFO] DbMcusXml:78 - Set database path to: C:\ST\STM32CubeIDE_1.12.0\STM32CubeIDE\plugins\com.st.stm32cube.common.mx_6.8.0.202302231600\\db\/mcu/
2023-09-12 10:08:36,553 [INFO] ApiDb:274 - Set plugin database path to: C:\ST\STM32CubeIDE_1.12.0\STM32CubeIDE\plugins\com.st.stm32cube.common.mx_6.8.0.202302231600\\db\/plugins/boardmanager/
2023-09-12 10:08:36,553 [INFO] ApiDb:261 - Set plugin images path to: C:\ST\STM32CubeIDE_1.12.0\STM32CubeIDE\plugins\com.st.stm32cube.common.mx_6.8.0.202302231600\\db\/plugins/mcufinder/images/
2023-09-12 10:08:36,553 [WARN] DbFile:41 - Overriding database path with different value: C:\Users\Dmitrii\.stmcufinder\plugins\mcufinder/ => C:\Users\Dmitrii\.stmcufinder\plugins\mcufinder
2023-09-12 10:08:36,553 [INFO] ApiDb:250 - Set database path to: C:\Users\Dmitrii\.stmcufinder\plugins\mcufinder//mcu/
2023-09-12 10:08:36,553 [WARN] DbFile:41 - Overriding database path with different value: C:\Users\Dmitrii\.stmcufinder\plugins\mcufinder/ => C:\Users\Dmitrii\.stmcufinder\plugins\mcufinder
2023-09-12 10:08:36,553 [INFO] DbMcusAds:125 - Set database path to: C:\Users\Dmitrii\.stmcufinder\plugins\mcufinder//mcu/
2023-09-12 10:08:36,553 [WARN] DbFile:41 - Overriding database path with different value: C:\Users\Dmitrii\.stmcufinder\plugins\mcufinder/ => C:\Users\Dmitrii\.stmcufinder\plugins\mcufinder
2023-09-12 10:08:36,554 [WARN] DbFile:41 - Overriding database path with different value: C:\Users\Dmitrii\.stmcufinder\plugins\mcufinder/ => C:\Users\Dmitrii\.stmcufinder\plugins\mcufinder
2023-09-12 10:08:36,554 [INFO] CrossReferenceDbSqlite:203 - Set database path to: C:\Users\Dmitrii\.stmcufinder\plugins\mcufinder//mcu/cs/
2023-09-12 10:08:36,569 [INFO] ApplicationProperties:184 - Using Application install path: C:\ST\STM32CubeIDE_1.12.0\STM32CubeIDE\plugins\com.st.stm32cube.common.mx_6.8.0.202302231600
2023-09-12 10:08:36,570 [INFO] PluginManage:196 - Search for loadable plugins [exclusion list=, ]
2023-09-12 10:08:36,572 [INFO] PluginManage:310 - Check plugin analytics
2023-09-12 10:08:36,698 [INFO] AnalyticsPlugin:253 - Accepted Software Licenses: STM32CubeMX.6.8.0
2023-09-12 10:08:36,698 [INFO] AnalyticsPlugin:255 - Accepted CMSIS Pack Licenses: 
2023-09-12 10:08:36,698 [INFO] AnalyticsPlugin:257 - Accepted Firmware Licenses: 
2023-09-12 10:08:36,707 [INFO] PluginManage:359 - Loaded plugin analytics (category:tool,tabindex:-1)
2023-09-12 10:08:36,708 [INFO] PluginManage:310 - Check plugin cadmodel
2023-09-12 10:08:36,727 [INFO] CADModel:105 - Init CAD model plugin
2023-09-12 10:08:36,727 [INFO] PluginManage:359 - Loaded plugin cadmodel (category:power,tabindex:5)
2023-09-12 10:08:36,728 [INFO] PluginManage:310 - Check plugin clock
2023-09-12 10:08:36,743 [INFO] PluginManage:359 - Loaded plugin clock (category:base,tabindex:2)
2023-09-12 10:08:36,743 [INFO] PluginManage:310 - Check plugin ddr
2023-09-12 10:08:36,745 [INFO] PluginManage:359 - Loaded plugin ddr (category:tool,tabindex:6)
2023-09-12 10:08:36,746 [INFO] PluginManage:310 - Check plugin filemanager
2023-09-12 10:08:36,852 [INFO] PluginManage:359 - Loaded plugin filemanager (category:base,tabindex:10)
2023-09-12 10:08:36,852 [INFO] PluginManage:310 - Check plugin ipmanager
2023-09-12 10:08:36,858 [INFO] PluginManage:359 - Loaded plugin ipmanager (category:base,tabindex:5)
2023-09-12 10:08:36,859 [INFO] PluginManage:310 - Check plugin lpbam
2023-09-12 10:08:36,975 [INFO] PluginManage:359 - Loaded plugin lpbam (category:base,tabindex:0)
2023-09-12 10:08:36,975 [INFO] PluginManage:310 - Check plugin pinoutandconfiguration
2023-09-12 10:08:36,988 [INFO] PluginManage:359 - Loaded plugin pinoutandconfiguration (category:base,tabindex:1)
2023-09-12 10:08:36,988 [INFO] PluginManage:310 - Check plugin pinoutconfig
2023-09-12 10:08:37,043 [WARN] SupportedApi:132 - Cannot load RTOS API schema: s4s-elt-must-match.1: The content of 'definitions' must match (annotation?, (simpleType | complexType)?, (unique | key | keyref)*)). A problem was found starting at: attribute.
2023-09-12 10:08:37,149 [INFO] PluginManage:359 - Loaded plugin pinoutconfig (category:base,tabindex:0)
2023-09-12 10:08:37,149 [INFO] PluginManage:310 - Check plugin power
2023-09-12 10:08:37,168 [INFO] PluginManage:359 - Loaded plugin power (category:power,tabindex:4)
2023-09-12 10:08:37,168 [INFO] PluginManage:310 - Check plugin projectmanager
2023-09-12 10:08:37,183 [INFO] PluginManage:359 - Loaded plugin projectmanager (category:projectmanager,tabindex:3)
2023-09-12 10:08:37,183 [INFO] PluginManage:310 - Check plugin thirdparty
2023-09-12 10:08:37,344 [INFO] PluginManage:359 - Loaded plugin thirdparty (category:base,tabindex:-1)
2023-09-12 10:08:37,344 [INFO] PluginManage:310 - Check plugin tools
2023-09-12 10:08:37,343 [WARN] IntegrityCheckThread:84 - waiting for thirdparty lock release [integrity check]
2023-09-12 10:08:37,350 [INFO] IntegrityCheckThread:86 - entering critical section [integrity check]
2023-09-12 10:08:37,352 [INFO] ThirdPartyUpdaterWithRetryManager:70 - Updater plugin not ready yet. [1/15]
2023-09-12 10:08:37,360 [INFO] PluginManage:359 - Loaded plugin tools (category:base,tabindex:7)
2023-09-12 10:08:37,360 [INFO] PluginManage:310 - Check plugin tutovideos
2023-09-12 10:08:37,547 [INFO] PluginManage:359 - Loaded plugin tutovideos (category:base,tabindex:-1)
2023-09-12 10:08:37,547 [INFO] PluginManage:310 - Check plugin updater
2023-09-12 10:08:37,559 [INFO] PluginManage:359 - Loaded plugin updater (category:base,tabindex:12)
2023-09-12 10:08:37,559 [INFO] PluginManage:283 - PluginManage : Loaded plugins [15]
2023-09-12 10:08:37,749 [INFO] PinOutPanel:1499 - setPackage(No Configuration,No Configuration)
2023-09-12 10:08:37,800 [INFO] CADModel:165 - CPN selected for project level
2023-09-12 10:08:37,800 [INFO] CADModel:114 - Register for checkConnection events
2023-09-12 10:08:37,850 [INFO] IPUIPlugin:80 - create IPUIPlugin
2023-09-12 10:08:37,850 [INFO] PluginManager:220 - loadIPPluginJar : add adc
2023-09-12 10:08:37,864 [INFO] IPUIPlugin:80 - create IPUIPlugin
2023-09-12 10:08:37,864 [INFO] PluginManager:220 - loadIPPluginJar : add aes
2023-09-12 10:08:37,879 [INFO] IPUIPlugin:80 - create IPUIPlugin
2023-09-12 10:08:37,879 [INFO] PluginManager:220 - loadIPPluginJar : add can
2023-09-12 10:08:37,889 [INFO] IPUIPlugin:80 - create IPUIPlugin
2023-09-12 10:08:37,889 [INFO] PluginManager:220 - loadIPPluginJar : add comp
2023-09-12 10:08:37,902 [INFO] IPUIPlugin:80 - create IPUIPlugin
2023-09-12 10:08:37,902 [INFO] PluginManager:220 - loadIPPluginJar : add cryp
2023-09-12 10:08:37,915 [INFO] IPUIPlugin:80 - create IPUIPlugin
2023-09-12 10:08:37,915 [INFO] PluginManager:220 - loadIPPluginJar : add dfsdm
2023-09-12 10:08:37,960 [INFO] IPUIPlugin:80 - create IPUIPlugin
2023-09-12 10:08:37,961 [INFO] PluginManager:220 - loadIPPluginJar : add dma
2023-09-12 10:08:37,981 [INFO] IPUIPlugin:80 - create IPUIPlugin
2023-09-12 10:08:37,982 [INFO] PluginManager:220 - loadIPPluginJar : add dma3
2023-09-12 10:08:38,007 [INFO] IPUIPlugin:80 - create IPUIPlugin
2023-09-12 10:08:38,007 [INFO] PluginManager:220 - loadIPPluginJar : add fatfs
2023-09-12 10:08:38,027 [INFO] IPUIPlugin:80 - create IPUIPlugin
2023-09-12 10:08:38,027 [INFO] PluginManager:220 - loadIPPluginJar : add fmc
2023-09-12 10:08:38,037 [INFO] IPUIPlugin:80 - create IPUIPlugin
2023-09-12 10:08:38,037 [INFO] PluginManager:220 - loadIPPluginJar : add freertos
2023-09-12 10:08:38,047 [INFO] IPUIPlugin:80 - create IPUIPlugin
2023-09-12 10:08:38,047 [INFO] PluginManager:220 - loadIPPluginJar : add genericplugin
2023-09-12 10:08:38,081 [INFO] IPUIPlugin:80 - create IPUIPlugin
2023-09-12 10:08:38,081 [INFO] PluginManager:220 - loadIPPluginJar : add gfxmmu
2023-09-12 10:08:38,128 [INFO] IPUIPlugin:80 - create IPUIPlugin
2023-09-12 10:08:38,128 [INFO] PluginManager:220 - loadIPPluginJar : add gic
2023-09-12 10:08:38,205 [INFO] IPUIPlugin:80 - create IPUIPlugin
2023-09-12 10:08:38,205 [INFO] PluginManager:220 - loadIPPluginJar : add gpio
2023-09-12 10:08:38,231 [INFO] IPUIPlugin:80 - create IPUIPlugin
2023-09-12 10:08:38,231 [INFO] PluginManager:220 - loadIPPluginJar : add gtzc
2023-09-12 10:08:38,245 [INFO] IPUIPlugin:80 - create IPUIPlugin
2023-09-12 10:08:38,245 [INFO] PluginManager:220 - loadIPPluginJar : add hash
2023-09-12 10:08:38,265 [INFO] IPUIPlugin:80 - create IPUIPlugin
2023-09-12 10:08:38,266 [INFO] PluginManager:220 - loadIPPluginJar : add i2c
2023-09-12 10:08:38,281 [INFO] IPUIPlugin:80 - create IPUIPlugin
2023-09-12 10:08:38,281 [INFO] PluginManager:220 - loadIPPluginJar : add i2s
2023-09-12 10:08:38,298 [INFO] IPUIPlugin:80 - create IPUIPlugin
2023-09-12 10:08:38,298 [INFO] PluginManager:220 - loadIPPluginJar : add i3c
2023-09-12 10:08:38,325 [INFO] IPUIPlugin:80 - create IPUIPlugin
2023-09-12 10:08:38,325 [INFO] PluginManager:220 - loadIPPluginJar : add ipddr
2023-09-12 10:08:38,360 [INFO] IPUIPlugin:80 - create IPUIPlugin
2023-09-12 10:08:38,360 [INFO] PluginManager:220 - loadIPPluginJar : add linkedlist
2023-09-12 10:08:38,375 [INFO] IPUIPlugin:80 - create IPUIPlugin
2023-09-12 10:08:38,376 [INFO] PluginManager:220 - loadIPPluginJar : add lorawan
2023-09-12 10:08:38,390 [INFO] IPUIPlugin:80 - create IPUIPlugin
2023-09-12 10:08:38,390 [INFO] PluginManager:220 - loadIPPluginJar : add ltdc
2023-09-12 10:08:38,454 [INFO] IPUIPlugin:80 - create IPUIPlugin
2023-09-12 10:08:38,455 [INFO] PluginManager:220 - loadIPPluginJar : add mdma
2023-09-12 10:08:38,524 [INFO] IPUIPlugin:80 - create IPUIPlugin
2023-09-12 10:08:38,525 [INFO] PluginManager:220 - loadIPPluginJar : add nvic
2023-09-12 10:08:38,539 [INFO] IPUIPlugin:80 - create IPUIPlugin
2023-09-12 10:08:38,539 [INFO] PluginManager:220 - loadIPPluginJar : add opamp
2023-09-12 10:08:38,561 [INFO] IPUIPlugin:80 - create IPUIPlugin
2023-09-12 10:08:38,562 [INFO] PluginManager:220 - loadIPPluginJar : add openamp
2023-09-12 10:08:38,578 [INFO] IPUIPlugin:80 - create IPUIPlugin
2023-09-12 10:08:38,578 [INFO] PluginManager:220 - loadIPPluginJar : add pdm2pcm
2023-09-12 10:08:38,646 [INFO] IPUIPlugin:80 - create IPUIPlugin
2023-09-12 10:08:38,649 [INFO] PluginManager:220 - loadIPPluginJar : add plateformsettings
2023-09-12 10:08:38,659 [INFO] IPUIPlugin:80 - create IPUIPlugin
2023-09-12 10:08:38,659 [INFO] PluginManager:220 - loadIPPluginJar : add quadspi
2023-09-12 10:08:38,666 [INFO] IPUIPlugin:80 - create IPUIPlugin
2023-09-12 10:08:38,666 [INFO] PluginManager:220 - loadIPPluginJar : add resmgrutility
2023-09-12 10:08:38,682 [INFO] IPUIPlugin:80 - create IPUIPlugin
2023-09-12 10:08:38,683 [INFO] PluginManager:220 - loadIPPluginJar : add sai
2023-09-12 10:08:38,697 [INFO] IPUIPlugin:80 - create IPUIPlugin
2023-09-12 10:08:38,697 [INFO] PluginManager:220 - loadIPPluginJar : add spi
2023-09-12 10:08:38,717 [INFO] IPUIPlugin:80 - create IPUIPlugin
2023-09-12 10:08:38,717 [INFO] PluginManager:220 - loadIPPluginJar : add stm32_wpan
2023-09-12 10:08:38,727 [INFO] IPUIPlugin:80 - create IPUIPlugin
2023-09-12 10:08:38,727 [INFO] PluginManager:220 - loadIPPluginJar : add tim
2023-09-12 10:08:38,746 [INFO] IPUIPlugin:80 - create IPUIPlugin
2023-09-12 10:08:38,746 [INFO] PluginManager:220 - loadIPPluginJar : add touchsensing
2023-09-12 10:08:38,757 [INFO] IPUIPlugin:80 - create IPUIPlugin
2023-09-12 10:08:38,757 [INFO] PluginManager:220 - loadIPPluginJar : add tracer_emb
2023-09-12 10:08:38,767 [INFO] IPUIPlugin:80 - create IPUIPlugin
2023-09-12 10:08:38,767 [INFO] PluginManager:220 - loadIPPluginJar : add ts
2023-09-12 10:08:38,777 [INFO] IPUIPlugin:80 - create IPUIPlugin
2023-09-12 10:08:38,777 [INFO] PluginManager:220 - loadIPPluginJar : add tsc
2023-09-12 10:08:38,787 [INFO] IPUIPlugin:80 - create IPUIPlugin
2023-09-12 10:08:38,787 [INFO] PluginManager:220 - loadIPPluginJar : add ucpd
2023-09-12 10:08:38,802 [INFO] IPUIPlugin:80 - create IPUIPlugin
2023-09-12 10:08:38,802 [INFO] PluginManager:220 - loadIPPluginJar : add usart
2023-09-12 10:08:38,818 [INFO] IPUIPlugin:80 - create IPUIPlugin
2023-09-12 10:08:38,818 [INFO] PluginManager:220 - loadIPPluginJar : add usbx
2023-09-12 10:08:38,941 [INFO] CADModel:165 - CPN selected for project level
2023-09-12 10:08:38,942 [INFO] CADModel:114 - Register for checkConnection events
2023-09-12 10:08:38,942 [FATAL] Updater:308 - Updater called before beeing initialized
2023-09-12 10:08:38,942 [ERROR] CADModel:125 - Updater not yet initialized, retry later 
2023-09-12 10:08:39,038 [INFO] CADModel:165 - CPN selected for project level
2023-09-12 10:08:39,038 [INFO] CADModel:114 - Register for checkConnection events
2023-09-12 10:08:39,038 [FATAL] Updater:308 - Updater called before beeing initialized
2023-09-12 10:08:39,038 [ERROR] CADModel:125 - Updater not yet initialized, retry later 
2023-09-12 10:08:39,042 [FATAL] Updater:308 - Updater called before beeing initialized
2023-09-12 10:08:39,130 [FATAL] Updater:308 - Updater called before beeing initialized
2023-09-12 10:08:39,136 [INFO] DbMcusAds:53 - JSON generation date=Tue Mar 07 11:50:55 GMT+03:00 2023 (1678179055114)
2023-09-12 10:08:39,136 [FATAL] Updater:308 - Updater called before beeing initialized
2023-09-12 10:08:39,165 [WARN] DetailPanel:346 - Failed to get advertising image, set to default
2023-09-12 10:08:39,258 [FATAL] Updater:308 - Updater called before beeing initialized
2023-09-12 10:08:39,259 [FATAL] Updater:308 - Updater called before beeing initialized
2023-09-12 10:08:39,259 [FATAL] Updater:308 - Updater called before beeing initialized
2023-09-12 10:08:39,259 [WARN] DetailPanel:346 - Failed to get advertising image, set to default
2023-09-12 10:08:39,260 [FATAL] Updater:308 - Updater called before beeing initialized
2023-09-12 10:08:39,302 [ERROR] Updater:1120 - MainUpdater not yet initialized. External WinMGr cannot be set.
2023-09-12 10:08:39,306 [INFO] Updater:1056 - Updater Version found : 6.8.0
2023-09-12 10:08:39,319 [INFO] ApplicationProperties:184 - Using Application install path: C:\ST\STM32CubeIDE_1.12.0\STM32CubeIDE\plugins\com.st.stm32cube.common.mx_6.8.0.202302231600
2023-09-12 10:08:39,459 [INFO] MainUpdater:2854 - connection check result : 10
2023-09-12 10:08:39,465 [INFO] MainUpdater:283 - Updater Check For Update Now.
2023-09-12 10:08:39,466 [INFO] MicroXplorer:498 - Change Database Version : DB.6.0.80
2023-09-12 10:08:39,618 [INFO] CheckServerUpdateThread:120 - End of CheckServer Thread
2023-09-12 10:08:39,687 [INFO] MainUpdater:2854 - connection check result : 10
2023-09-12 10:08:39,690 [INFO] MainUpdater:2854 - connection check result : 10
2023-09-12 10:08:39,754 [INFO] MicroXplorer:468 - Change Database Path : 
2023-09-12 10:08:39,755 [INFO] MicroXplorer:498 - Change Database Version : DB.6.0.80
2023-09-12 10:08:39,755 [WARN] ThirdParty:871 - waiting for thirdparty lock release [close project]
2023-09-12 10:08:40,452 [WARN] PackLoader:240 - Cannot read IP mode file for STMicroelectronics.X-CUBE-GNSS1.6.0.0
2023-09-12 10:08:40,477 [WARN] PackLoader:240 - Cannot read IP mode file for STMicroelectronics.X-CUBE-AZRTOS-F4.1.1.0
2023-09-12 10:08:40,503 [WARN] PackLoader:240 - Cannot read IP mode file for STMicroelectronics.X-CUBE-AZRTOS-F7.1.1.0
2023-09-12 10:08:40,516 [WARN] PackLoader:240 - Cannot read IP mode file for STMicroelectronics.X-CUBE-DISPLAY.3.0.0
2023-09-12 10:08:40,537 [WARN] PackLoader:240 - Cannot read IP mode file for STMicroelectronics.X-CUBE-EEPRMA1.4.1.0
2023-09-12 10:08:40,544 [WARN] PackLoader:240 - Cannot read IP mode file for STMicroelectronics.X-CUBE-SFXS2LP1.4.0.0
2023-09-12 10:08:40,550 [WARN] PackLoader:240 - Cannot read IP mode file for STMicroelectronics.X-CUBE-BLE2.3.3.0
2023-09-12 10:08:40,553 [WARN] PackLoader:240 - Cannot read IP mode file for STMicroelectronics.X-CUBE-ISPU.1.1.0
2023-09-12 10:08:40,559 [WARN] PackLoader:240 - Cannot read IP mode file for STMicroelectronics.X-CUBE-ALGOBUILD.1.3.0
2023-09-12 10:08:40,576 [WARN] PackLoader:240 - Cannot read IP mode file for STMicroelectronics.X-CUBE-AZRTOS-G0.1.1.0
2023-09-12 10:08:40,586 [WARN] PackLoader:240 - Cannot read IP mode file for STMicroelectronics.X-CUBE-SUBG2.5.0.0
2023-09-12 10:08:40,594 [WARN] PackLoader:240 - Cannot read IP mode file for STMicroelectronics.X-CUBE-NFC4.3.0.0
2023-09-12 10:08:40,598 [WARN] PackLoader:240 - Cannot read IP mode file for STMicroelectronics.FP-ATR-SIGFOX1.3.2.0
2023-09-12 10:08:40,601 [WARN] PackLoader:240 - Cannot read IP mode file for STMicroelectronics.X-CUBE-ALS.1.0.1
2023-09-12 10:08:40,602 [INFO] ThirdParty:978 - Integrity check success = true
2023-09-12 10:08:40,602 [INFO] IntegrityCheckThread:100 - exiting critical section [integrity check]
2023-09-12 10:08:40,602 [INFO] IntegrityCheckThread:103 - End integrity checks thread
2023-09-12 10:08:40,602 [INFO] ThirdParty:873 - entering critical section [close project]
2023-09-12 10:08:40,603 [INFO] ThirdParty:883 - exiting critical section [close project]
2023-09-12 10:08:40,606 [INFO] PinOutPanel:1499 - setPackage(No Configuration,No Configuration)
2023-09-12 10:08:40,610 [INFO] UtilMem:75 - Begin LoadConfig() Used Memory: 123398536 Bytes (268435456)
2023-09-12 10:08:40,611 [INFO] MicroXplorer:468 - Change Database Path : 
2023-09-12 10:08:40,611 [INFO] MicroXplorer:498 - Change Database Version : DB.6.0.80
2023-09-12 10:08:40,611 [INFO] OpenFileManager:308 - Change cursor
2023-09-12 10:08:40,641 [INFO] Mcu:1937 - Initializing MCU STM32F103C(8-B)Tx STM32F103C8Tx STM32F103C8T6
2023-09-12 10:08:46,238 [INFO] Context:659 - Trying to add GPIOservice into a context  which must be forbidden
2023-09-12 10:08:46,469 [WARN] ModelIntegratedComponent:63 - No mode defined for component null
2023-09-12 10:08:46,469 [WARN] ModelIntegratedComponent:63 - No mode defined for component null
2023-09-12 10:08:46,470 [WARN] ModelIntegratedComponent:63 - No mode defined for component null
2023-09-12 10:08:46,470 [WARN] ModelIntegratedComponent:63 - No mode defined for component null
2023-09-12 10:08:46,470 [WARN] ModelIntegratedComponent:63 - No mode defined for component null
2023-09-12 10:08:46,470 [WARN] ModelIntegratedComponent:63 - No mode defined for component null
2023-09-12 10:08:46,470 [WARN] ModelIntegratedComponent:63 - No mode defined for component null
2023-09-12 10:08:46,470 [WARN] ModelIntegratedComponent:63 - No mode defined for component null
2023-09-12 10:08:46,470 [WARN] ModelIntegratedComponent:63 - No mode defined for component null
2023-09-12 10:08:46,470 [WARN] ModelIntegratedComponent:63 - No mode defined for component null
2023-09-12 10:08:46,470 [WARN] ModelIntegratedComponent:63 - No mode defined for component null
2023-09-12 10:08:46,470 [WARN] ModelIntegratedComponent:63 - No mode defined for component null
2023-09-12 10:08:46,470 [WARN] ModelIntegratedComponent:63 - No mode defined for component null
2023-09-12 10:08:46,470 [WARN] ModelIntegratedComponent:63 - No mode defined for component null
2023-09-12 10:08:46,470 [WARN] ModelIntegratedComponent:63 - No mode defined for component null
2023-09-12 10:08:46,470 [WARN] ModelIntegratedComponent:63 - No mode defined for component null
2023-09-12 10:08:46,470 [WARN] ModelIntegratedComponent:63 - No mode defined for component null
2023-09-12 10:08:46,471 [WARN] ModelIntegratedComponent:63 - No mode defined for component null
2023-09-12 10:08:46,471 [WARN] ModelIntegratedComponent:63 - No mode defined for component null
2023-09-12 10:08:46,471 [WARN] ModelIntegratedComponent:63 - No mode defined for component null
2023-09-12 10:08:46,471 [WARN] ModelIntegratedComponent:63 - No mode defined for component null
2023-09-12 10:08:46,471 [WARN] ModelIntegratedComponent:63 - No mode defined for component null
2023-09-12 10:08:46,471 [WARN] ModelIntegratedComponent:63 - No mode defined for component null
2023-09-12 10:08:46,471 [WARN] ModelIntegratedComponent:63 - No mode defined for component null
2023-09-12 10:08:46,471 [WARN] ModelIntegratedComponent:63 - No mode defined for component null
2023-09-12 10:08:46,471 [WARN] ModelIntegratedComponent:63 - No mode defined for component null
2023-09-12 10:08:46,471 [WARN] ModelIntegratedComponent:63 - No mode defined for component null
2023-09-12 10:08:46,471 [WARN] ModelIntegratedComponent:63 - No mode defined for component null
2023-09-12 10:08:46,471 [WARN] ModelIntegratedComponent:63 - No mode defined for component null
2023-09-12 10:08:46,471 [WARN] ModelIntegratedComponent:63 - No mode defined for component null
2023-09-12 10:08:46,471 [WARN] ModelIntegratedComponent:63 - No mode defined for component null
2023-09-12 10:08:46,471 [WARN] ModelIntegratedComponent:63 - No mode defined for component null
2023-09-12 10:08:46,472 [WARN] ModelIntegratedComponent:63 - No mode defined for component null
2023-09-12 10:08:46,476 [INFO] RtosManager:555 - Registered RTOS mode: class=CMSIS, group=RTOS, mode=CMSIS_V1, owner=FREERTOS
2023-09-12 10:08:46,476 [INFO] RtosManager:555 - Registered RTOS mode: class=CMSIS, group=RTOS2, mode=CMSIS_V2, owner=FREERTOS
2023-09-12 10:08:46,476 [INFO] RtosManager:555 - Registered RTOS mode: class=RTOS, group=Core, mode=CMSIS_V1, owner=FREERTOS
2023-09-12 10:08:46,477 [INFO] RtosManager:555 - Registered RTOS mode: class=RTOS, group=Core, mode=CMSIS_V2, owner=FREERTOS
2023-09-12 10:08:46,477 [WARN] ModelIntegratedComponent:184 - Missing modes for component STMicroelectronics:FreeRTOS:0.0.1:STMicroelectronics:RTOS:FreeRTOS:Core:::10.2.0:
2023-09-12 10:08:46,487 [INFO] ThirdPartyModel:298 - Start build external matchings
2023-09-12 10:08:46,507 [INFO] ThirdPartyModel:316 - End build external matchings
2023-09-12 10:08:46,522 [INFO] ImportTextPane:194 - (OptionalMessage_ERROR) IP (DMA) : Parameter (Instance) has Id (I2C1_RX) currently not set
2023-09-12 10:08:46,522 [INFO] ImportTextPane:194 - (OptionalMessage_ERROR) IP (DMA) : Parameter (Direction) has Id (I2C1_RX) currently not set
2023-09-12 10:08:46,522 [INFO] ImportTextPane:194 - (OptionalMessage_ERROR) IP (DMA) : Parameter (PeriphInc) has Id (I2C1_RX) currently not set
2023-09-12 10:08:46,522 [INFO] ImportTextPane:194 - (OptionalMessage_ERROR) IP (DMA) : Parameter (MemInc) has Id (I2C1_RX) currently not set
2023-09-12 10:08:46,523 [INFO] ImportTextPane:194 - (OptionalMessage_ERROR) IP (DMA) : Parameter (PeriphDataAlignment) has Id (I2C1_RX) currently not set
2023-09-12 10:08:46,523 [INFO] ImportTextPane:194 - (OptionalMessage_ERROR) IP (DMA) : Parameter (MemDataAlignment) has Id (I2C1_RX) currently not set
2023-09-12 10:08:46,523 [INFO] ImportTextPane:194 - (OptionalMessage_ERROR) IP (DMA) : Parameter (Mode) has Id (I2C1_RX) currently not set
2023-09-12 10:08:46,523 [INFO] ImportTextPane:194 - (OptionalMessage_ERROR) IP (DMA) : Parameter (Priority) has Id (I2C1_RX) currently not set
2023-09-12 10:08:48,270 [INFO] UtilMem:75 - End LoadConfig() Used Memory: 118572120 Bytes (268435456)
2023-09-12 10:08:48,347 [INFO] ApiDb:581 - Connected to CubeFinder SQLite database (C:\Users\Dmitrii\.stmcufinder\plugins\mcufinder\mcu\cube-finder-db.db)
2023-09-12 10:08:48,392 [INFO] ApiDb:668 - CubeFinder database Data Model version=2.1
2023-09-12 10:08:48,392 [INFO] ApiDb:669 - CubeFinder database Configuration version=3.0.37
2023-09-12 10:08:48,392 [INFO] ApiDb:670 - CubeFinder database generation date=2023-08-09 (1691586011)
2023-09-12 10:08:48,392 [INFO] ApiDb:671 - CubeFinder database FW Pack versions=[FP-ATR-ASTRA1_V2.0.0, FP-SNS-FLIGHT1_V5.0.1, FP-SNS-FLIGHT1_V5.0.2, FP-SNS-MOTENV1_V4.3.1, FP-SNS-MOTENV1_V4.3.2, STM32Cube_FW_C0_V1.1.0, STM32Cube_FW_F4_V1.27.1, STM32Cube_FW_F7_V1.17.0, STM32Cube_FW_G0_V1.6.1, STM32Cube_FW_G4_V1.5.1, STM32Cube_FW_H5_V0.5.1, STM32Cube_FW_H5_V1.1.0, STM32Cube_FW_H7_V1.11.0, STM32Cube_FW_L0_V1.12.2, STM32Cube_FW_L5_V1.5.0, STM32Cube_FW_U5_V1.3.0, STM32Cube_FW_U5_V1.3.0RC4, STM32Cube_FW_WBA_V1.0.0RC1, STM32Cube_FW_WBA_V1.1.0, STM32Cube_FW_WBA_V1.1.0RC1, STM32Cube_FW_WB_V1.15.0RC1, STM32Cube_FW_WB_V1.16.0, STM32Cube_FW_WB_V1.16.0RC2, STM32Cube_FW_WB_V1.17.0, STM32Cube_FW_WL_V1.3.0, X-CUBE-ALGOBUILD_V1.3.0, X-CUBE-ALS_V1.0.1, X-CUBE-AZRTOS-F4_V1.1.0, X-CUBE-AZRTOS-F7_V1.1.0, X-CUBE-AZRTOS-G0_V1.1.0, X-CUBE-AZRTOS-G4_V2.0.0, X-CUBE-AZRTOS-H7_V3.1.0, X-CUBE-AZRTOS-L4_V1.0.0, X-CUBE-AZRTOS-L4_V2.0.0, X-CUBE-AZRTOS-L5_V1.1.0, X-CUBE-AZRTOS-WB_V1.1.0, X-CUBE-AZRTOS-WL_V2.0.0, X-CUBE-BLE1_V7.0.0, X-CUBE-BLE2_V3.3.0, X-CUBE-BLEMGR_V2.0.0, X-CUBE-EEPRMA1_V4.1.0, X-CUBE-FREERTOS_V1.1.0, X-CUBE-GNSS1_V6.0.0, X-CUBE-MEMS1_V9.1.0, X-CUBE-MEMS1_V9.4.0, X-CUBE-MEMS1_V9.6.0, X-CUBE-NFC4_V3.0.0, X-CUBE-NFC7_V1.0.0, X-CUBE-SFXS2LP1_V4.0.0, X-CUBE-SUBG2_V5.0.0, X-CUBE-TOF1_V3.3.1]
2023-09-12 10:08:49,928 [INFO] ApiDb:240 - Found 297 in-development CPN: [B-G473E-ZEST1S, B-WB1M-WPAN1, B-WL5M-SUBG1, NUCLEO-C031C6, NUCLEO-H503RB, NUCLEO-H563ZI, NUCLEO-U545RE-Q, NUCLEO-U5A5ZJ-Q, NUCLEO-WBA52CG, STEVAL-PROTEUS1, STEVAL-STWINBX1, STM320518-EVAL, STM32C0116-DK, STM32C011D6Y3TR, STM32C011D6Y6TR, STM32C011F4P3, STM32C011F4P6, STM32C011F4U3, STM32C011F4U6TR, STM32C011F6P3, STM32C011F6P6, STM32C011F6U3, STM32C011F6U6TR, STM32C011J4M3, STM32C011J4M6, STM32C011J6M3, STM32C011J6M6, STM32C0316-DK, STM32C031C4T3, STM32C031C4T6, STM32C031C4U3, STM32C031C4U6, STM32C031C6T3, STM32C031C6T6, STM32C031C6U3, STM32C031C6U6, STM32C031F4P3, STM32C031F4P6, STM32C031F6P3, STM32C031F6P6, STM32C031G4U3, STM32C031G4U6, STM32C031G6U3, STM32C031G6U6, STM32C031K4T3, STM32C031K4T6, STM32C031K4U3, STM32C031K4U6, STM32C031K6T3, STM32C031K6T6, STM32C031K6U3, STM32C031K6U6, STM32G071K8TXN, STM32G071K8UXN, STM32G081GBU6N, STM32G081KBT6N, STM32G081KBUXN, STM32G0B1CCT6N, STM32G0B1KCT6, STM32G0B1NEY6TR, STM32G0B1RCT6N, STM32G0C1CCT6, STM32G0C1CCT6N, STM32G0C1CCU6N, STM32G0C1CET6N, STM32G0C1CEU6N, STM32G0C1KCT6, STM32G0C1NEY6TR, STM32G0C1RCI6N, STM32G0C1RCT6N, STM32G0C1REI6N, STM32G0C1RET6N, STM32G0C1VCI6, STM32G0C1VEI6, STM32G471CCT6, STM32G471CCU6, STM32G471CET3, STM32G471CET6, STM32G471CEU3, STM32G471CEU6, STM32G471MCT6, STM32G471MET3, STM32G471MET6, STM32G471MEY6TR, STM32G471QCT6, STM32G471QET3, STM32G471RCT6, STM32G471RET3, STM32G471RET6, STM32G471VCH6, STM32G471VCI6, STM32G471VCT6, STM32G471VEH3, STM32G471VEH6, STM32G471VEI3, STM32G471VEI6, STM32G471VET3, STM32G471VET6, STM32G474CCT6, STM32H503CBT6, STM32H503CBU6, STM32H503EBY6TR, STM32H503KBU6, STM32H503RBT6, STM32H562AGI6, STM32H562AII6, STM32H562IGK6, STM32H562IGT6, STM32H562IIK6, STM32H562IIT6, STM32H562RGT6, STM32H562RGV6, STM32H562RIT6, STM32H562RIV6, STM32H562VGT6, STM32H562VIT6, STM32H562ZGT6, STM32H562ZIT6, STM32H563AGI6, STM32H563AII3Q, STM32H563AII6, STM32H563IGK6, STM32H563IGT6, STM32H563IIK3Q, STM32H563IIK6, STM32H563IIT3Q, STM32H563IIT6, STM32H563MIY3QTR, STM32H563RGT6, STM32H563RGV6, STM32H563RIT6, STM32H563RIV6, STM32H563VGT6, STM32H563VIT3Q, STM32H563VIT6, STM32H563ZGT6, STM32H563ZIT3Q, STM32H563ZIT6, STM32H573AII3Q, STM32H573AII6, STM32H573I-DK, STM32H573IIK3Q, STM32H573IIK6, STM32H573IIT3Q, STM32H573IIT6, STM32H573MIY3QTR, STM32H573RIT6, STM32H573RIV6, STM32H573VIT3Q, STM32H573VIT6, STM32H573ZIT3Q, STM32H573ZIT6, STM32L4R5QGI6STR, STM32MP131AAE3, STM32MP131AAF3, STM32MP131AAG3, STM32MP131CAE3, STM32MP131CAF3, STM32MP131CAG3, STM32MP131DAE7, STM32MP131DAF7, STM32MP131DAG7, STM32MP131FAE7, STM32MP131FAF7, STM32MP131FAG7, STM32MP133AAE3, STM32MP133AAF3, STM32MP133AAG3, STM32MP133CAE3, STM32MP133CAF3, STM32MP133CAG3, STM32MP133DAE7, STM32MP133DAF7, STM32MP133DAG7, STM32MP133FAE7, STM32MP133FAF7, STM32MP133FAG7, STM32MP135AAE3, STM32MP135AAF3, STM32MP135AAG3, STM32MP135CAE3, STM32MP135CAF3, STM32MP135CAG3, STM32MP135DAE7, STM32MP135DAF7, STM32MP135DAG7, STM32MP135F-DK, STM32MP135FAE7, STM32MP135FAF7, STM32MP135FAF7T, STM32MP135FAF7U, STM32MP135FAG7, STM32U535CBT6, STM32U535CBT6Q, STM32U535CBU6, STM32U535CBU6Q, STM32U535CCT6, STM32U535CCT6Q, STM32U535CCU6, STM32U535CCU6Q, STM32U535CET6, STM32U535CET6Q, STM32U535CEU6, STM32U535CEU6Q, STM32U535JEY6QTR, STM32U535NCY6QTR, STM32U535NEY6QTR, STM32U535RBI6, STM32U535RBI6Q, STM32U535RBT6, STM32U535RBT6Q, STM32U535RCI6, STM32U535RCI6Q, STM32U535RCT6, STM32U535RCT6Q, STM32U535REI6, STM32U535REI6Q, STM32U535RET6, STM32U535RET6Q, STM32U535VCI6, STM32U535VCI6Q, STM32U535VCT6, STM32U535VCT6Q, STM32U535VEI6, STM32U535VEI6Q, STM32U535VET6, STM32U535VET6Q, STM32U545CET6, STM32U545CET6Q, STM32U545CEU6, STM32U545CEU6Q, STM32U545JEY6QTR, STM32U545NEY6QTR, STM32U545REI6, STM32U545REI6Q, STM32U545RET6, STM32U545RET6Q, STM32U545VEI6, STM32U545VEI6Q, STM32U545VET6, STM32U545VET6Q, STM32U595AIH6, STM32U595AIH6Q, STM32U595AJH6, STM32U595AJH6Q, STM32U595QII6, STM32U595QII6Q, STM32U595QJI6, STM32U595QJI6Q, STM32U595RIT6, STM32U595RIT6Q, STM32U595RJT6, STM32U595RJT6Q, STM32U595VIT6, STM32U595VIT6Q, STM32U595VJT6, STM32U595VJT6Q, STM32U595ZIT6, STM32U595ZIT6Q, STM32U595ZIY6QTR, STM32U595ZJT6, STM32U595ZJT6Q, STM32U595ZJY6QTR, STM32U599BJY6QTR, STM32U599NIH6Q, STM32U599NJH6Q, STM32U599VIT6Q, STM32U599VJT6, STM32U599VJT6Q, STM32U599ZIT6Q, STM32U599ZIY6QTR, STM32U599ZJT6Q, STM32U599ZJY6QTR, STM32U5A5AJH6, STM32U5A5AJH6Q, STM32U5A5QJI6, STM32U5A5QJI6Q, STM32U5A5RJT6, STM32U5A5RJT6Q, STM32U5A5VJT6, STM32U5A5VJT6Q, STM32U5A5ZJT6, STM32U5A5ZJT6Q, STM32U5A5ZJY6QTR, STM32U5A9BJY6QTR, STM32U5A9J-DK, STM32U5A9NJH6Q, STM32U5A9VJT6Q, STM32U5A9ZJT6Q, STM32U5A9ZJY6QTR, STM32WB1MMCH6, STM32WBA52CEU6, STM32WBA52CEU6T, STM32WBA52CGU6, STM32WBA52CGU6T, STM32WL5MOCH6, STM32WL5MOCH6TR]
2023-09-12 10:08:49,932 [INFO] DbMcus:216 - Found 3825 MCUs, 3825 are supported
2023-09-12 10:08:49,935 [INFO] ApiDb:423 - Load user favorites file C:\Users\Dmitrii/.stm32cubeide/favorites.mcus.txt: 0 item(s)
2023-09-12 10:08:49,935 [INFO] ApiDb:427 - User favorites MCUs=[]
2023-09-12 10:08:49,935 [INFO] DbMcus:222 - Set 0 / 0 favorites MCUs
2023-09-12 10:08:50,274 [WARN] ThirdParty:833 - waiting for thirdparty lock release [change project]
2023-09-12 10:08:50,274 [INFO] ThirdParty:835 - entering critical section [change project]
2023-09-12 10:08:50,274 [INFO] ThirdParty:1030 - CMSIS Pack Vendor :STMicroelectronics X-CUBE-ISPU 1.1.0
2023-09-12 10:08:50,274 [INFO] ThirdParty:1030 - CMSIS Pack Vendor :STMicroelectronics X-CUBE-DISPLAY 3.0.0
2023-09-12 10:08:50,274 [INFO] ThirdParty:1030 - CMSIS Pack Vendor :STMicroelectronics X-CUBE-GNSS1 6.0.0
2023-09-12 10:08:50,274 [INFO] ThirdParty:1030 - CMSIS Pack Vendor :STMicroelectronics USB_HOST 2.0.0
2023-09-12 10:08:50,274 [INFO] ThirdParty:1030 - CMSIS Pack Vendor :STMicroelectronics X-CUBE-AZRTOS-F4 1.1.0
2023-09-12 10:08:50,274 [INFO] ThirdParty:1030 - CMSIS Pack Vendor :STMicroelectronics LIBJPEG 8.0.0
2023-09-12 10:08:50,274 [INFO] ThirdParty:1030 - CMSIS Pack Vendor :STMicroelectronics FP-ATR-SIGFOX1 3.2.0
2023-09-12 10:08:50,274 [INFO] ThirdParty:1030 - CMSIS Pack Vendor :STMicroelectronics USB_DEVICE 3.0.0
2023-09-12 10:08:50,274 [INFO] ThirdParty:1030 - CMSIS Pack Vendor :STMicroelectronics HAL Drivers 0.0.0
2023-09-12 10:08:50,274 [INFO] ThirdParty:1030 - CMSIS Pack Vendor :STMicroelectronics MBEDTLS 2.16.2
2023-09-12 10:08:50,275 [INFO] ThirdParty:1030 - CMSIS Pack Vendor :STMicroelectronics MBEDTLS 2.14.1
2023-09-12 10:08:50,275 [INFO] ThirdParty:1030 - CMSIS Pack Vendor :STMicroelectronics X-CUBE-AZRTOS-F7 1.1.0
2023-09-12 10:08:50,275 [INFO] ThirdParty:1030 - CMSIS Pack Vendor :STMicroelectronics X-CUBE-EEPRMA1 4.1.0
2023-09-12 10:08:50,275 [INFO] ThirdParty:1030 - CMSIS Pack Vendor :STMicroelectronics X-CUBE-ALS 1.0.1
2023-09-12 10:08:50,275 [INFO] ThirdParty:1030 - CMSIS Pack Vendor :STMicroelectronics USB_DEVICE 2.0.0
2023-09-12 10:08:50,275 [INFO] ThirdParty:1030 - CMSIS Pack Vendor :STMicroelectronics ThreadX 1.0.0
2023-09-12 10:08:50,275 [INFO] ThirdParty:1030 - CMSIS Pack Vendor :STMicroelectronics X-CUBE-ALGOBUILD 1.3.0
2023-09-12 10:08:50,275 [INFO] ThirdParty:1030 - CMSIS Pack Vendor :STMicroelectronics FreeRTOS 0.0.1
2023-09-12 10:08:50,275 [INFO] ThirdParty:1030 - CMSIS Pack Vendor :STMicroelectronics X-CUBE-AZRTOS-G0 1.1.0
2023-09-12 10:08:50,275 [INFO] ThirdParty:1030 - CMSIS Pack Vendor :STMicroelectronics USB_DEVICE 1.0.0
2023-09-12 10:08:50,275 [INFO] ThirdParty:1030 - CMSIS Pack Vendor :STMicroelectronics X-CUBE-SUBG2 5.0.0
2023-09-12 10:08:50,275 [INFO] ThirdParty:1030 - CMSIS Pack Vendor :STMicroelectronics X-CUBE-NFC4 3.0.0
2023-09-12 10:08:50,275 [INFO] ThirdParty:1030 - CMSIS Pack Vendor :STMicroelectronics STM32_WPAN 1.0.0
2023-09-12 10:08:50,275 [INFO] ThirdParty:1030 - CMSIS Pack Vendor :STMicroelectronics ThreadX 0.0.2
2023-09-12 10:08:50,275 [INFO] ThirdParty:1030 - CMSIS Pack Vendor :STMicroelectronics lwIP 2.0.3
2023-09-12 10:08:50,275 [INFO] ThirdParty:1030 - CMSIS Pack Vendor :STMicroelectronics lwIP 2.1.2
2023-09-12 10:08:50,275 [INFO] ThirdParty:1030 - CMSIS Pack Vendor :STMicroelectronics X-CUBE-SFXS2LP1 4.0.0
2023-09-12 10:08:50,275 [INFO] ThirdParty:1030 - CMSIS Pack Vendor :STMicroelectronics X-CUBE-BLE2 3.3.0
2023-09-12 10:08:50,275 [INFO] ThirdParty:1030 - CMSIS Pack Vendor :STMicroelectronics USB_HOST 1.0.0
2023-09-12 10:08:50,276 [INFO] ThirdParty:1030 - CMSIS Pack Vendor :STMicroelectronics PDM2PCM 3.1.0
2023-09-12 10:08:50,276 [INFO] ThirdParty:1030 - CMSIS Pack Vendor :STMicroelectronics PDM2PCM 3.2.0
2023-09-12 10:08:50,276 [INFO] ThirdParty:1030 - CMSIS Pack Vendor :STMicroelectronics PDM2PCM 3.3.0
2023-09-12 10:08:50,276 [INFO] ThirdParty:841 - exiting critical section [change project]
2023-09-12 10:08:50,388 [ERROR] LogOutputStream:75 - [STDERR_REDIRECT] SLF4J: Failed to load class "org.slf4j.impl.StaticLoggerBinder".
2023-09-12 10:08:50,389 [ERROR] LogOutputStream:75 - [STDERR_REDIRECT] SLF4J: Defaulting to no-operation (NOP) logger implementation
2023-09-12 10:08:50,391 [ERROR] LogOutputStream:75 - [STDERR_REDIRECT] SLF4J: See http://www.slf4j.org/codes.html#StaticLoggerBinder for further details.
2023-09-12 10:08:50,547 [INFO] PinOutPanel:1499 - setPackage(No Configuration,No Configuration)
2023-09-12 10:08:50,548 [INFO] PinOutPanel:1499 - setPackage(STM32F103C8Tx,LQFP48)
2023-09-12 10:08:50,974 [INFO] UtilMem:75 - Before build in PCC Used Memory: 198580808 Bytes (268435456)
2023-09-12 10:08:51,633 [INFO] UtilMem:75 - After build in PCC Used Memory: 171201136 Bytes (275775488)
2023-09-12 10:08:51,655 [INFO] IPUIPlugin:80 - create IPUIPlugin
2023-09-12 10:08:51,655 [INFO] IPUIPlugin:80 - create IPUIPlugin
2023-09-12 10:08:51,655 [INFO] IPUIPlugin:80 - create IPUIPlugin
2023-09-12 10:08:51,655 [INFO] IPUIPlugin:80 - create IPUIPlugin
2023-09-12 10:08:51,655 [INFO] IPUIPlugin:80 - create IPUIPlugin
2023-09-12 10:08:51,655 [INFO] IPUIPlugin:80 - create IPUIPlugin
2023-09-12 10:08:51,655 [INFO] IPUIPlugin:80 - create IPUIPlugin
2023-09-12 10:08:51,655 [INFO] IPUIPlugin:80 - create IPUIPlugin
2023-09-12 10:08:51,656 [INFO] IPUIPlugin:80 - create IPUIPlugin
2023-09-12 10:08:51,656 [INFO] IPUIPlugin:80 - create IPUIPlugin
2023-09-12 10:08:51,656 [INFO] IPUIPlugin:80 - create IPUIPlugin
2023-09-12 10:08:51,656 [INFO] IPUIPlugin:80 - create IPUIPlugin
2023-09-12 10:08:51,656 [INFO] IPUIPlugin:80 - create IPUIPlugin
2023-09-12 10:08:51,656 [INFO] IPUIPlugin:80 - create IPUIPlugin
2023-09-12 10:08:51,656 [INFO] IPUIPlugin:80 - create IPUIPlugin
2023-09-12 10:08:51,656 [INFO] IPUIPlugin:80 - create IPUIPlugin
2023-09-12 10:08:51,657 [INFO] IPUIPlugin:80 - create IPUIPlugin
2023-09-12 10:08:51,657 [INFO] IPUIPlugin:80 - create IPUIPlugin
2023-09-12 10:08:51,657 [INFO] IPUIPlugin:80 - create IPUIPlugin
2023-09-12 10:08:51,657 [INFO] IPUIPlugin:80 - create IPUIPlugin
2023-09-12 10:08:51,657 [INFO] IPUIPlugin:80 - create IPUIPlugin
2023-09-12 10:08:51,658 [INFO] IPUIPlugin:80 - create IPUIPlugin
2023-09-12 10:08:51,658 [INFO] IPUIPlugin:80 - create IPUIPlugin
2023-09-12 10:08:51,658 [INFO] IPUIPlugin:80 - create IPUIPlugin
2023-09-12 10:08:51,658 [INFO] IPUIPlugin:80 - create IPUIPlugin
2023-09-12 10:08:51,658 [INFO] IPUIPlugin:80 - create IPUIPlugin
2023-09-12 10:08:51,659 [INFO] IPUIPlugin:80 - create IPUIPlugin
2023-09-12 10:08:51,665 [WARN] IP:2113 - I2C_Coeff_DF not found: check if there is a RefParameter without a condition.
2023-09-12 10:08:51,665 [WARN] IP:2113 - Analog_Filter not found: check if there is a RefParameter without a condition.
2023-09-12 10:08:51,822 [INFO] CADModel:165 - CPN selected for project levelSTM32F103C8T6
2023-09-12 10:08:51,822 [INFO] CADModel:114 - Register for checkConnection events
2023-09-12 10:08:51,884 [INFO] OpenFileManager:328 - Restore cursor
2023-09-12 10:08:52,008 [WARN] IP:2113 - I2C_Coeff_DF not found: check if there is a RefParameter without a condition.
2023-09-12 10:08:52,008 [WARN] IP:2113 - Analog_Filter not found: check if there is a RefParameter without a condition.
2023-09-12 10:08:52,009 [WARN] IP:2113 - I2C_Coeff_DF not found: check if there is a RefParameter without a condition.
2023-09-12 10:08:52,009 [WARN] IP:2113 - Analog_Filter not found: check if there is a RefParameter without a condition.
2023-09-12 10:09:28,250 [INFO] Activator:176 - 


2023-09-12 10:09:28,252 [INFO] Activator:177 - !SESSION log4j initialized
2023-09-12 10:09:30,988 [INFO] LogOutputStream:77 - [STDOUT_REDIRECT] 
2023-09-12 10:09:52,263 [ERROR] LogOutputStream:75 - [STDERR_REDIRECT] SLF4J: Failed to load class "org.slf4j.impl.StaticLoggerBinder".
2023-09-12 10:09:52,264 [ERROR] LogOutputStream:75 - [STDERR_REDIRECT] SLF4J: Defaulting to no-operation (NOP) logger implementation
2023-09-12 10:09:52,266 [ERROR] LogOutputStream:75 - [STDERR_REDIRECT] SLF4J: See http://www.slf4j.org/codes.html#StaticLoggerBinder for further details.
2023-09-12 10:14:38,445 [INFO] Activator:176 - 


2023-09-12 10:14:38,447 [INFO] Activator:177 - !SESSION log4j initialized
2023-09-12 10:14:41,696 [INFO] LogOutputStream:77 - [STDOUT_REDIRECT] 
2023-09-12 10:15:08,338 [ERROR] LogOutputStream:75 - [STDERR_REDIRECT] SLF4J: Failed to load class "org.slf4j.impl.StaticLoggerBinder".
2023-09-12 10:15:08,339 [ERROR] LogOutputStream:75 - [STDERR_REDIRECT] SLF4J: Defaulting to no-operation (NOP) logger implementation
2023-09-12 10:15:08,340 [ERROR] LogOutputStream:75 - [STDERR_REDIRECT] SLF4J: See http://www.slf4j.org/codes.html#StaticLoggerBinder for further details.
2023-09-12 10:20:02,892 [INFO] Activator:176 - 


2023-09-12 10:20:02,894 [INFO] Activator:177 - !SESSION log4j initialized
2023-09-12 10:20:06,849 [INFO] LogOutputStream:77 - [STDOUT_REDIRECT] 
2023-09-12 10:20:28,216 [ERROR] LogOutputStream:75 - [STDERR_REDIRECT] SLF4J: Failed to load class "org.slf4j.impl.StaticLoggerBinder".
2023-09-12 10:20:28,217 [ERROR] LogOutputStream:75 - [STDERR_REDIRECT] SLF4J: Defaulting to no-operation (NOP) logger implementation
2023-09-12 10:20:28,219 [ERROR] LogOutputStream:75 - [STDERR_REDIRECT] SLF4J: See http://www.slf4j.org/codes.html#StaticLoggerBinder for further details.
2023-09-12 10:31:49,531 [ERROR] ConfigurationRetriever:142 - IOException on connection: Read timed out
2023-09-12 10:41:01,686 [INFO] Activator:176 - 


2023-09-12 10:41:01,687 [INFO] Activator:177 - !SESSION log4j initialized
2023-09-12 10:41:05,327 [INFO] LogOutputStream:77 - [STDOUT_REDIRECT] 
2023-09-12 10:41:29,133 [ERROR] LogOutputStream:75 - [STDERR_REDIRECT] SLF4J: Failed to load class "org.slf4j.impl.StaticLoggerBinder".
2023-09-12 10:41:29,133 [ERROR] LogOutputStream:75 - [STDERR_REDIRECT] SLF4J: Defaulting to no-operation (NOP) logger implementation
2023-09-12 10:41:29,135 [ERROR] LogOutputStream:75 - [STDERR_REDIRECT] SLF4J: See http://www.slf4j.org/codes.html#StaticLoggerBinder for further details.
2023-09-12 10:55:46,092 [ERROR] ConfigurationRetriever:142 - IOException on connection: Read timed out
2023-09-12 10:55:48,110 [ERROR] ConfigurationRetriever:142 - IOException on connection: Read timed out
2023-09-12 10:55:50,126 [ERROR] ConfigurationRetriever:142 - IOException on connection: Read timed out
2023-09-12 11:05:30,908 [ERROR] ConfigurationRetriever:142 - IOException on connection: Read timed out
2023-09-12 11:06:09,355 [INFO] ApplicationProperties:184 - Using Application install path: C:\ST\STM32CubeIDE_1.12.0\STM32CubeIDE\plugins\com.st.stm32cube.common.mx_6.8.0.202302231600
2023-09-12 11:06:09,371 [INFO] DbMcusXml:78 - Set database path to: C:\ST\STM32CubeIDE_1.12.0\STM32CubeIDE\plugins\com.st.stm32cube.common.mx_6.8.0.202302231600\\db\/mcu/
2023-09-12 11:06:09,371 [INFO] ApiDb:274 - Set plugin database path to: C:\ST\STM32CubeIDE_1.12.0\STM32CubeIDE\plugins\com.st.stm32cube.common.mx_6.8.0.202302231600\\db\/plugins/boardmanager/
2023-09-12 11:06:09,372 [WARN] ApiDb:259 - Overriding images path with different value:  => C:\ST\STM32CubeIDE_1.12.0\STM32CubeIDE\plugins\com.st.stm32cube.common.mx_6.8.0.202302231600\\db\/plugins/mcufinder/images/
2023-09-12 11:06:09,381 [INFO] ApiDb:250 - Set database path to: C:\Users\Dmitrii\.stmcufinder\plugins\mcufinder//mcu/
2023-09-12 11:06:09,383 [INFO] DbMcusAds:125 - Set database path to: C:\Users\Dmitrii\.stmcufinder\plugins\mcufinder//mcu/
2023-09-12 11:06:09,446 [INFO] CrossReferenceDbSqlite:203 - Set database path to: C:\Users\Dmitrii\.stmcufinder\plugins\mcufinder//mcu/cs/
2023-09-12 11:06:09,528 [INFO] RulesReader:64 - Compatibility file has been processed (293 Rules)
2023-09-12 11:06:09,590 [INFO] DbMcusXml:78 - Set database path to: C:\ST\STM32CubeIDE_1.12.0\STM32CubeIDE\plugins\com.st.stm32cube.common.mx_6.8.0.202302231600\\db\/mcu/
2023-09-12 11:06:09,590 [INFO] ApiDb:274 - Set plugin database path to: C:\ST\STM32CubeIDE_1.12.0\STM32CubeIDE\plugins\com.st.stm32cube.common.mx_6.8.0.202302231600\\db\/plugins/boardmanager/
2023-09-12 11:06:09,590 [INFO] ApiDb:261 - Set plugin images path to: C:\ST\STM32CubeIDE_1.12.0\STM32CubeIDE\plugins\com.st.stm32cube.common.mx_6.8.0.202302231600\\db\/plugins/mcufinder/images/
2023-09-12 11:06:09,590 [WARN] DbFile:41 - Overriding database path with different value: C:\Users\Dmitrii\.stmcufinder\plugins\mcufinder/ => C:\Users\Dmitrii\.stmcufinder\plugins\mcufinder
2023-09-12 11:06:09,590 [INFO] ApiDb:250 - Set database path to: C:\Users\Dmitrii\.stmcufinder\plugins\mcufinder//mcu/
2023-09-12 11:06:09,590 [WARN] DbFile:41 - Overriding database path with different value: C:\Users\Dmitrii\.stmcufinder\plugins\mcufinder/ => C:\Users\Dmitrii\.stmcufinder\plugins\mcufinder
2023-09-12 11:06:09,590 [INFO] DbMcusAds:125 - Set database path to: C:\Users\Dmitrii\.stmcufinder\plugins\mcufinder//mcu/
2023-09-12 11:06:09,590 [WARN] DbFile:41 - Overriding database path with different value: C:\Users\Dmitrii\.stmcufinder\plugins\mcufinder/ => C:\Users\Dmitrii\.stmcufinder\plugins\mcufinder
2023-09-12 11:06:09,591 [WARN] DbFile:41 - Overriding database path with different value: C:\Users\Dmitrii\.stmcufinder\plugins\mcufinder/ => C:\Users\Dmitrii\.stmcufinder\plugins\mcufinder
2023-09-12 11:06:09,591 [INFO] CrossReferenceDbSqlite:203 - Set database path to: C:\Users\Dmitrii\.stmcufinder\plugins\mcufinder//mcu/cs/
2023-09-12 11:06:09,645 [INFO] MainPanel:253 - HeapMemory: 502267904
2023-09-12 11:06:09,705 [INFO] DbMcusXml:78 - Set database path to: C:\ST\STM32CubeIDE_1.12.0\STM32CubeIDE\plugins\com.st.stm32cube.common.mx_6.8.0.202302231600\\db\/mcu/
2023-09-12 11:06:09,705 [INFO] ApiDb:274 - Set plugin database path to: C:\ST\STM32CubeIDE_1.12.0\STM32CubeIDE\plugins\com.st.stm32cube.common.mx_6.8.0.202302231600\\db\/plugins/boardmanager/
2023-09-12 11:06:09,705 [INFO] ApiDb:261 - Set plugin images path to: C:\ST\STM32CubeIDE_1.12.0\STM32CubeIDE\plugins\com.st.stm32cube.common.mx_6.8.0.202302231600\\db\/plugins/mcufinder/images/
2023-09-12 11:06:09,705 [WARN] DbFile:41 - Overriding database path with different value: C:\Users\Dmitrii\.stmcufinder\plugins\mcufinder/ => C:\Users\Dmitrii\.stmcufinder\plugins\mcufinder
2023-09-12 11:06:09,706 [INFO] ApiDb:250 - Set database path to: C:\Users\Dmitrii\.stmcufinder\plugins\mcufinder//mcu/
2023-09-12 11:06:09,706 [WARN] DbFile:41 - Overriding database path with different value: C:\Users\Dmitrii\.stmcufinder\plugins\mcufinder/ => C:\Users\Dmitrii\.stmcufinder\plugins\mcufinder
2023-09-12 11:06:09,706 [INFO] DbMcusAds:125 - Set database path to: C:\Users\Dmitrii\.stmcufinder\plugins\mcufinder//mcu/
2023-09-12 11:06:09,706 [WARN] DbFile:41 - Overriding database path with different value: C:\Users\Dmitrii\.stmcufinder\plugins\mcufinder/ => C:\Users\Dmitrii\.stmcufinder\plugins\mcufinder
2023-09-12 11:06:09,706 [WARN] DbFile:41 - Overriding database path with different value: C:\Users\Dmitrii\.stmcufinder\plugins\mcufinder/ => C:\Users\Dmitrii\.stmcufinder\plugins\mcufinder
2023-09-12 11:06:09,706 [INFO] CrossReferenceDbSqlite:203 - Set database path to: C:\Users\Dmitrii\.stmcufinder\plugins\mcufinder//mcu/cs/
2023-09-12 11:06:09,720 [INFO] ApplicationProperties:184 - Using Application install path: C:\ST\STM32CubeIDE_1.12.0\STM32CubeIDE\plugins\com.st.stm32cube.common.mx_6.8.0.202302231600
2023-09-12 11:06:09,722 [INFO] PluginManage:196 - Search for loadable plugins [exclusion list=, ]
2023-09-12 11:06:09,723 [INFO] PluginManage:310 - Check plugin analytics
2023-09-12 11:06:09,916 [INFO] AnalyticsPlugin:253 - Accepted Software Licenses: STM32CubeMX.6.8.0
2023-09-12 11:06:09,916 [INFO] AnalyticsPlugin:255 - Accepted CMSIS Pack Licenses: 
2023-09-12 11:06:09,917 [INFO] AnalyticsPlugin:257 - Accepted Firmware Licenses: 
2023-09-12 11:06:09,921 [INFO] PluginManage:359 - Loaded plugin analytics (category:tool,tabindex:-1)
2023-09-12 11:06:09,922 [INFO] PluginManage:310 - Check plugin cadmodel
2023-09-12 11:06:09,926 [INFO] CADModel:105 - Init CAD model plugin
2023-09-12 11:06:09,926 [INFO] PluginManage:359 - Loaded plugin cadmodel (category:power,tabindex:5)
2023-09-12 11:06:09,926 [INFO] PluginManage:310 - Check plugin clock
2023-09-12 11:06:09,934 [INFO] PluginManage:359 - Loaded plugin clock (category:base,tabindex:2)
2023-09-12 11:06:09,934 [INFO] PluginManage:310 - Check plugin ddr
2023-09-12 11:06:09,936 [INFO] PluginManage:359 - Loaded plugin ddr (category:tool,tabindex:6)
2023-09-12 11:06:09,936 [INFO] PluginManage:310 - Check plugin filemanager
2023-09-12 11:06:10,140 [INFO] PluginManage:359 - Loaded plugin filemanager (category:base,tabindex:10)
2023-09-12 11:06:10,140 [INFO] PluginManage:310 - Check plugin ipmanager
2023-09-12 11:06:10,148 [INFO] PluginManage:359 - Loaded plugin ipmanager (category:base,tabindex:5)
2023-09-12 11:06:10,148 [INFO] PluginManage:310 - Check plugin lpbam
2023-09-12 11:06:10,158 [INFO] PluginManage:359 - Loaded plugin lpbam (category:base,tabindex:0)
2023-09-12 11:06:10,158 [INFO] PluginManage:310 - Check plugin pinoutandconfiguration
2023-09-12 11:06:10,165 [INFO] PluginManage:359 - Loaded plugin pinoutandconfiguration (category:base,tabindex:1)
2023-09-12 11:06:10,165 [INFO] PluginManage:310 - Check plugin pinoutconfig
2023-09-12 11:06:10,221 [WARN] SupportedApi:132 - Cannot load RTOS API schema: s4s-elt-must-match.1: The content of 'definitions' must match (annotation?, (simpleType | complexType)?, (unique | key | keyref)*)). A problem was found starting at: attribute.
2023-09-12 11:06:10,334 [INFO] PluginManage:359 - Loaded plugin pinoutconfig (category:base,tabindex:0)
2023-09-12 11:06:10,334 [INFO] PluginManage:310 - Check plugin power
2023-09-12 11:06:10,342 [INFO] PluginManage:359 - Loaded plugin power (category:power,tabindex:4)
2023-09-12 11:06:10,342 [INFO] PluginManage:310 - Check plugin projectmanager
2023-09-12 11:06:10,355 [INFO] PluginManage:359 - Loaded plugin projectmanager (category:projectmanager,tabindex:3)
2023-09-12 11:06:10,355 [INFO] PluginManage:310 - Check plugin thirdparty
2023-09-12 11:06:10,443 [INFO] PluginManage:359 - Loaded plugin thirdparty (category:base,tabindex:-1)
2023-09-12 11:06:10,442 [WARN] IntegrityCheckThread:84 - waiting for thirdparty lock release [integrity check]
2023-09-12 11:06:10,443 [INFO] PluginManage:310 - Check plugin tools
2023-09-12 11:06:10,443 [INFO] IntegrityCheckThread:86 - entering critical section [integrity check]
2023-09-12 11:06:10,444 [INFO] ThirdPartyUpdaterWithRetryManager:70 - Updater plugin not ready yet. [1/15]
2023-09-12 11:06:10,445 [INFO] PluginManage:359 - Loaded plugin tools (category:base,tabindex:7)
2023-09-12 11:06:10,445 [INFO] PluginManage:310 - Check plugin tutovideos
2023-09-12 11:06:10,602 [INFO] PluginManage:359 - Loaded plugin tutovideos (category:base,tabindex:-1)
2023-09-12 11:06:10,602 [INFO] PluginManage:310 - Check plugin updater
2023-09-12 11:06:10,613 [INFO] PluginManage:359 - Loaded plugin updater (category:base,tabindex:12)
2023-09-12 11:06:10,613 [INFO] PluginManage:283 - PluginManage : Loaded plugins [15]
2023-09-12 11:06:10,805 [INFO] PinOutPanel:1499 - setPackage(No Configuration,No Configuration)
2023-09-12 11:06:10,858 [INFO] CADModel:165 - CPN selected for project level
2023-09-12 11:06:10,858 [INFO] CADModel:114 - Register for checkConnection events
2023-09-12 11:06:10,874 [INFO] IPUIPlugin:80 - create IPUIPlugin
2023-09-12 11:06:10,874 [INFO] PluginManager:220 - loadIPPluginJar : add adc
2023-09-12 11:06:10,876 [INFO] IPUIPlugin:80 - create IPUIPlugin
2023-09-12 11:06:10,876 [INFO] PluginManager:220 - loadIPPluginJar : add aes
2023-09-12 11:06:10,879 [INFO] IPUIPlugin:80 - create IPUIPlugin
2023-09-12 11:06:10,879 [INFO] PluginManager:220 - loadIPPluginJar : add can
2023-09-12 11:06:10,880 [INFO] IPUIPlugin:80 - create IPUIPlugin
2023-09-12 11:06:10,880 [INFO] PluginManager:220 - loadIPPluginJar : add comp
2023-09-12 11:06:10,882 [INFO] IPUIPlugin:80 - create IPUIPlugin
2023-09-12 11:06:10,882 [INFO] PluginManager:220 - loadIPPluginJar : add cryp
2023-09-12 11:06:10,884 [INFO] IPUIPlugin:80 - create IPUIPlugin
2023-09-12 11:06:10,884 [INFO] PluginManager:220 - loadIPPluginJar : add dfsdm
2023-09-12 11:06:10,889 [INFO] IPUIPlugin:80 - create IPUIPlugin
2023-09-12 11:06:10,890 [INFO] PluginManager:220 - loadIPPluginJar : add dma
2023-09-12 11:06:10,892 [INFO] IPUIPlugin:80 - create IPUIPlugin
2023-09-12 11:06:10,892 [INFO] PluginManager:220 - loadIPPluginJar : add dma3
2023-09-12 11:06:10,893 [INFO] IPUIPlugin:80 - create IPUIPlugin
2023-09-12 11:06:10,893 [INFO] PluginManager:220 - loadIPPluginJar : add fatfs
2023-09-12 11:06:10,897 [INFO] IPUIPlugin:80 - create IPUIPlugin
2023-09-12 11:06:10,897 [INFO] PluginManager:220 - loadIPPluginJar : add fmc
2023-09-12 11:06:10,902 [INFO] IPUIPlugin:80 - create IPUIPlugin
2023-09-12 11:06:10,902 [INFO] PluginManager:220 - loadIPPluginJar : add freertos
2023-09-12 11:06:10,903 [INFO] IPUIPlugin:80 - create IPUIPlugin
2023-09-12 11:06:10,903 [INFO] PluginManager:220 - loadIPPluginJar : add genericplugin
2023-09-12 11:06:10,905 [INFO] IPUIPlugin:80 - create IPUIPlugin
2023-09-12 11:06:10,905 [INFO] PluginManager:220 - loadIPPluginJar : add gfxmmu
2023-09-12 11:06:10,909 [INFO] IPUIPlugin:80 - create IPUIPlugin
2023-09-12 11:06:10,909 [INFO] PluginManager:220 - loadIPPluginJar : add gic
2023-09-12 11:06:10,911 [INFO] IPUIPlugin:80 - create IPUIPlugin
2023-09-12 11:06:10,912 [INFO] PluginManager:220 - loadIPPluginJar : add gpio
2023-09-12 11:06:10,914 [INFO] IPUIPlugin:80 - create IPUIPlugin
2023-09-12 11:06:10,914 [INFO] PluginManager:220 - loadIPPluginJar : add gtzc
2023-09-12 11:06:10,915 [INFO] IPUIPlugin:80 - create IPUIPlugin
2023-09-12 11:06:10,915 [INFO] PluginManager:220 - loadIPPluginJar : add hash
2023-09-12 11:06:10,917 [INFO] IPUIPlugin:80 - create IPUIPlugin
2023-09-12 11:06:10,917 [INFO] PluginManager:220 - loadIPPluginJar : add i2c
2023-09-12 11:06:10,919 [INFO] IPUIPlugin:80 - create IPUIPlugin
2023-09-12 11:06:10,919 [INFO] PluginManager:220 - loadIPPluginJar : add i2s
2023-09-12 11:06:10,921 [INFO] IPUIPlugin:80 - create IPUIPlugin
2023-09-12 11:06:10,921 [INFO] PluginManager:220 - loadIPPluginJar : add i3c
2023-09-12 11:06:10,924 [INFO] IPUIPlugin:80 - create IPUIPlugin
2023-09-12 11:06:10,924 [INFO] PluginManager:220 - loadIPPluginJar : add ipddr
2023-09-12 11:06:10,929 [INFO] IPUIPlugin:80 - create IPUIPlugin
2023-09-12 11:06:10,929 [INFO] PluginManager:220 - loadIPPluginJar : add linkedlist
2023-09-12 11:06:10,932 [INFO] IPUIPlugin:80 - create IPUIPlugin
2023-09-12 11:06:10,932 [INFO] PluginManager:220 - loadIPPluginJar : add lorawan
2023-09-12 11:06:10,933 [INFO] IPUIPlugin:80 - create IPUIPlugin
2023-09-12 11:06:10,933 [INFO] PluginManager:220 - loadIPPluginJar : add ltdc
2023-09-12 11:06:10,937 [INFO] IPUIPlugin:80 - create IPUIPlugin
2023-09-12 11:06:10,938 [INFO] PluginManager:220 - loadIPPluginJar : add mdma
2023-09-12 11:06:10,940 [INFO] IPUIPlugin:80 - create IPUIPlugin
2023-09-12 11:06:10,940 [INFO] PluginManager:220 - loadIPPluginJar : add nvic
2023-09-12 11:06:10,943 [INFO] IPUIPlugin:80 - create IPUIPlugin
2023-09-12 11:06:10,943 [INFO] PluginManager:220 - loadIPPluginJar : add opamp
2023-09-12 11:06:10,945 [INFO] IPUIPlugin:80 - create IPUIPlugin
2023-09-12 11:06:10,945 [INFO] PluginManager:220 - loadIPPluginJar : add openamp
2023-09-12 11:06:10,955 [INFO] IPUIPlugin:80 - create IPUIPlugin
2023-09-12 11:06:10,955 [INFO] PluginManager:220 - loadIPPluginJar : add pdm2pcm
2023-09-12 11:06:10,963 [INFO] IPUIPlugin:80 - create IPUIPlugin
2023-09-12 11:06:10,966 [INFO] PluginManager:220 - loadIPPluginJar : add plateformsettings
2023-09-12 11:06:10,968 [INFO] IPUIPlugin:80 - create IPUIPlugin
2023-09-12 11:06:10,968 [INFO] PluginManager:220 - loadIPPluginJar : add quadspi
2023-09-12 11:06:10,971 [INFO] IPUIPlugin:80 - create IPUIPlugin
2023-09-12 11:06:10,971 [INFO] PluginManager:220 - loadIPPluginJar : add resmgrutility
2023-09-12 11:06:10,974 [INFO] IPUIPlugin:80 - create IPUIPlugin
2023-09-12 11:06:10,974 [INFO] PluginManager:220 - loadIPPluginJar : add sai
2023-09-12 11:06:10,976 [INFO] IPUIPlugin:80 - create IPUIPlugin
2023-09-12 11:06:10,976 [INFO] PluginManager:220 - loadIPPluginJar : add spi
2023-09-12 11:06:10,981 [INFO] IPUIPlugin:80 - create IPUIPlugin
2023-09-12 11:06:10,981 [INFO] PluginManager:220 - loadIPPluginJar : add stm32_wpan
2023-09-12 11:06:10,983 [INFO] IPUIPlugin:80 - create IPUIPlugin
2023-09-12 11:06:10,983 [INFO] PluginManager:220 - loadIPPluginJar : add tim
2023-09-12 11:06:10,986 [INFO] IPUIPlugin:80 - create IPUIPlugin
2023-09-12 11:06:10,986 [INFO] PluginManager:220 - loadIPPluginJar : add touchsensing
2023-09-12 11:06:10,987 [INFO] IPUIPlugin:80 - create IPUIPlugin
2023-09-12 11:06:10,988 [INFO] PluginManager:220 - loadIPPluginJar : add tracer_emb
2023-09-12 11:06:10,989 [INFO] IPUIPlugin:80 - create IPUIPlugin
2023-09-12 11:06:10,989 [INFO] PluginManager:220 - loadIPPluginJar : add ts
2023-09-12 11:06:10,991 [INFO] IPUIPlugin:80 - create IPUIPlugin
2023-09-12 11:06:10,991 [INFO] PluginManager:220 - loadIPPluginJar : add tsc
2023-09-12 11:06:10,992 [INFO] IPUIPlugin:80 - create IPUIPlugin
2023-09-12 11:06:10,992 [INFO] PluginManager:220 - loadIPPluginJar : add ucpd
2023-09-12 11:06:10,995 [INFO] IPUIPlugin:80 - create IPUIPlugin
2023-09-12 11:06:10,995 [INFO] PluginManager:220 - loadIPPluginJar : add usart
2023-09-12 11:06:10,998 [INFO] IPUIPlugin:80 - create IPUIPlugin
2023-09-12 11:06:10,998 [INFO] PluginManager:220 - loadIPPluginJar : add usbx
2023-09-12 11:06:11,121 [INFO] CADModel:165 - CPN selected for project level
2023-09-12 11:06:11,121 [INFO] CADModel:114 - Register for checkConnection events
2023-09-12 11:06:11,121 [FATAL] Updater:308 - Updater called before beeing initialized
2023-09-12 11:06:11,121 [ERROR] CADModel:125 - Updater not yet initialized, retry later 
2023-09-12 11:06:11,258 [INFO] CADModel:165 - CPN selected for project level
2023-09-12 11:06:11,259 [INFO] CADModel:114 - Register for checkConnection events
2023-09-12 11:06:11,259 [FATAL] Updater:308 - Updater called before beeing initialized
2023-09-12 11:06:11,259 [ERROR] CADModel:125 - Updater not yet initialized, retry later 
2023-09-12 11:06:11,263 [FATAL] Updater:308 - Updater called before beeing initialized
2023-09-12 11:06:11,355 [FATAL] Updater:308 - Updater called before beeing initialized
2023-09-12 11:06:11,361 [INFO] DbMcusAds:53 - JSON generation date=Tue Mar 07 11:50:55 GMT+03:00 2023 (1678179055114)
2023-09-12 11:06:11,361 [FATAL] Updater:308 - Updater called before beeing initialized
2023-09-12 11:06:11,389 [WARN] DetailPanel:346 - Failed to get advertising image, set to default
2023-09-12 11:06:11,487 [FATAL] Updater:308 - Updater called before beeing initialized
2023-09-12 11:06:11,488 [FATAL] Updater:308 - Updater called before beeing initialized
2023-09-12 11:06:11,489 [FATAL] Updater:308 - Updater called before beeing initialized
2023-09-12 11:06:11,489 [WARN] DetailPanel:346 - Failed to get advertising image, set to default
2023-09-12 11:06:11,489 [FATAL] Updater:308 - Updater called before beeing initialized
2023-09-12 11:06:11,527 [ERROR] Updater:1120 - MainUpdater not yet initialized. External WinMGr cannot be set.
2023-09-12 11:06:11,529 [INFO] Updater:1056 - Updater Version found : 6.8.0
2023-09-12 11:06:11,543 [INFO] ApplicationProperties:184 - Using Application install path: C:\ST\STM32CubeIDE_1.12.0\STM32CubeIDE\plugins\com.st.stm32cube.common.mx_6.8.0.202302231600
2023-09-12 11:06:13,447 [INFO] ThirdPartyUpdaterWithRetryManager:70 - Updater plugin not ready yet. [2/15]
2023-09-12 11:06:13,604 [WARN] ServerAccessManage:1168 - Warning during Server Connection :  timeout Read timed out
2023-09-12 11:06:14,007 [INFO] MainUpdater:2854 - connection check result : 10
2023-09-12 11:06:14,031 [INFO] MainUpdater:283 - Updater Check For Update Now.
2023-09-12 11:06:14,031 [INFO] MicroXplorer:498 - Change Database Version : DB.6.0.80
2023-09-12 11:06:14,219 [INFO] CheckServerUpdateThread:120 - End of CheckServer Thread
2023-09-12 11:06:14,244 [INFO] MainUpdater:2854 - connection check result : 10
2023-09-12 11:06:14,245 [INFO] MainUpdater:2854 - connection check result : 10
2023-09-12 11:06:14,270 [INFO] MicroXplorer:468 - Change Database Path : 
2023-09-12 11:06:14,270 [INFO] MicroXplorer:498 - Change Database Version : DB.6.0.80
2023-09-12 11:06:14,271 [WARN] ThirdParty:871 - waiting for thirdparty lock release [close project]
2023-09-12 11:06:16,139 [ERROR] ConfigurationRetriever:142 - IOException on connection: Read timed out
2023-09-12 11:06:16,537 [WARN] PackLoader:240 - Cannot read IP mode file for STMicroelectronics.X-CUBE-GNSS1.6.0.0
2023-09-12 11:06:16,567 [WARN] PackLoader:240 - Cannot read IP mode file for STMicroelectronics.X-CUBE-AZRTOS-F4.1.1.0
2023-09-12 11:06:16,589 [WARN] PackLoader:240 - Cannot read IP mode file for STMicroelectronics.X-CUBE-AZRTOS-F7.1.1.0
2023-09-12 11:06:16,601 [WARN] PackLoader:240 - Cannot read IP mode file for STMicroelectronics.X-CUBE-DISPLAY.3.0.0
2023-09-12 11:06:16,613 [WARN] PackLoader:240 - Cannot read IP mode file for STMicroelectronics.X-CUBE-EEPRMA1.4.1.0
2023-09-12 11:06:16,622 [WARN] PackLoader:240 - Cannot read IP mode file for STMicroelectronics.X-CUBE-SFXS2LP1.4.0.0
2023-09-12 11:06:16,628 [WARN] PackLoader:240 - Cannot read IP mode file for STMicroelectronics.X-CUBE-BLE2.3.3.0
2023-09-12 11:06:16,632 [WARN] PackLoader:240 - Cannot read IP mode file for STMicroelectronics.X-CUBE-ISPU.1.1.0
2023-09-12 11:06:16,645 [WARN] PackLoader:240 - Cannot read IP mode file for STMicroelectronics.X-CUBE-ALGOBUILD.1.3.0
2023-09-12 11:06:16,666 [WARN] PackLoader:240 - Cannot read IP mode file for STMicroelectronics.X-CUBE-AZRTOS-G0.1.1.0
2023-09-12 11:06:16,681 [WARN] PackLoader:240 - Cannot read IP mode file for STMicroelectronics.X-CUBE-SUBG2.5.0.0
2023-09-12 11:06:16,695 [WARN] PackLoader:240 - Cannot read IP mode file for STMicroelectronics.X-CUBE-NFC4.3.0.0
2023-09-12 11:06:16,699 [WARN] PackLoader:240 - Cannot read IP mode file for STMicroelectronics.FP-ATR-SIGFOX1.3.2.0
2023-09-12 11:06:16,704 [WARN] PackLoader:240 - Cannot read IP mode file for STMicroelectronics.X-CUBE-ALS.1.0.1
2023-09-12 11:06:16,705 [INFO] ThirdParty:978 - Integrity check success = true
2023-09-12 11:06:16,705 [INFO] IntegrityCheckThread:100 - exiting critical section [integrity check]
2023-09-12 11:06:16,705 [INFO] IntegrityCheckThread:103 - End integrity checks thread
2023-09-12 11:06:16,705 [INFO] ThirdParty:873 - entering critical section [close project]
2023-09-12 11:06:16,706 [INFO] ThirdParty:883 - exiting critical section [close project]
2023-09-12 11:06:16,710 [INFO] PinOutPanel:1499 - setPackage(No Configuration,No Configuration)
2023-09-12 11:06:16,715 [INFO] UtilMem:75 - Begin LoadConfig() Used Memory: 482804712 Bytes (502267904)
2023-09-12 11:06:16,716 [INFO] MicroXplorer:468 - Change Database Path : 
2023-09-12 11:06:16,717 [INFO] MicroXplorer:498 - Change Database Version : DB.6.0.80
2023-09-12 11:06:16,717 [INFO] OpenFileManager:308 - Change cursor
2023-09-12 11:06:16,838 [INFO] Mcu:1937 - Initializing MCU STM32F103C(8-B)Tx STM32F103C8Tx STM32F103C8T6
2023-09-12 11:06:31,838 [INFO] Context:659 - Trying to add GPIOservice into a context  which must be forbidden
2023-09-12 11:06:32,076 [WARN] ModelIntegratedComponent:63 - No mode defined for component null
2023-09-12 11:06:32,076 [WARN] ModelIntegratedComponent:63 - No mode defined for component null
2023-09-12 11:06:32,077 [WARN] ModelIntegratedComponent:63 - No mode defined for component null
2023-09-12 11:06:32,077 [WARN] ModelIntegratedComponent:63 - No mode defined for component null
2023-09-12 11:06:32,077 [WARN] ModelIntegratedComponent:63 - No mode defined for component null
2023-09-12 11:06:32,077 [WARN] ModelIntegratedComponent:63 - No mode defined for component null
2023-09-12 11:06:32,077 [WARN] ModelIntegratedComponent:63 - No mode defined for component null
2023-09-12 11:06:32,077 [WARN] ModelIntegratedComponent:63 - No mode defined for component null
2023-09-12 11:06:32,077 [WARN] ModelIntegratedComponent:63 - No mode defined for component null
2023-09-12 11:06:32,077 [WARN] ModelIntegratedComponent:63 - No mode defined for component null
2023-09-12 11:06:32,077 [WARN] ModelIntegratedComponent:63 - No mode defined for component null
2023-09-12 11:06:32,077 [WARN] ModelIntegratedComponent:63 - No mode defined for component null
2023-09-12 11:06:32,078 [WARN] ModelIntegratedComponent:63 - No mode defined for component null
2023-09-12 11:06:32,078 [WARN] ModelIntegratedComponent:63 - No mode defined for component null
2023-09-12 11:06:32,078 [WARN] ModelIntegratedComponent:63 - No mode defined for component null
2023-09-12 11:06:32,078 [WARN] ModelIntegratedComponent:63 - No mode defined for component null
2023-09-12 11:06:32,078 [WARN] ModelIntegratedComponent:63 - No mode defined for component null
2023-09-12 11:06:32,078 [WARN] ModelIntegratedComponent:63 - No mode defined for component null
2023-09-12 11:06:32,078 [WARN] ModelIntegratedComponent:63 - No mode defined for component null
2023-09-12 11:06:32,078 [WARN] ModelIntegratedComponent:63 - No mode defined for component null
2023-09-12 11:06:32,079 [WARN] ModelIntegratedComponent:63 - No mode defined for component null
2023-09-12 11:06:32,079 [WARN] ModelIntegratedComponent:63 - No mode defined for component null
2023-09-12 11:06:32,079 [WARN] ModelIntegratedComponent:63 - No mode defined for component null
2023-09-12 11:06:32,079 [WARN] ModelIntegratedComponent:63 - No mode defined for component null
2023-09-12 11:06:32,079 [WARN] ModelIntegratedComponent:63 - No mode defined for component null
2023-09-12 11:06:32,079 [WARN] ModelIntegratedComponent:63 - No mode defined for component null
2023-09-12 11:06:32,079 [WARN] ModelIntegratedComponent:63 - No mode defined for component null
2023-09-12 11:06:32,079 [WARN] ModelIntegratedComponent:63 - No mode defined for component null
2023-09-12 11:06:32,079 [WARN] ModelIntegratedComponent:63 - No mode defined for component null
2023-09-12 11:06:32,079 [WARN] ModelIntegratedComponent:63 - No mode defined for component null
2023-09-12 11:06:32,079 [WARN] ModelIntegratedComponent:63 - No mode defined for component null
2023-09-12 11:06:32,079 [WARN] ModelIntegratedComponent:63 - No mode defined for component null
2023-09-12 11:06:32,079 [WARN] ModelIntegratedComponent:63 - No mode defined for component null
2023-09-12 11:06:32,084 [INFO] RtosManager:555 - Registered RTOS mode: class=CMSIS, group=RTOS, mode=CMSIS_V1, owner=FREERTOS
2023-09-12 11:06:32,084 [INFO] RtosManager:555 - Registered RTOS mode: class=CMSIS, group=RTOS2, mode=CMSIS_V2, owner=FREERTOS
2023-09-12 11:06:32,085 [INFO] RtosManager:555 - Registered RTOS mode: class=RTOS, group=Core, mode=CMSIS_V1, owner=FREERTOS
2023-09-12 11:06:32,085 [INFO] RtosManager:555 - Registered RTOS mode: class=RTOS, group=Core, mode=CMSIS_V2, owner=FREERTOS
2023-09-12 11:06:32,085 [WARN] ModelIntegratedComponent:184 - Missing modes for component STMicroelectronics:FreeRTOS:0.0.1:STMicroelectronics:RTOS:FreeRTOS:Core:::10.2.0:
2023-09-12 11:06:32,096 [INFO] ThirdPartyModel:298 - Start build external matchings
2023-09-12 11:06:32,122 [INFO] ThirdPartyModel:316 - End build external matchings
2023-09-12 11:06:36,460 [INFO] UtilMem:75 - End LoadConfig() Used Memory: 484284496 Bytes (502267904)
2023-09-12 11:06:36,544 [INFO] ApiDb:581 - Connected to CubeFinder SQLite database (C:\Users\Dmitrii\.stmcufinder\plugins\mcufinder\mcu\cube-finder-db.db)
2023-09-12 11:06:36,589 [INFO] ApiDb:668 - CubeFinder database Data Model version=2.1
2023-09-12 11:06:36,589 [INFO] ApiDb:669 - CubeFinder database Configuration version=3.0.37
2023-09-12 11:06:36,589 [INFO] ApiDb:670 - CubeFinder database generation date=2023-08-09 (1691586011)
2023-09-12 11:06:36,589 [INFO] ApiDb:671 - CubeFinder database FW Pack versions=[FP-ATR-ASTRA1_V2.0.0, FP-SNS-FLIGHT1_V5.0.1, FP-SNS-FLIGHT1_V5.0.2, FP-SNS-MOTENV1_V4.3.1, FP-SNS-MOTENV1_V4.3.2, STM32Cube_FW_C0_V1.1.0, STM32Cube_FW_F4_V1.27.1, STM32Cube_FW_F7_V1.17.0, STM32Cube_FW_G0_V1.6.1, STM32Cube_FW_G4_V1.5.1, STM32Cube_FW_H5_V0.5.1, STM32Cube_FW_H5_V1.1.0, STM32Cube_FW_H7_V1.11.0, STM32Cube_FW_L0_V1.12.2, STM32Cube_FW_L5_V1.5.0, STM32Cube_FW_U5_V1.3.0, STM32Cube_FW_U5_V1.3.0RC4, STM32Cube_FW_WBA_V1.0.0RC1, STM32Cube_FW_WBA_V1.1.0, STM32Cube_FW_WBA_V1.1.0RC1, STM32Cube_FW_WB_V1.15.0RC1, STM32Cube_FW_WB_V1.16.0, STM32Cube_FW_WB_V1.16.0RC2, STM32Cube_FW_WB_V1.17.0, STM32Cube_FW_WL_V1.3.0, X-CUBE-ALGOBUILD_V1.3.0, X-CUBE-ALS_V1.0.1, X-CUBE-AZRTOS-F4_V1.1.0, X-CUBE-AZRTOS-F7_V1.1.0, X-CUBE-AZRTOS-G0_V1.1.0, X-CUBE-AZRTOS-G4_V2.0.0, X-CUBE-AZRTOS-H7_V3.1.0, X-CUBE-AZRTOS-L4_V1.0.0, X-CUBE-AZRTOS-L4_V2.0.0, X-CUBE-AZRTOS-L5_V1.1.0, X-CUBE-AZRTOS-WB_V1.1.0, X-CUBE-AZRTOS-WL_V2.0.0, X-CUBE-BLE1_V7.0.0, X-CUBE-BLE2_V3.3.0, X-CUBE-BLEMGR_V2.0.0, X-CUBE-EEPRMA1_V4.1.0, X-CUBE-FREERTOS_V1.1.0, X-CUBE-GNSS1_V6.0.0, X-CUBE-MEMS1_V9.1.0, X-CUBE-MEMS1_V9.4.0, X-CUBE-MEMS1_V9.6.0, X-CUBE-NFC4_V3.0.0, X-CUBE-NFC7_V1.0.0, X-CUBE-SFXS2LP1_V4.0.0, X-CUBE-SUBG2_V5.0.0, X-CUBE-TOF1_V3.3.1]
2023-09-12 11:06:38,155 [INFO] ApiDb:240 - Found 297 in-development CPN: [B-G473E-ZEST1S, B-WB1M-WPAN1, B-WL5M-SUBG1, NUCLEO-C031C6, NUCLEO-H503RB, NUCLEO-H563ZI, NUCLEO-U545RE-Q, NUCLEO-U5A5ZJ-Q, NUCLEO-WBA52CG, STEVAL-PROTEUS1, STEVAL-STWINBX1, STM320518-EVAL, STM32C0116-DK, STM32C011D6Y3TR, STM32C011D6Y6TR, STM32C011F4P3, STM32C011F4P6, STM32C011F4U3, STM32C011F4U6TR, STM32C011F6P3, STM32C011F6P6, STM32C011F6U3, STM32C011F6U6TR, STM32C011J4M3, STM32C011J4M6, STM32C011J6M3, STM32C011J6M6, STM32C0316-DK, STM32C031C4T3, STM32C031C4T6, STM32C031C4U3, STM32C031C4U6, STM32C031C6T3, STM32C031C6T6, STM32C031C6U3, STM32C031C6U6, STM32C031F4P3, STM32C031F4P6, STM32C031F6P3, STM32C031F6P6, STM32C031G4U3, STM32C031G4U6, STM32C031G6U3, STM32C031G6U6, STM32C031K4T3, STM32C031K4T6, STM32C031K4U3, STM32C031K4U6, STM32C031K6T3, STM32C031K6T6, STM32C031K6U3, STM32C031K6U6, STM32G071K8TXN, STM32G071K8UXN, STM32G081GBU6N, STM32G081KBT6N, STM32G081KBUXN, STM32G0B1CCT6N, STM32G0B1KCT6, STM32G0B1NEY6TR, STM32G0B1RCT6N, STM32G0C1CCT6, STM32G0C1CCT6N, STM32G0C1CCU6N, STM32G0C1CET6N, STM32G0C1CEU6N, STM32G0C1KCT6, STM32G0C1NEY6TR, STM32G0C1RCI6N, STM32G0C1RCT6N, STM32G0C1REI6N, STM32G0C1RET6N, STM32G0C1VCI6, STM32G0C1VEI6, STM32G471CCT6, STM32G471CCU6, STM32G471CET3, STM32G471CET6, STM32G471CEU3, STM32G471CEU6, STM32G471MCT6, STM32G471MET3, STM32G471MET6, STM32G471MEY6TR, STM32G471QCT6, STM32G471QET3, STM32G471RCT6, STM32G471RET3, STM32G471RET6, STM32G471VCH6, STM32G471VCI6, STM32G471VCT6, STM32G471VEH3, STM32G471VEH6, STM32G471VEI3, STM32G471VEI6, STM32G471VET3, STM32G471VET6, STM32G474CCT6, STM32H503CBT6, STM32H503CBU6, STM32H503EBY6TR, STM32H503KBU6, STM32H503RBT6, STM32H562AGI6, STM32H562AII6, STM32H562IGK6, STM32H562IGT6, STM32H562IIK6, STM32H562IIT6, STM32H562RGT6, STM32H562RGV6, STM32H562RIT6, STM32H562RIV6, STM32H562VGT6, STM32H562VIT6, STM32H562ZGT6, STM32H562ZIT6, STM32H563AGI6, STM32H563AII3Q, STM32H563AII6, STM32H563IGK6, STM32H563IGT6, STM32H563IIK3Q, STM32H563IIK6, STM32H563IIT3Q, STM32H563IIT6, STM32H563MIY3QTR, STM32H563RGT6, STM32H563RGV6, STM32H563RIT6, STM32H563RIV6, STM32H563VGT6, STM32H563VIT3Q, STM32H563VIT6, STM32H563ZGT6, STM32H563ZIT3Q, STM32H563ZIT6, STM32H573AII3Q, STM32H573AII6, STM32H573I-DK, STM32H573IIK3Q, STM32H573IIK6, STM32H573IIT3Q, STM32H573IIT6, STM32H573MIY3QTR, STM32H573RIT6, STM32H573RIV6, STM32H573VIT3Q, STM32H573VIT6, STM32H573ZIT3Q, STM32H573ZIT6, STM32L4R5QGI6STR, STM32MP131AAE3, STM32MP131AAF3, STM32MP131AAG3, STM32MP131CAE3, STM32MP131CAF3, STM32MP131CAG3, STM32MP131DAE7, STM32MP131DAF7, STM32MP131DAG7, STM32MP131FAE7, STM32MP131FAF7, STM32MP131FAG7, STM32MP133AAE3, STM32MP133AAF3, STM32MP133AAG3, STM32MP133CAE3, STM32MP133CAF3, STM32MP133CAG3, STM32MP133DAE7, STM32MP133DAF7, STM32MP133DAG7, STM32MP133FAE7, STM32MP133FAF7, STM32MP133FAG7, STM32MP135AAE3, STM32MP135AAF3, STM32MP135AAG3, STM32MP135CAE3, STM32MP135CAF3, STM32MP135CAG3, STM32MP135DAE7, STM32MP135DAF7, STM32MP135DAG7, STM32MP135F-DK, STM32MP135FAE7, STM32MP135FAF7, STM32MP135FAF7T, STM32MP135FAF7U, STM32MP135FAG7, STM32U535CBT6, STM32U535CBT6Q, STM32U535CBU6, STM32U535CBU6Q, STM32U535CCT6, STM32U535CCT6Q, STM32U535CCU6, STM32U535CCU6Q, STM32U535CET6, STM32U535CET6Q, STM32U535CEU6, STM32U535CEU6Q, STM32U535JEY6QTR, STM32U535NCY6QTR, STM32U535NEY6QTR, STM32U535RBI6, STM32U535RBI6Q, STM32U535RBT6, STM32U535RBT6Q, STM32U535RCI6, STM32U535RCI6Q, STM32U535RCT6, STM32U535RCT6Q, STM32U535REI6, STM32U535REI6Q, STM32U535RET6, STM32U535RET6Q, STM32U535VCI6, STM32U535VCI6Q, STM32U535VCT6, STM32U535VCT6Q, STM32U535VEI6, STM32U535VEI6Q, STM32U535VET6, STM32U535VET6Q, STM32U545CET6, STM32U545CET6Q, STM32U545CEU6, STM32U545CEU6Q, STM32U545JEY6QTR, STM32U545NEY6QTR, STM32U545REI6, STM32U545REI6Q, STM32U545RET6, STM32U545RET6Q, STM32U545VEI6, STM32U545VEI6Q, STM32U545VET6, STM32U545VET6Q, STM32U595AIH6, STM32U595AIH6Q, STM32U595AJH6, STM32U595AJH6Q, STM32U595QII6, STM32U595QII6Q, STM32U595QJI6, STM32U595QJI6Q, STM32U595RIT6, STM32U595RIT6Q, STM32U595RJT6, STM32U595RJT6Q, STM32U595VIT6, STM32U595VIT6Q, STM32U595VJT6, STM32U595VJT6Q, STM32U595ZIT6, STM32U595ZIT6Q, STM32U595ZIY6QTR, STM32U595ZJT6, STM32U595ZJT6Q, STM32U595ZJY6QTR, STM32U599BJY6QTR, STM32U599NIH6Q, STM32U599NJH6Q, STM32U599VIT6Q, STM32U599VJT6, STM32U599VJT6Q, STM32U599ZIT6Q, STM32U599ZIY6QTR, STM32U599ZJT6Q, STM32U599ZJY6QTR, STM32U5A5AJH6, STM32U5A5AJH6Q, STM32U5A5QJI6, STM32U5A5QJI6Q, STM32U5A5RJT6, STM32U5A5RJT6Q, STM32U5A5VJT6, STM32U5A5VJT6Q, STM32U5A5ZJT6, STM32U5A5ZJT6Q, STM32U5A5ZJY6QTR, STM32U5A9BJY6QTR, STM32U5A9J-DK, STM32U5A9NJH6Q, STM32U5A9VJT6Q, STM32U5A9ZJT6Q, STM32U5A9ZJY6QTR, STM32WB1MMCH6, STM32WBA52CEU6, STM32WBA52CEU6T, STM32WBA52CGU6, STM32WBA52CGU6T, STM32WL5MOCH6, STM32WL5MOCH6TR]
2023-09-12 11:06:38,159 [INFO] DbMcus:216 - Found 3825 MCUs, 3825 are supported
2023-09-12 11:06:38,160 [INFO] ApiDb:423 - Load user favorites file C:\Users\Dmitrii/.stm32cubeide/favorites.mcus.txt: 0 item(s)
2023-09-12 11:06:38,160 [INFO] ApiDb:427 - User favorites MCUs=[]
2023-09-12 11:06:38,160 [INFO] DbMcus:222 - Set 0 / 0 favorites MCUs
2023-09-12 11:06:38,482 [WARN] ThirdParty:833 - waiting for thirdparty lock release [change project]
2023-09-12 11:06:38,482 [INFO] ThirdParty:835 - entering critical section [change project]
2023-09-12 11:06:38,482 [INFO] ThirdParty:1030 - CMSIS Pack Vendor :STMicroelectronics X-CUBE-ISPU 1.1.0
2023-09-12 11:06:38,482 [INFO] ThirdParty:1030 - CMSIS Pack Vendor :STMicroelectronics X-CUBE-DISPLAY 3.0.0
2023-09-12 11:06:38,482 [INFO] ThirdParty:1030 - CMSIS Pack Vendor :STMicroelectronics X-CUBE-GNSS1 6.0.0
2023-09-12 11:06:38,482 [INFO] ThirdParty:1030 - CMSIS Pack Vendor :STMicroelectronics USB_HOST 2.0.0
2023-09-12 11:06:38,482 [INFO] ThirdParty:1030 - CMSIS Pack Vendor :STMicroelectronics X-CUBE-AZRTOS-F4 1.1.0
2023-09-12 11:06:38,483 [INFO] ThirdParty:1030 - CMSIS Pack Vendor :STMicroelectronics LIBJPEG 8.0.0
2023-09-12 11:06:38,483 [INFO] ThirdParty:1030 - CMSIS Pack Vendor :STMicroelectronics FP-ATR-SIGFOX1 3.2.0
2023-09-12 11:06:38,483 [INFO] ThirdParty:1030 - CMSIS Pack Vendor :STMicroelectronics USB_DEVICE 3.0.0
2023-09-12 11:06:38,483 [INFO] ThirdParty:1030 - CMSIS Pack Vendor :STMicroelectronics HAL Drivers 0.0.0
2023-09-12 11:06:38,483 [INFO] ThirdParty:1030 - CMSIS Pack Vendor :STMicroelectronics MBEDTLS 2.16.2
2023-09-12 11:06:38,483 [INFO] ThirdParty:1030 - CMSIS Pack Vendor :STMicroelectronics MBEDTLS 2.14.1
2023-09-12 11:06:38,484 [INFO] ThirdParty:1030 - CMSIS Pack Vendor :STMicroelectronics X-CUBE-AZRTOS-F7 1.1.0
2023-09-12 11:06:38,484 [INFO] ThirdParty:1030 - CMSIS Pack Vendor :STMicroelectronics X-CUBE-EEPRMA1 4.1.0
2023-09-12 11:06:38,484 [INFO] ThirdParty:1030 - CMSIS Pack Vendor :STMicroelectronics X-CUBE-ALS 1.0.1
2023-09-12 11:06:38,484 [INFO] ThirdParty:1030 - CMSIS Pack Vendor :STMicroelectronics USB_DEVICE 2.0.0
2023-09-12 11:06:38,484 [INFO] ThirdParty:1030 - CMSIS Pack Vendor :STMicroelectronics ThreadX 1.0.0
2023-09-12 11:06:38,484 [INFO] ThirdParty:1030 - CMSIS Pack Vendor :STMicroelectronics X-CUBE-ALGOBUILD 1.3.0
2023-09-12 11:06:38,484 [INFO] ThirdParty:1030 - CMSIS Pack Vendor :STMicroelectronics FreeRTOS 0.0.1
2023-09-12 11:06:38,484 [INFO] ThirdParty:1030 - CMSIS Pack Vendor :STMicroelectronics X-CUBE-AZRTOS-G0 1.1.0
2023-09-12 11:06:38,484 [INFO] ThirdParty:1030 - CMSIS Pack Vendor :STMicroelectronics USB_DEVICE 1.0.0
2023-09-12 11:06:38,484 [INFO] ThirdParty:1030 - CMSIS Pack Vendor :STMicroelectronics X-CUBE-SUBG2 5.0.0
2023-09-12 11:06:38,484 [INFO] ThirdParty:1030 - CMSIS Pack Vendor :STMicroelectronics X-CUBE-NFC4 3.0.0
2023-09-12 11:06:38,484 [INFO] ThirdParty:1030 - CMSIS Pack Vendor :STMicroelectronics STM32_WPAN 1.0.0
2023-09-12 11:06:38,484 [INFO] ThirdParty:1030 - CMSIS Pack Vendor :STMicroelectronics ThreadX 0.0.2
2023-09-12 11:06:38,484 [INFO] ThirdParty:1030 - CMSIS Pack Vendor :STMicroelectronics lwIP 2.0.3
2023-09-12 11:06:38,484 [INFO] ThirdParty:1030 - CMSIS Pack Vendor :STMicroelectronics lwIP 2.1.2
2023-09-12 11:06:38,484 [INFO] ThirdParty:1030 - CMSIS Pack Vendor :STMicroelectronics X-CUBE-SFXS2LP1 4.0.0
2023-09-12 11:06:38,484 [INFO] ThirdParty:1030 - CMSIS Pack Vendor :STMicroelectronics X-CUBE-BLE2 3.3.0
2023-09-12 11:06:38,485 [INFO] ThirdParty:1030 - CMSIS Pack Vendor :STMicroelectronics USB_HOST 1.0.0
2023-09-12 11:06:38,485 [INFO] ThirdParty:1030 - CMSIS Pack Vendor :STMicroelectronics PDM2PCM 3.1.0
2023-09-12 11:06:38,485 [INFO] ThirdParty:1030 - CMSIS Pack Vendor :STMicroelectronics PDM2PCM 3.2.0
2023-09-12 11:06:38,485 [INFO] ThirdParty:1030 - CMSIS Pack Vendor :STMicroelectronics PDM2PCM 3.3.0
2023-09-12 11:06:38,485 [INFO] ThirdParty:841 - exiting critical section [change project]
2023-09-12 11:06:38,753 [INFO] PinOutPanel:1499 - setPackage(No Configuration,No Configuration)
2023-09-12 11:06:38,754 [INFO] PinOutPanel:1499 - setPackage(STM32F103C8Tx,LQFP48)
2023-09-12 11:06:39,243 [INFO] UtilMem:75 - Before build in PCC Used Memory: 503890288 Bytes (515899392)
2023-09-12 11:06:39,912 [INFO] UtilMem:75 - After build in PCC Used Memory: 501892232 Bytes (524288000)
2023-09-12 11:06:39,936 [INFO] IPUIPlugin:80 - create IPUIPlugin
2023-09-12 11:06:39,936 [INFO] IPUIPlugin:80 - create IPUIPlugin
2023-09-12 11:06:39,936 [INFO] IPUIPlugin:80 - create IPUIPlugin
2023-09-12 11:06:39,936 [INFO] IPUIPlugin:80 - create IPUIPlugin
2023-09-12 11:06:39,936 [INFO] IPUIPlugin:80 - create IPUIPlugin
2023-09-12 11:06:39,937 [INFO] IPUIPlugin:80 - create IPUIPlugin
2023-09-12 11:06:39,937 [INFO] IPUIPlugin:80 - create IPUIPlugin
2023-09-12 11:06:39,937 [INFO] IPUIPlugin:80 - create IPUIPlugin
2023-09-12 11:06:39,937 [INFO] IPUIPlugin:80 - create IPUIPlugin
2023-09-12 11:06:39,937 [INFO] IPUIPlugin:80 - create IPUIPlugin
2023-09-12 11:06:39,937 [INFO] IPUIPlugin:80 - create IPUIPlugin
2023-09-12 11:06:39,937 [INFO] IPUIPlugin:80 - create IPUIPlugin
2023-09-12 11:06:39,937 [INFO] IPUIPlugin:80 - create IPUIPlugin
2023-09-12 11:06:39,938 [INFO] IPUIPlugin:80 - create IPUIPlugin
2023-09-12 11:06:39,938 [INFO] IPUIPlugin:80 - create IPUIPlugin
2023-09-12 11:06:39,938 [INFO] IPUIPlugin:80 - create IPUIPlugin
2023-09-12 11:06:39,938 [INFO] IPUIPlugin:80 - create IPUIPlugin
2023-09-12 11:06:39,938 [INFO] IPUIPlugin:80 - create IPUIPlugin
2023-09-12 11:06:39,939 [INFO] IPUIPlugin:80 - create IPUIPlugin
2023-09-12 11:06:39,939 [INFO] IPUIPlugin:80 - create IPUIPlugin
2023-09-12 11:06:39,939 [INFO] IPUIPlugin:80 - create IPUIPlugin
2023-09-12 11:06:39,939 [INFO] IPUIPlugin:80 - create IPUIPlugin
2023-09-12 11:06:39,940 [INFO] IPUIPlugin:80 - create IPUIPlugin
2023-09-12 11:06:39,940 [INFO] IPUIPlugin:80 - create IPUIPlugin
2023-09-12 11:06:39,940 [INFO] IPUIPlugin:80 - create IPUIPlugin
2023-09-12 11:06:39,940 [INFO] IPUIPlugin:80 - create IPUIPlugin
2023-09-12 11:06:39,941 [INFO] IPUIPlugin:80 - create IPUIPlugin
2023-09-12 11:06:39,950 [WARN] IP:2113 - I2C_Coeff_DF not found: check if there is a RefParameter without a condition.
2023-09-12 11:06:39,950 [WARN] IP:2113 - Analog_Filter not found: check if there is a RefParameter without a condition.
2023-09-12 11:06:40,139 [INFO] CADModel:165 - CPN selected for project levelSTM32F103C8T6
2023-09-12 11:06:40,139 [INFO] CADModel:114 - Register for checkConnection events
2023-09-12 11:06:40,202 [INFO] OpenFileManager:328 - Restore cursor
2023-09-12 11:06:40,355 [WARN] IP:2113 - I2C_Coeff_DF not found: check if there is a RefParameter without a condition.
2023-09-12 11:06:40,355 [WARN] IP:2113 - Analog_Filter not found: check if there is a RefParameter without a condition.
2023-09-12 11:06:40,355 [WARN] IP:2113 - I2C_Coeff_DF not found: check if there is a RefParameter without a condition.
2023-09-12 11:06:40,356 [WARN] IP:2113 - Analog_Filter not found: check if there is a RefParameter without a condition.
2023-09-12 11:09:31,135 [ERROR] ConfigurationRetriever:142 - IOException on connection: connect timed out
2023-09-12 11:09:33,142 [ERROR] ConfigurationRetriever:142 - IOException on connection: connect timed out
2023-09-12 11:09:35,164 [ERROR] ConfigurationRetriever:142 - IOException on connection: connect timed out
2023-09-12 11:09:40,909 [ERROR] ConfigurationRetriever:142 - IOException on connection: connect timed out
2023-09-12 11:09:42,922 [ERROR] ConfigurationRetriever:142 - IOException on connection: connect timed out
2023-09-12 11:09:44,927 [ERROR] ConfigurationRetriever:142 - IOException on connection: connect timed out
2023-09-12 11:09:46,941 [ERROR] ConfigurationRetriever:142 - IOException on connection: connect timed out
2023-09-12 11:09:48,946 [ERROR] ConfigurationRetriever:142 - IOException on connection: connect timed out
2023-09-12 11:09:50,953 [ERROR] ConfigurationRetriever:142 - IOException on connection: connect timed out
2023-09-12 12:52:51,270 [ERROR] ConfigurationRetriever:142 - IOException on connection: Read timed out
2023-09-12 13:01:48,491 [ERROR] ConfigurationRetriever:142 - IOException on connection: Read timed out
2023-09-12 13:01:50,498 [ERROR] ConfigurationRetriever:142 - IOException on connection: Read timed out
2023-09-12 13:01:52,501 [ERROR] ConfigurationRetriever:142 - IOException on connection: Read timed out
2023-09-12 13:02:25,522 [ERROR] ConfigurationRetriever:142 - IOException on connection: Read timed out
2023-09-12 13:02:27,537 [ERROR] ConfigurationRetriever:142 - IOException on connection: Read timed out
2023-09-12 13:02:29,545 [ERROR] ConfigurationRetriever:142 - IOException on connection: Read timed out
2023-09-12 13:02:47,505 [ERROR] ConfigurationRetriever:142 - IOException on connection: Read timed out
2023-09-12 13:02:49,521 [ERROR] ConfigurationRetriever:142 - IOException on connection: Read timed out
2023-09-12 13:02:51,537 [ERROR] ConfigurationRetriever:142 - IOException on connection: Read timed out
2023-09-12 13:02:54,933 [ERROR] ConfigurationRetriever:142 - IOException on connection: Read timed out
2023-09-12 14:32:21,440 [ERROR] AdobePublisher:162 - Exception while opening the connection: java.net.SocketTimeoutException: Read timed out
2023-09-12 14:32:23,455 [ERROR] AdobePublisher:162 - Exception while opening the connection: java.net.SocketTimeoutException: connect timed out
2023-09-12 14:32:25,469 [ERROR] AdobePublisher:162 - Exception while opening the connection: java.net.SocketTimeoutException: connect timed out
2023-09-12 14:32:27,480 [ERROR] AdobePublisher:162 - Exception while opening the connection: java.net.SocketTimeoutException: connect timed out
2023-09-12 14:32:29,492 [ERROR] AdobePublisher:162 - Exception while opening the connection: java.net.SocketTimeoutException: connect timed out
2023-09-12 14:32:32,280 [ERROR] AdobePublisher:162 - Exception while opening the connection: java.net.SocketTimeoutException: connect timed out
2023-09-12 14:32:34,294 [ERROR] AdobePublisher:162 - Exception while opening the connection: java.net.SocketTimeoutException: connect timed out
2023-09-12 14:32:36,309 [ERROR] AdobePublisher:162 - Exception while opening the connection: java.net.SocketTimeoutException: connect timed out
2023-09-12 14:32:38,322 [ERROR] AdobePublisher:162 - Exception while opening the connection: java.net.SocketTimeoutException: connect timed out
2023-09-12 14:32:40,337 [ERROR] AdobePublisher:162 - Exception while opening the connection: java.net.SocketTimeoutException: connect timed out
2023-09-12 14:36:03,651 [ERROR] AdobePublisher:183 - Exception while getting the server answer: java.net.SocketTimeoutException: Read timed out
2023-09-12 14:38:41,909 [ERROR] ConfigurationRetriever:142 - IOException on connection: Read timed out
2023-09-12 14:57:44,883 [ERROR] AdobePublisher:162 - Exception while opening the connection: java.net.SocketTimeoutException: Read timed out
2023-09-12 14:57:46,889 [ERROR] AdobePublisher:162 - Exception while opening the connection: java.net.SocketTimeoutException: Read timed out
2023-09-12 14:58:15,416 [ERROR] AdobePublisher:162 - Exception while opening the connection: java.net.SocketTimeoutException: Read timed out
2023-09-12 15:04:32,115 [ERROR] AdobePublisher:183 - Exception while getting the server answer: java.net.SocketTimeoutException: Read timed out
2023-09-12 15:08:51,780 [ERROR] ConfigurationRetriever:142 - IOException on connection: Read timed out
2023-09-12 15:11:04,614 [ERROR] ConfigurationRetriever:142 - IOException on connection: Read timed out
2023-09-12 15:11:18,761 [ERROR] ConfigurationRetriever:142 - IOException on connection: Read timed out
2023-09-12 15:38:00,483 [ERROR] ConfigurationRetriever:142 - IOException on connection: connect timed out
2023-09-12 15:38:02,485 [ERROR] ConfigurationRetriever:142 - IOException on connection: connect timed out
2023-09-12 15:38:04,499 [ERROR] ConfigurationRetriever:142 - IOException on connection: connect timed out
2023-09-12 15:38:06,517 [ERROR] ConfigurationRetriever:142 - IOException on connection: connect timed out
2023-09-12 15:38:08,519 [ERROR] ConfigurationRetriever:142 - IOException on connection: connect timed out
2023-09-12 15:38:10,531 [ERROR] ConfigurationRetriever:142 - IOException on connection: connect timed out
2023-09-12 15:46:57,477 [ERROR] ConfigurationRetriever:142 - IOException on connection: Read timed out
2023-09-12 15:47:42,244 [ERROR] ConfigurationRetriever:142 - IOException on connection: Read timed out
2023-09-12 15:48:14,744 [ERROR] ConfigurationRetriever:142 - IOException on connection: Read timed out
2023-09-12 15:48:16,756 [ERROR] ConfigurationRetriever:142 - IOException on connection: Read timed out
2023-09-12 15:49:55,211 [ERROR] ConfigurationRetriever:142 - IOException on connection: Read timed out
2023-09-12 15:49:58,985 [ERROR] AdobePublisher:162 - Exception while opening the connection: java.net.SocketTimeoutException: Read timed out
2023-09-12 15:50:00,997 [ERROR] AdobePublisher:162 - Exception while opening the connection: java.net.SocketTimeoutException: Read timed out
2023-09-12 15:50:03,007 [ERROR] AdobePublisher:162 - Exception while opening the connection: java.net.SocketTimeoutException: Read timed out
2023-09-12 15:53:13,853 [ERROR] ConfigurationRetriever:142 - IOException on connection: Read timed out
2023-09-12 17:01:28,776 [ERROR] ConfigurationRetriever:142 - IOException on connection: connect timed out
2023-09-12 17:01:30,792 [ERROR] ConfigurationRetriever:142 - IOException on connection: connect timed out
2023-09-12 17:01:32,804 [ERROR] ConfigurationRetriever:142 - IOException on connection: connect timed out
