2024-02-05 16:00:15,651 [INFO] Activator:176 - 


2024-02-05 16:00:15,656 [INFO] Activator:177 - !SESSION log4j initialized
2024-02-05 16:00:18,506 [INFO] LogOutputStream:77 - [STDOUT_REDIRECT] 
2024-02-05 16:01:17,960 [ERROR] LogOutputStream:75 - [STDERR_REDIRECT] SLF4J: Failed to load class "org.slf4j.impl.StaticLoggerBinder".
2024-02-05 16:01:17,960 [ERROR] LogOutputStream:75 - [STDERR_REDIRECT] SLF4J: Defaulting to no-operation (NOP) logger implementation
2024-02-05 16:01:17,962 [ERROR] LogOutputStream:75 - [STDERR_REDIRECT] SLF4J: See http://www.slf4j.org/codes.html#StaticLoggerBinder for further details.
2024-02-05 17:21:19,808 [ERROR] ConfigurationRetriever:142 - IOException on connection: Read timed out
2024-02-05 17:21:21,814 [ERROR] ConfigurationRetriever:142 - IOException on connection: Read timed out
2024-02-05 17:21:23,830 [ERROR] ConfigurationRetriever:142 - IOException on connection: Read timed out
2024-02-05 17:21:41,842 [ERROR] ConfigurationRetriever:142 - IOException on connection: Read timed out
2024-02-05 17:21:43,854 [ERROR] ConfigurationRetriever:142 - IOException on connection: Read timed out
2024-02-05 17:21:45,855 [ERROR] ConfigurationRetriever:142 - IOException on connection: Read timed out
2024-02-05 17:27:29,461 [ERROR] ConfigurationRetriever:142 - IOException on connection: Read timed out
2024-02-05 17:27:31,467 [ERROR] ConfigurationRetriever:142 - IOException on connection: Read timed out
2024-02-05 17:27:33,475 [ERROR] ConfigurationRetriever:142 - IOException on connection: Read timed out
2024-02-05 17:27:55,528 [ERROR] ConfigurationRetriever:142 - IOException on connection: Read timed out
2024-02-05 17:27:57,533 [ERROR] ConfigurationRetriever:142 - IOException on connection: Read timed out
2024-02-05 17:27:59,546 [ERROR] ConfigurationRetriever:142 - IOException on connection: Read timed out
2024-02-05 17:35:46,474 [ERROR] ConfigurationRetriever:142 - IOException on connection: Read timed out
2024-02-05 17:35:48,482 [ERROR] ConfigurationRetriever:142 - IOException on connection: Read timed out
2024-02-05 17:35:50,490 [ERROR] ConfigurationRetriever:142 - IOException on connection: Read timed out
2024-02-05 17:35:55,809 [ERROR] ConfigurationRetriever:142 - IOException on connection: Read timed out
2024-02-05 17:35:57,816 [ERROR] ConfigurationRetriever:142 - IOException on connection: Read timed out
2024-02-05 17:35:59,828 [ERROR] ConfigurationRetriever:142 - IOException on connection: Read timed out
2024-02-05 17:36:43,998 [ERROR] ConfigurationRetriever:142 - IOException on connection: Read timed out
2024-02-05 17:36:46,014 [ERROR] ConfigurationRetriever:142 - IOException on connection: Read timed out
2024-02-05 17:36:48,030 [ERROR] ConfigurationRetriever:142 - IOException on connection: Read timed out
2024-02-05 17:36:58,563 [ERROR] ConfigurationRetriever:142 - IOException on connection: Read timed out
2024-02-05 17:37:00,566 [ERROR] ConfigurationRetriever:142 - IOException on connection: Read timed out
2024-02-05 17:37:02,582 [ERROR] ConfigurationRetriever:142 - IOException on connection: Read timed out
2024-02-05 17:39:27,537 [ERROR] ConfigurationRetriever:142 - IOException on connection: Read timed out
2024-02-05 17:39:29,542 [ERROR] ConfigurationRetriever:142 - IOException on connection: Read timed out
2024-02-05 17:39:31,549 [ERROR] ConfigurationRetriever:142 - IOException on connection: Read timed out
2024-02-05 17:39:58,844 [ERROR] ConfigurationRetriever:142 - IOException on connection: Read timed out
2024-02-05 17:40:00,852 [ERROR] ConfigurationRetriever:142 - IOException on connection: Read timed out
2024-02-05 17:40:02,861 [ERROR] ConfigurationRetriever:142 - IOException on connection: Read timed out
2024-02-05 17:45:15,384 [ERROR] ConfigurationRetriever:142 - IOException on connection: Read timed out
2024-02-05 17:45:17,391 [ERROR] ConfigurationRetriever:142 - IOException on connection: Read timed out
2024-02-05 17:45:19,398 [ERROR] ConfigurationRetriever:142 - IOException on connection: Read timed out
2024-02-05 17:45:24,462 [ERROR] ConfigurationRetriever:142 - IOException on connection: Read timed out
2024-02-05 17:45:26,465 [ERROR] ConfigurationRetriever:142 - IOException on connection: Read timed out
2024-02-05 17:45:28,470 [ERROR] ConfigurationRetriever:142 - IOException on connection: Read timed out
2024-02-05 17:47:32,487 [ERROR] ConfigurationRetriever:142 - IOException on connection: Read timed out
2024-02-05 17:47:34,504 [ERROR] ConfigurationRetriever:142 - IOException on connection: Read timed out
2024-02-05 17:47:36,518 [ERROR] ConfigurationRetriever:142 - IOException on connection: Read timed out
