2023-10-04 12:29:48,543 [INFO] Activator:176 - 


2023-10-04 12:29:48,548 [INFO] Activator:177 - !SESSION log4j initialized
2023-10-04 12:29:52,277 [INFO] LogOutputStream:77 - [STDOUT_REDIRECT] 
2023-10-04 12:29:52,543 [ERROR] ConfigurationRetriever:142 - IOException on connection: sw-center.st.com
2023-10-04 12:29:52,544 [ERROR] ConfigurationRetriever:142 - IOException on connection: sw-center.st.com
2023-10-04 12:29:52,545 [ERROR] ConfigurationRetriever:142 - IOException on connection: sw-center.st.com
2023-10-04 12:30:14,436 [ERROR] LogOutputStream:75 - [STDERR_REDIRECT] SLF4J: Failed to load class "org.slf4j.impl.StaticLoggerBinder".
2023-10-04 12:30:14,437 [ERROR] LogOutputStream:75 - [STDERR_REDIRECT] SLF4J: Defaulting to no-operation (NOP) logger implementation
2023-10-04 12:30:14,438 [ERROR] LogOutputStream:75 - [STDERR_REDIRECT] SLF4J: See http://www.slf4j.org/codes.html#StaticLoggerBinder for further details.
2023-10-04 12:35:58,136 [ERROR] ConfigurationRetriever:142 - IOException on connection: sw-center.st.com
2023-10-04 12:35:58,137 [ERROR] ConfigurationRetriever:142 - IOException on connection: sw-center.st.com
2023-10-04 12:35:58,137 [ERROR] ConfigurationRetriever:142 - IOException on connection: sw-center.st.com
2023-10-04 12:36:36,661 [ERROR] ConfigurationRetriever:142 - IOException on connection: sw-center.st.com
2023-10-04 12:36:36,662 [ERROR] ConfigurationRetriever:142 - IOException on connection: sw-center.st.com
2023-10-04 12:36:36,662 [ERROR] ConfigurationRetriever:142 - IOException on connection: sw-center.st.com
2023-10-04 12:36:50,469 [ERROR] ConfigurationRetriever:142 - IOException on connection: sw-center.st.com
2023-10-04 12:36:50,470 [ERROR] ConfigurationRetriever:142 - IOException on connection: sw-center.st.com
2023-10-04 12:36:50,470 [ERROR] ConfigurationRetriever:142 - IOException on connection: sw-center.st.com
2023-10-04 12:37:11,592 [ERROR] ConfigurationRetriever:142 - IOException on connection: sw-center.st.com
2023-10-04 12:37:11,593 [ERROR] ConfigurationRetriever:142 - IOException on connection: sw-center.st.com
2023-10-04 12:37:11,594 [ERROR] ConfigurationRetriever:142 - IOException on connection: sw-center.st.com
2023-10-04 12:40:24,978 [ERROR] ConfigurationRetriever:142 - IOException on connection: sw-center.st.com
2023-10-04 12:40:24,978 [ERROR] ConfigurationRetriever:142 - IOException on connection: sw-center.st.com
2023-10-04 12:40:24,979 [ERROR] ConfigurationRetriever:142 - IOException on connection: sw-center.st.com
2023-10-04 12:40:30,521 [ERROR] ConfigurationRetriever:142 - IOException on connection: sw-center.st.com
2023-10-04 12:40:30,522 [ERROR] ConfigurationRetriever:142 - IOException on connection: sw-center.st.com
2023-10-04 12:40:30,523 [ERROR] ConfigurationRetriever:142 - IOException on connection: sw-center.st.com
2023-10-04 12:41:03,137 [ERROR] ConfigurationRetriever:142 - IOException on connection: sw-center.st.com
2023-10-04 12:41:03,137 [ERROR] ConfigurationRetriever:142 - IOException on connection: sw-center.st.com
2023-10-04 12:41:03,137 [ERROR] ConfigurationRetriever:142 - IOException on connection: sw-center.st.com
2023-10-04 12:41:08,126 [ERROR] ConfigurationRetriever:142 - IOException on connection: sw-center.st.com
2023-10-04 12:41:08,126 [ERROR] ConfigurationRetriever:142 - IOException on connection: sw-center.st.com
2023-10-04 12:41:08,126 [ERROR] ConfigurationRetriever:142 - IOException on connection: sw-center.st.com
2023-10-04 13:12:18,377 [ERROR] ConfigurationRetriever:142 - IOException on connection: Read timed out
2023-10-04 13:37:28,834 [ERROR] AdobePublisher:162 - Exception while opening the connection: java.net.SocketTimeoutException: connect timed out
2023-10-04 13:37:30,846 [ERROR] AdobePublisher:162 - Exception while opening the connection: java.net.SocketTimeoutException: connect timed out
2023-10-04 13:37:32,855 [ERROR] AdobePublisher:162 - Exception while opening the connection: java.net.SocketTimeoutException: connect timed out
2023-10-04 13:37:34,859 [ERROR] AdobePublisher:162 - Exception while opening the connection: java.net.SocketTimeoutException: connect timed out
2023-10-04 13:37:36,871 [ERROR] AdobePublisher:162 - Exception while opening the connection: java.net.SocketTimeoutException: connect timed out
