2024-01-18 10:21:02,583 [ERROR] ConfigurationRetriever:142 - IOException on connection: Read timed out
2024-01-18 10:21:04,591 [ERROR] ConfigurationRetriever:142 - IOException on connection: Read timed out
2024-01-18 11:48:15,972 [ERROR] AdobePublisher:162 - Exception while opening the connection: java.net.SocketTimeoutException: connect timed out
2024-01-18 12:00:19,911 [ERROR] AdobePublisher:162 - Exception while opening the connection: java.net.SocketTimeoutException: connect timed out
2024-01-18 12:00:25,143 [ERROR] ConfigurationRetriever:142 - IOException on connection: Read timed out
2024-01-18 12:08:13,109 [ERROR] ConfigurationRetriever:142 - IOException on connection: Read timed out
2024-01-18 12:12:57,545 [ERROR] ConfigurationRetriever:142 - IOException on connection: Read timed out
2024-01-18 12:12:59,558 [ERROR] ConfigurationRetriever:142 - IOException on connection: Read timed out
2024-01-18 12:13:02,573 [ERROR] ConfigurationRetriever:142 - IOException on connection: Read timed out
2024-01-18 12:13:04,608 [ERROR] ConfigurationRetriever:142 - IOException on connection: Read timed out
2024-01-18 12:13:06,629 [ERROR] ConfigurationRetriever:142 - IOException on connection: Read timed out
2024-01-18 12:13:08,640 [ERROR] ConfigurationRetriever:142 - IOException on connection: Read timed out
2024-01-18 12:46:56,217 [INFO] Activator:176 - 


2024-01-18 12:46:56,219 [INFO] Activator:177 - !SESSION log4j initialized
2024-01-18 12:47:03,027 [INFO] LogOutputStream:77 - [STDOUT_REDIRECT] 
2024-01-18 12:47:33,770 [ERROR] LogOutputStream:75 - [STDERR_REDIRECT] SLF4J: Failed to load class "org.slf4j.impl.StaticLoggerBinder".
2024-01-18 12:47:33,770 [ERROR] LogOutputStream:75 - [STDERR_REDIRECT] SLF4J: Defaulting to no-operation (NOP) logger implementation
2024-01-18 12:47:33,772 [ERROR] LogOutputStream:75 - [STDERR_REDIRECT] SLF4J: See http://www.slf4j.org/codes.html#StaticLoggerBinder for further details.
2024-01-18 13:05:50,705 [INFO] Activator:176 - 


2024-01-18 13:05:50,707 [INFO] Activator:177 - !SESSION log4j initialized
2024-01-18 13:05:55,258 [INFO] LogOutputStream:77 - [STDOUT_REDIRECT] 
2024-01-18 13:06:20,984 [ERROR] LogOutputStream:75 - [STDERR_REDIRECT] SLF4J: Failed to load class "org.slf4j.impl.StaticLoggerBinder".
2024-01-18 13:06:20,985 [ERROR] LogOutputStream:75 - [STDERR_REDIRECT] SLF4J: Defaulting to no-operation (NOP) logger implementation
2024-01-18 13:06:20,986 [ERROR] LogOutputStream:75 - [STDERR_REDIRECT] SLF4J: See http://www.slf4j.org/codes.html#StaticLoggerBinder for further details.
2024-01-18 13:59:26,286 [ERROR] ConfigurationRetriever:142 - IOException on connection: connect timed out
2024-01-18 14:02:42,288 [ERROR] AdobePublisher:183 - Exception while getting the server answer: java.net.SocketTimeoutException: Read timed out
2024-01-18 14:04:31,765 [ERROR] ConfigurationRetriever:142 - IOException on connection: connect timed out
2024-01-18 14:04:33,770 [ERROR] ConfigurationRetriever:142 - IOException on connection: connect timed out
2024-01-18 18:09:53,954 [ERROR] ConfigurationRetriever:142 - IOException on connection: sw-center.st.com
2024-01-18 18:09:53,955 [ERROR] ConfigurationRetriever:142 - IOException on connection: sw-center.st.com
2024-01-18 18:09:53,955 [ERROR] ConfigurationRetriever:142 - IOException on connection: sw-center.st.com
2024-01-18 18:10:00,602 [ERROR] ConfigurationRetriever:142 - IOException on connection: sw-center.st.com
2024-01-18 18:10:00,603 [ERROR] ConfigurationRetriever:142 - IOException on connection: sw-center.st.com
2024-01-18 18:10:00,603 [ERROR] ConfigurationRetriever:142 - IOException on connection: sw-center.st.com
2024-01-18 18:10:53,683 [ERROR] ConfigurationRetriever:142 - IOException on connection: sw-center.st.com
2024-01-18 18:10:53,684 [ERROR] ConfigurationRetriever:142 - IOException on connection: sw-center.st.com
2024-01-18 18:10:53,684 [ERROR] ConfigurationRetriever:142 - IOException on connection: sw-center.st.com
2024-01-18 18:10:59,557 [ERROR] ConfigurationRetriever:142 - IOException on connection: sw-center.st.com
2024-01-18 18:10:59,558 [ERROR] ConfigurationRetriever:142 - IOException on connection: sw-center.st.com
2024-01-18 18:10:59,558 [ERROR] ConfigurationRetriever:142 - IOException on connection: sw-center.st.com
2024-01-18 18:15:10,163 [ERROR] ConfigurationRetriever:142 - IOException on connection: sw-center.st.com
2024-01-18 18:15:10,163 [ERROR] ConfigurationRetriever:142 - IOException on connection: sw-center.st.com
2024-01-18 18:15:10,164 [ERROR] ConfigurationRetriever:142 - IOException on connection: sw-center.st.com
2024-01-18 18:15:15,818 [ERROR] ConfigurationRetriever:142 - IOException on connection: sw-center.st.com
2024-01-18 18:15:15,819 [ERROR] ConfigurationRetriever:142 - IOException on connection: sw-center.st.com
2024-01-18 18:15:15,819 [ERROR] ConfigurationRetriever:142 - IOException on connection: sw-center.st.com
